ERROR - 2023-11-30 09:06:44 --> mysqli_sql_exception: Duplicate entry '0' for key 'PRIMARY' in C:\xampp81\htdocs\tesprogrammer\system\Database\MySQLi\Connection.php:306
Stack trace:
#0 C:\xampp81\htdocs\tesprogrammer\system\Database\MySQLi\Connection.php(306): mysqli->query('INSERT INTO `st...', 0)
#1 C:\xampp81\htdocs\tesprogrammer\system\Database\BaseConnection.php(693): CodeIgniter\Database\MySQLi\Connection->execute('INSERT INTO `st...')
#2 C:\xampp81\htdocs\tesprogrammer\system\Database\BaseConnection.php(607): CodeIgniter\Database\BaseConnection->simpleQuery('INSERT INTO `st...')
#3 C:\xampp81\htdocs\tesprogrammer\system\Database\BaseBuilder.php(2308): CodeIgniter\Database\BaseConnection->query('INSERT INTO `st...', Array, false)
#4 C:\xampp81\htdocs\tesprogrammer\system\Model.php(319): CodeIgniter\Database\BaseBuilder->insert()
#5 C:\xampp81\htdocs\tesprogrammer\system\BaseModel.php(788): CodeIgniter\Model->doInsert(Array)
#6 C:\xampp81\htdocs\tesprogrammer\system\Model.php(715): CodeIgniter\BaseModel->insert(Array, true)
#7 C:\xampp81\htdocs\tesprogrammer\app\Controllers\Status.php(102): CodeIgniter\Model->insert(Array)
#8 C:\xampp81\htdocs\tesprogrammer\system\CodeIgniter.php(942): App\Controllers\Status->postSave()
#9 C:\xampp81\htdocs\tesprogrammer\system\CodeIgniter.php(502): CodeIgniter\CodeIgniter->runController(Object(App\Controllers\Status))
#10 C:\xampp81\htdocs\tesprogrammer\system\CodeIgniter.php(361): CodeIgniter\CodeIgniter->handleRequest(NULL, Object(Config\Cache), false)
#11 C:\xampp81\htdocs\tesprogrammer\public\index.php(79): CodeIgniter\CodeIgniter->run()
#12 C:\xampp81\htdocs\tesprogrammer\system\Commands\Server\rewrite.php(47): require_once('C:\\xampp81\\htdo...')
#13 {main}
CRITICAL - 2023-11-30 09:06:44 --> Duplicate entry '0' for key 'PRIMARY'
in SYSTEMPATH\Database\BaseConnection.php on line 647.
 1 SYSTEMPATH\Database\BaseBuilder.php(2308): CodeIgniter\Database\BaseConnection->query('INSERT INTO `status` (`nama_status`) VALUES (:nama_status:)', [...], false)
 2 SYSTEMPATH\Model.php(319): CodeIgniter\Database\BaseBuilder->insert()
 3 SYSTEMPATH\BaseModel.php(788): CodeIgniter\Model->doInsert([...])
 4 SYSTEMPATH\Model.php(715): CodeIgniter\BaseModel->insert([...], true)
 5 APPPATH\Controllers\Status.php(102): CodeIgniter\Model->insert([...])
 6 SYSTEMPATH\CodeIgniter.php(942): App\Controllers\Status->postSave()
 7 SYSTEMPATH\CodeIgniter.php(502): CodeIgniter\CodeIgniter->runController(Object(App\Controllers\Status))
 8 SYSTEMPATH\CodeIgniter.php(361): CodeIgniter\CodeIgniter->handleRequest(null, Object(Config\Cache), false)
 9 FCPATH\index.php(79): CodeIgniter\CodeIgniter->run()
10 SYSTEMPATH\Commands\Server\rewrite.php(47): require_once('C:\\xampp81\\htdocs\\tesprogrammer\\public\\index.php')
ERROR - 2023-11-30 09:07:12 --> mysqli_sql_exception: Duplicate entry '0' for key 'PRIMARY' in C:\xampp81\htdocs\tesprogrammer\system\Database\MySQLi\Connection.php:306
Stack trace:
#0 C:\xampp81\htdocs\tesprogrammer\system\Database\MySQLi\Connection.php(306): mysqli->query('INSERT INTO `st...', 0)
#1 C:\xampp81\htdocs\tesprogrammer\system\Database\BaseConnection.php(693): CodeIgniter\Database\MySQLi\Connection->execute('INSERT INTO `st...')
#2 C:\xampp81\htdocs\tesprogrammer\system\Database\BaseConnection.php(607): CodeIgniter\Database\BaseConnection->simpleQuery('INSERT INTO `st...')
#3 C:\xampp81\htdocs\tesprogrammer\system\Database\BaseBuilder.php(2308): CodeIgniter\Database\BaseConnection->query('INSERT INTO `st...', Array, false)
#4 C:\xampp81\htdocs\tesprogrammer\system\Model.php(319): CodeIgniter\Database\BaseBuilder->insert()
#5 C:\xampp81\htdocs\tesprogrammer\system\BaseModel.php(788): CodeIgniter\Model->doInsert(Array)
#6 C:\xampp81\htdocs\tesprogrammer\system\Model.php(715): CodeIgniter\BaseModel->insert(Array, true)
#7 C:\xampp81\htdocs\tesprogrammer\app\Controllers\Status.php(102): CodeIgniter\Model->insert(Array)
#8 C:\xampp81\htdocs\tesprogrammer\system\CodeIgniter.php(942): App\Controllers\Status->postSave()
#9 C:\xampp81\htdocs\tesprogrammer\system\CodeIgniter.php(502): CodeIgniter\CodeIgniter->runController(Object(App\Controllers\Status))
#10 C:\xampp81\htdocs\tesprogrammer\system\CodeIgniter.php(361): CodeIgniter\CodeIgniter->handleRequest(NULL, Object(Config\Cache), false)
#11 C:\xampp81\htdocs\tesprogrammer\public\index.php(79): CodeIgniter\CodeIgniter->run()
#12 C:\xampp81\htdocs\tesprogrammer\system\Commands\Server\rewrite.php(47): require_once('C:\\xampp81\\htdo...')
#13 {main}
CRITICAL - 2023-11-30 09:07:12 --> Duplicate entry '0' for key 'PRIMARY'
in SYSTEMPATH\Database\BaseConnection.php on line 647.
 1 SYSTEMPATH\Database\BaseBuilder.php(2308): CodeIgniter\Database\BaseConnection->query('INSERT INTO `status` (`nama_status`) VALUES (:nama_status:)', [...], false)
 2 SYSTEMPATH\Model.php(319): CodeIgniter\Database\BaseBuilder->insert()
 3 SYSTEMPATH\BaseModel.php(788): CodeIgniter\Model->doInsert([...])
 4 SYSTEMPATH\Model.php(715): CodeIgniter\BaseModel->insert([...], true)
 5 APPPATH\Controllers\Status.php(102): CodeIgniter\Model->insert([...])
 6 SYSTEMPATH\CodeIgniter.php(942): App\Controllers\Status->postSave()
 7 SYSTEMPATH\CodeIgniter.php(502): CodeIgniter\CodeIgniter->runController(Object(App\Controllers\Status))
 8 SYSTEMPATH\CodeIgniter.php(361): CodeIgniter\CodeIgniter->handleRequest(null, Object(Config\Cache), false)
 9 FCPATH\index.php(79): CodeIgniter\CodeIgniter->run()
10 SYSTEMPATH\Commands\Server\rewrite.php(47): require_once('C:\\xampp81\\htdocs\\tesprogrammer\\public\\index.php')
CRITICAL - 2023-11-30 09:12:41 --> Undefined variable $instansi
in APPPATH\Views\layout\header.php on line 8.
 1 APPPATH\Views\layout\header.php(8): CodeIgniter\Debug\Exceptions->errorHandler(2, 'Undefined variable $instansi', 'C:\\xampp81\\htdocs\\tesprogrammer\\app\\Views\\layout\\header.php', 8)
 2 SYSTEMPATH\View\View.php(228): include('C:\\xampp81\\htdocs\\tesprogrammer\\app\\Views\\layout\\header.php')
 3 SYSTEMPATH\View\View.php(231): CodeIgniter\View\View->CodeIgniter\View\{closure}()
 4 SYSTEMPATH\View\View.php(469): CodeIgniter\View\View->render('layout/header', null, true)
 5 APPPATH\Views\layout\master.php(2): CodeIgniter\View\View->include('layout/header')
 6 SYSTEMPATH\View\View.php(228): include('C:\\xampp81\\htdocs\\tesprogrammer\\app\\Views\\layout\\master.php')
 7 SYSTEMPATH\View\View.php(231): CodeIgniter\View\View->CodeIgniter\View\{closure}()
 8 SYSTEMPATH\View\View.php(244): CodeIgniter\View\View->render('layout/master', [], true)
 9 SYSTEMPATH\Common.php(1190): CodeIgniter\View\View->render('kategori/index', [], true)
10 APPPATH\Controllers\Kategori.php(27): view('kategori/index', [...])
11 SYSTEMPATH\CodeIgniter.php(942): App\Controllers\Kategori->getIndex()
12 SYSTEMPATH\CodeIgniter.php(502): CodeIgniter\CodeIgniter->runController(Object(App\Controllers\Kategori))
13 SYSTEMPATH\CodeIgniter.php(361): CodeIgniter\CodeIgniter->handleRequest(null, Object(Config\Cache), false)
14 FCPATH\index.php(79): CodeIgniter\CodeIgniter->run()
15 SYSTEMPATH\Commands\Server\rewrite.php(47): require_once('C:\\xampp81\\htdocs\\tesprogrammer\\public\\index.php')
CRITICAL - 2023-11-30 09:49:08 --> Class "App\Models\ProdukModel" not found
in APPPATH\Controllers\Produk.php on line 16.
 1 SYSTEMPATH\CodeIgniter.php(914): App\Controllers\Produk->__construct()
 2 SYSTEMPATH\CodeIgniter.php(493): CodeIgniter\CodeIgniter->createController()
 3 SYSTEMPATH\CodeIgniter.php(361): CodeIgniter\CodeIgniter->handleRequest(null, Object(Config\Cache), false)
 4 FCPATH\index.php(79): CodeIgniter\CodeIgniter->run()
 5 SYSTEMPATH\Commands\Server\rewrite.php(47): require_once('C:\\xampp81\\htdocs\\tesprogrammer\\public\\index.php')
CRITICAL - 2023-11-30 09:49:25 --> Undefined property: stdClass::$id
in APPPATH\Views\produk\form.php on line 36.
 1 APPPATH\Views\produk\form.php(36): CodeIgniter\Debug\Exceptions->errorHandler(2, 'Undefined property: stdClass::$id', 'C:\\xampp81\\htdocs\\tesprogrammer\\app\\Views\\produk\\form.php', 36)
 2 SYSTEMPATH\View\View.php(228): include('C:\\xampp81\\htdocs\\tesprogrammer\\app\\Views\\produk\\form.php')
 3 SYSTEMPATH\View\View.php(231): CodeIgniter\View\View->CodeIgniter\View\{closure}()
 4 SYSTEMPATH\Common.php(1190): CodeIgniter\View\View->render('produk/form', [], true)
 5 APPPATH\Controllers\Produk.php(47): view('produk/form', [...])
 6 SYSTEMPATH\CodeIgniter.php(942): App\Controllers\Produk->getAdd()
 7 SYSTEMPATH\CodeIgniter.php(502): CodeIgniter\CodeIgniter->runController(Object(App\Controllers\Produk))
 8 SYSTEMPATH\CodeIgniter.php(361): CodeIgniter\CodeIgniter->handleRequest(null, Object(Config\Cache), false)
 9 FCPATH\index.php(79): CodeIgniter\CodeIgniter->run()
10 SYSTEMPATH\Commands\Server\rewrite.php(47): require_once('C:\\xampp81\\htdocs\\tesprogrammer\\public\\index.php')
CRITICAL - 2023-11-30 09:56:10 --> Undefined property: stdClass::$id_kategori
in APPPATH\Views\produk\form.php on line 49.
 1 APPPATH\Views\produk\form.php(49): CodeIgniter\Debug\Exceptions->errorHandler(2, 'Undefined property: stdClass::$id_kategori', 'C:\\xampp81\\htdocs\\tesprogrammer\\app\\Views\\produk\\form.php', 49)
 2 SYSTEMPATH\View\View.php(228): include('C:\\xampp81\\htdocs\\tesprogrammer\\app\\Views\\produk\\form.php')
 3 SYSTEMPATH\View\View.php(231): CodeIgniter\View\View->CodeIgniter\View\{closure}()
 4 SYSTEMPATH\Common.php(1190): CodeIgniter\View\View->render('produk/form', [], true)
 5 APPPATH\Controllers\Produk.php(55): view('produk/form', [...])
 6 SYSTEMPATH\CodeIgniter.php(942): App\Controllers\Produk->getAdd()
 7 SYSTEMPATH\CodeIgniter.php(502): CodeIgniter\CodeIgniter->runController(Object(App\Controllers\Produk))
 8 SYSTEMPATH\CodeIgniter.php(361): CodeIgniter\CodeIgniter->handleRequest(null, Object(Config\Cache), false)
 9 FCPATH\index.php(79): CodeIgniter\CodeIgniter->run()
10 SYSTEMPATH\Commands\Server\rewrite.php(47): require_once('C:\\xampp81\\htdocs\\tesprogrammer\\public\\index.php')
