CRITICAL - 2023-12-01 07:12:29 --> Undefined property: stdClass::$id
in APPPATH\Controllers\Produk.php on line 67.
 1 APPPATH\Controllers\Produk.php(67): CodeIgniter\Debug\Exceptions->errorHandler(2, 'Undefined property: stdClass::$id', 'C:\\xampp81\\htdocs\\tesprogrammer\\app\\Controllers\\Produk.php', 67)
 2 SYSTEMPATH\CodeIgniter.php(942): App\Controllers\Produk->postAll()
 3 SYSTEMPATH\CodeIgniter.php(502): CodeIgniter\CodeIgniter->runController(Object(App\Controllers\Produk))
 4 SYSTEMPATH\CodeIgniter.php(361): CodeIgniter\CodeIgniter->handleRequest(null, Object(Config\Cache), false)
 5 FCPATH\index.php(79): CodeIgniter\CodeIgniter->run()
 6 SYSTEMPATH\Commands\Server\rewrite.php(47): require_once('C:\\xampp81\\htdocs\\tesprogrammer\\public\\index.php')
CRITICAL - 2023-12-01 07:12:34 --> Undefined property: stdClass::$id
in APPPATH\Controllers\Produk.php on line 67.
 1 APPPATH\Controllers\Produk.php(67): CodeIgniter\Debug\Exceptions->errorHandler(2, 'Undefined property: stdClass::$id', 'C:\\xampp81\\htdocs\\tesprogrammer\\app\\Controllers\\Produk.php', 67)
 2 SYSTEMPATH\CodeIgniter.php(942): App\Controllers\Produk->postAll()
 3 SYSTEMPATH\CodeIgniter.php(502): CodeIgniter\CodeIgniter->runController(Object(App\Controllers\Produk))
 4 SYSTEMPATH\CodeIgniter.php(361): CodeIgniter\CodeIgniter->handleRequest(null, Object(Config\Cache), false)
 5 FCPATH\index.php(79): CodeIgniter\CodeIgniter->run()
 6 SYSTEMPATH\Commands\Server\rewrite.php(47): require_once('C:\\xampp81\\htdocs\\tesprogrammer\\public\\index.php')
CRITICAL - 2023-12-01 07:13:31 --> Undefined property: stdClass::$id
in APPPATH\Controllers\Produk.php on line 67.
 1 APPPATH\Controllers\Produk.php(67): CodeIgniter\Debug\Exceptions->errorHandler(2, 'Undefined property: stdClass::$id', 'C:\\xampp81\\htdocs\\tesprogrammer\\app\\Controllers\\Produk.php', 67)
 2 SYSTEMPATH\CodeIgniter.php(942): App\Controllers\Produk->postAll()
 3 SYSTEMPATH\CodeIgniter.php(502): CodeIgniter\CodeIgniter->runController(Object(App\Controllers\Produk))
 4 SYSTEMPATH\CodeIgniter.php(361): CodeIgniter\CodeIgniter->handleRequest(null, Object(Config\Cache), false)
 5 FCPATH\index.php(79): CodeIgniter\CodeIgniter->run()
 6 SYSTEMPATH\Commands\Server\rewrite.php(47): require_once('C:\\xampp81\\htdocs\\tesprogrammer\\public\\index.php')
ERROR - 2023-12-01 07:15:26 --> mysqli_sql_exception: Unknown column 'produk.id_status' in 'on clause' in C:\xampp81\htdocs\tesprogrammer\system\Database\MySQLi\Connection.php:306
Stack trace:
#0 C:\xampp81\htdocs\tesprogrammer\system\Database\MySQLi\Connection.php(306): mysqli->query('SELECT `produk`...', 0)
#1 C:\xampp81\htdocs\tesprogrammer\system\Database\BaseConnection.php(693): CodeIgniter\Database\MySQLi\Connection->execute('SELECT `produk`...')
#2 C:\xampp81\htdocs\tesprogrammer\system\Database\BaseConnection.php(607): CodeIgniter\Database\BaseConnection->simpleQuery('SELECT `produk`...')
#3 C:\xampp81\htdocs\tesprogrammer\system\Database\BaseBuilder.php(1615): CodeIgniter\Database\BaseConnection->query('SELECT `produk`...', Array, false)
#4 C:\xampp81\htdocs\tesprogrammer\app\Models\ProdukModel.php(53): CodeIgniter\Database\BaseBuilder->get()
#5 C:\xampp81\htdocs\tesprogrammer\app\Controllers\Produk.php(63): App\Models\ProdukModel->showingalldata()
#6 C:\xampp81\htdocs\tesprogrammer\system\CodeIgniter.php(942): App\Controllers\Produk->postAll()
#7 C:\xampp81\htdocs\tesprogrammer\system\CodeIgniter.php(502): CodeIgniter\CodeIgniter->runController(Object(App\Controllers\Produk))
#8 C:\xampp81\htdocs\tesprogrammer\system\CodeIgniter.php(361): CodeIgniter\CodeIgniter->handleRequest(NULL, Object(Config\Cache), false)
#9 C:\xampp81\htdocs\tesprogrammer\public\index.php(79): CodeIgniter\CodeIgniter->run()
#10 C:\xampp81\htdocs\tesprogrammer\system\Commands\Server\rewrite.php(47): require_once('C:\\xampp81\\htdo...')
#11 {main}
CRITICAL - 2023-12-01 07:15:26 --> Unknown column 'produk.id_status' in 'on clause'
in SYSTEMPATH\Database\BaseConnection.php on line 647.
 1 SYSTEMPATH\Database\BaseBuilder.php(1615): CodeIgniter\Database\BaseConnection->query('SELECT `produk`.*, `status`.`nama_status`, `kategori`.`nama_kategori`
FROM `produk`
JOIN `status` ON `produk`.`id_status`=`status`.`id_status`
JOIN `kategori` ON `produk`.`id_kategori`=`kategori`.`id_kategori`', [], false)
 2 APPPATH\Models\ProdukModel.php(53): CodeIgniter\Database\BaseBuilder->get()
 3 APPPATH\Controllers\Produk.php(63): App\Models\ProdukModel->showingalldata()
 4 SYSTEMPATH\CodeIgniter.php(942): App\Controllers\Produk->postAll()
 5 SYSTEMPATH\CodeIgniter.php(502): CodeIgniter\CodeIgniter->runController(Object(App\Controllers\Produk))
 6 SYSTEMPATH\CodeIgniter.php(361): CodeIgniter\CodeIgniter->handleRequest(null, Object(Config\Cache), false)
 7 FCPATH\index.php(79): CodeIgniter\CodeIgniter->run()
 8 SYSTEMPATH\Commands\Server\rewrite.php(47): require_once('C:\\xampp81\\htdocs\\tesprogrammer\\public\\index.php')
ERROR - 2023-12-01 07:15:35 --> mysqli_sql_exception: Unknown column 'produk.id_status' in 'on clause' in C:\xampp81\htdocs\tesprogrammer\system\Database\MySQLi\Connection.php:306
Stack trace:
#0 C:\xampp81\htdocs\tesprogrammer\system\Database\MySQLi\Connection.php(306): mysqli->query('SELECT `produk`...', 0)
#1 C:\xampp81\htdocs\tesprogrammer\system\Database\BaseConnection.php(693): CodeIgniter\Database\MySQLi\Connection->execute('SELECT `produk`...')
#2 C:\xampp81\htdocs\tesprogrammer\system\Database\BaseConnection.php(607): CodeIgniter\Database\BaseConnection->simpleQuery('SELECT `produk`...')
#3 C:\xampp81\htdocs\tesprogrammer\system\Database\BaseBuilder.php(1615): CodeIgniter\Database\BaseConnection->query('SELECT `produk`...', Array, false)
#4 C:\xampp81\htdocs\tesprogrammer\app\Models\ProdukModel.php(53): CodeIgniter\Database\BaseBuilder->get()
#5 C:\xampp81\htdocs\tesprogrammer\app\Controllers\Produk.php(63): App\Models\ProdukModel->showingalldata()
#6 C:\xampp81\htdocs\tesprogrammer\system\CodeIgniter.php(942): App\Controllers\Produk->postAll()
#7 C:\xampp81\htdocs\tesprogrammer\system\CodeIgniter.php(502): CodeIgniter\CodeIgniter->runController(Object(App\Controllers\Produk))
#8 C:\xampp81\htdocs\tesprogrammer\system\CodeIgniter.php(361): CodeIgniter\CodeIgniter->handleRequest(NULL, Object(Config\Cache), false)
#9 C:\xampp81\htdocs\tesprogrammer\public\index.php(79): CodeIgniter\CodeIgniter->run()
#10 C:\xampp81\htdocs\tesprogrammer\system\Commands\Server\rewrite.php(47): require_once('C:\\xampp81\\htdo...')
#11 {main}
CRITICAL - 2023-12-01 07:15:35 --> Unknown column 'produk.id_status' in 'on clause'
in SYSTEMPATH\Database\BaseConnection.php on line 647.
 1 SYSTEMPATH\Database\BaseBuilder.php(1615): CodeIgniter\Database\BaseConnection->query('SELECT `produk`.*, `status`.`nama_status`, `kategori`.`nama_kategori`
FROM `produk`
JOIN `status` ON `produk`.`id_status`=`status`.`id_status`
JOIN `kategori` ON `produk`.`id_kategori`=`kategori`.`id_kategori`', [], false)
 2 APPPATH\Models\ProdukModel.php(53): CodeIgniter\Database\BaseBuilder->get()
 3 APPPATH\Controllers\Produk.php(63): App\Models\ProdukModel->showingalldata()
 4 SYSTEMPATH\CodeIgniter.php(942): App\Controllers\Produk->postAll()
 5 SYSTEMPATH\CodeIgniter.php(502): CodeIgniter\CodeIgniter->runController(Object(App\Controllers\Produk))
 6 SYSTEMPATH\CodeIgniter.php(361): CodeIgniter\CodeIgniter->handleRequest(null, Object(Config\Cache), false)
 7 FCPATH\index.php(79): CodeIgniter\CodeIgniter->run()
 8 SYSTEMPATH\Commands\Server\rewrite.php(47): require_once('C:\\xampp81\\htdocs\\tesprogrammer\\public\\index.php')
ERROR - 2023-12-01 07:16:29 --> mysqli_sql_exception: Unknown column 'produk.id_status' in 'on clause' in C:\xampp81\htdocs\tesprogrammer\system\Database\MySQLi\Connection.php:306
Stack trace:
#0 C:\xampp81\htdocs\tesprogrammer\system\Database\MySQLi\Connection.php(306): mysqli->query('SELECT `produk`...', 0)
#1 C:\xampp81\htdocs\tesprogrammer\system\Database\BaseConnection.php(693): CodeIgniter\Database\MySQLi\Connection->execute('SELECT `produk`...')
#2 C:\xampp81\htdocs\tesprogrammer\system\Database\BaseConnection.php(607): CodeIgniter\Database\BaseConnection->simpleQuery('SELECT `produk`...')
#3 C:\xampp81\htdocs\tesprogrammer\system\Database\BaseBuilder.php(1615): CodeIgniter\Database\BaseConnection->query('SELECT `produk`...', Array, false)
#4 C:\xampp81\htdocs\tesprogrammer\app\Models\ProdukModel.php(53): CodeIgniter\Database\BaseBuilder->get()
#5 C:\xampp81\htdocs\tesprogrammer\app\Controllers\Produk.php(63): App\Models\ProdukModel->showingalldata()
#6 C:\xampp81\htdocs\tesprogrammer\system\CodeIgniter.php(942): App\Controllers\Produk->postAll()
#7 C:\xampp81\htdocs\tesprogrammer\system\CodeIgniter.php(502): CodeIgniter\CodeIgniter->runController(Object(App\Controllers\Produk))
#8 C:\xampp81\htdocs\tesprogrammer\system\CodeIgniter.php(361): CodeIgniter\CodeIgniter->handleRequest(NULL, Object(Config\Cache), false)
#9 C:\xampp81\htdocs\tesprogrammer\public\index.php(79): CodeIgniter\CodeIgniter->run()
#10 C:\xampp81\htdocs\tesprogrammer\system\Commands\Server\rewrite.php(47): require_once('C:\\xampp81\\htdo...')
#11 {main}
CRITICAL - 2023-12-01 07:16:29 --> Unknown column 'produk.id_status' in 'on clause'
in SYSTEMPATH\Database\BaseConnection.php on line 647.
 1 SYSTEMPATH\Database\BaseBuilder.php(1615): CodeIgniter\Database\BaseConnection->query('SELECT `produk`.*, `status`.`nama_status`, `kategori`.`nama_kategori`
FROM `produk`
JOIN `status` ON `produk`.`id_status`=`status`.`id_status`
JOIN `kategori` ON `produk`.`id_kategori`=`kategori`.`id_kategori`', [], false)
 2 APPPATH\Models\ProdukModel.php(53): CodeIgniter\Database\BaseBuilder->get()
 3 APPPATH\Controllers\Produk.php(63): App\Models\ProdukModel->showingalldata()
 4 SYSTEMPATH\CodeIgniter.php(942): App\Controllers\Produk->postAll()
 5 SYSTEMPATH\CodeIgniter.php(502): CodeIgniter\CodeIgniter->runController(Object(App\Controllers\Produk))
 6 SYSTEMPATH\CodeIgniter.php(361): CodeIgniter\CodeIgniter->handleRequest(null, Object(Config\Cache), false)
 7 FCPATH\index.php(79): CodeIgniter\CodeIgniter->run()
 8 SYSTEMPATH\Commands\Server\rewrite.php(47): require_once('C:\\xampp81\\htdocs\\tesprogrammer\\public\\index.php')
ERROR - 2023-12-01 07:16:43 --> mysqli_sql_exception: Unknown column 'produk.id_status' in 'on clause' in C:\xampp81\htdocs\tesprogrammer\system\Database\MySQLi\Connection.php:306
Stack trace:
#0 C:\xampp81\htdocs\tesprogrammer\system\Database\MySQLi\Connection.php(306): mysqli->query('SELECT `produk`...', 0)
#1 C:\xampp81\htdocs\tesprogrammer\system\Database\BaseConnection.php(693): CodeIgniter\Database\MySQLi\Connection->execute('SELECT `produk`...')
#2 C:\xampp81\htdocs\tesprogrammer\system\Database\BaseConnection.php(607): CodeIgniter\Database\BaseConnection->simpleQuery('SELECT `produk`...')
#3 C:\xampp81\htdocs\tesprogrammer\system\Database\BaseBuilder.php(1615): CodeIgniter\Database\BaseConnection->query('SELECT `produk`...', Array, false)
#4 C:\xampp81\htdocs\tesprogrammer\app\Models\ProdukModel.php(53): CodeIgniter\Database\BaseBuilder->get()
#5 C:\xampp81\htdocs\tesprogrammer\app\Controllers\Produk.php(63): App\Models\ProdukModel->showingalldata()
#6 C:\xampp81\htdocs\tesprogrammer\system\CodeIgniter.php(942): App\Controllers\Produk->postAll()
#7 C:\xampp81\htdocs\tesprogrammer\system\CodeIgniter.php(502): CodeIgniter\CodeIgniter->runController(Object(App\Controllers\Produk))
#8 C:\xampp81\htdocs\tesprogrammer\system\CodeIgniter.php(361): CodeIgniter\CodeIgniter->handleRequest(NULL, Object(Config\Cache), false)
#9 C:\xampp81\htdocs\tesprogrammer\public\index.php(79): CodeIgniter\CodeIgniter->run()
#10 C:\xampp81\htdocs\tesprogrammer\system\Commands\Server\rewrite.php(47): require_once('C:\\xampp81\\htdo...')
#11 {main}
CRITICAL - 2023-12-01 07:16:43 --> Unknown column 'produk.id_status' in 'on clause'
in SYSTEMPATH\Database\BaseConnection.php on line 647.
 1 SYSTEMPATH\Database\BaseBuilder.php(1615): CodeIgniter\Database\BaseConnection->query('SELECT `produk`.*, `status`.`nama_status`, `kategori`.`nama_kategori`
FROM `produk`
JOIN `status` ON `produk`.`id_status`=`status`.`id_status`
JOIN `kategori` ON `produk`.`id_kategori`=`kategori`.`id_kategori`', [], false)
 2 APPPATH\Models\ProdukModel.php(53): CodeIgniter\Database\BaseBuilder->get()
 3 APPPATH\Controllers\Produk.php(63): App\Models\ProdukModel->showingalldata()
 4 SYSTEMPATH\CodeIgniter.php(942): App\Controllers\Produk->postAll()
 5 SYSTEMPATH\CodeIgniter.php(502): CodeIgniter\CodeIgniter->runController(Object(App\Controllers\Produk))
 6 SYSTEMPATH\CodeIgniter.php(361): CodeIgniter\CodeIgniter->handleRequest(null, Object(Config\Cache), false)
 7 FCPATH\index.php(79): CodeIgniter\CodeIgniter->run()
 8 SYSTEMPATH\Commands\Server\rewrite.php(47): require_once('C:\\xampp81\\htdocs\\tesprogrammer\\public\\index.php')
CRITICAL - 2023-12-01 07:18:04 --> Undefined property: stdClass::$id
in APPPATH\Controllers\Produk.php on line 68.
 1 APPPATH\Controllers\Produk.php(68): CodeIgniter\Debug\Exceptions->errorHandler(2, 'Undefined property: stdClass::$id', 'C:\\xampp81\\htdocs\\tesprogrammer\\app\\Controllers\\Produk.php', 68)
 2 SYSTEMPATH\CodeIgniter.php(942): App\Controllers\Produk->postAll()
 3 SYSTEMPATH\CodeIgniter.php(502): CodeIgniter\CodeIgniter->runController(Object(App\Controllers\Produk))
 4 SYSTEMPATH\CodeIgniter.php(361): CodeIgniter\CodeIgniter->handleRequest(null, Object(Config\Cache), false)
 5 FCPATH\index.php(79): CodeIgniter\CodeIgniter->run()
 6 SYSTEMPATH\Commands\Server\rewrite.php(47): require_once('C:\\xampp81\\htdocs\\tesprogrammer\\public\\index.php')
CRITICAL - 2023-12-01 07:20:59 --> Undefined property: stdClass::$id
in APPPATH\Controllers\Produk.php on line 69.
 1 APPPATH\Controllers\Produk.php(69): CodeIgniter\Debug\Exceptions->errorHandler(2, 'Undefined property: stdClass::$id', 'C:\\xampp81\\htdocs\\tesprogrammer\\app\\Controllers\\Produk.php', 69)
 2 SYSTEMPATH\CodeIgniter.php(942): App\Controllers\Produk->postAll()
 3 SYSTEMPATH\CodeIgniter.php(502): CodeIgniter\CodeIgniter->runController(Object(App\Controllers\Produk))
 4 SYSTEMPATH\CodeIgniter.php(361): CodeIgniter\CodeIgniter->handleRequest(null, Object(Config\Cache), false)
 5 FCPATH\index.php(79): CodeIgniter\CodeIgniter->run()
 6 SYSTEMPATH\Commands\Server\rewrite.php(47): require_once('C:\\xampp81\\htdocs\\tesprogrammer\\public\\index.php')
CRITICAL - 2023-12-01 07:22:06 --> Undefined property: stdClass::$id_product
in APPPATH\Controllers\Produk.php on line 69.
 1 APPPATH\Controllers\Produk.php(69): CodeIgniter\Debug\Exceptions->errorHandler(2, 'Undefined property: stdClass::$id_product', 'C:\\xampp81\\htdocs\\tesprogrammer\\app\\Controllers\\Produk.php', 69)
 2 SYSTEMPATH\CodeIgniter.php(942): App\Controllers\Produk->postAll()
 3 SYSTEMPATH\CodeIgniter.php(502): CodeIgniter\CodeIgniter->runController(Object(App\Controllers\Produk))
 4 SYSTEMPATH\CodeIgniter.php(361): CodeIgniter\CodeIgniter->handleRequest(null, Object(Config\Cache), false)
 5 FCPATH\index.php(79): CodeIgniter\CodeIgniter->run()
 6 SYSTEMPATH\Commands\Server\rewrite.php(47): require_once('C:\\xampp81\\htdocs\\tesprogrammer\\public\\index.php')
CRITICAL - 2023-12-01 07:22:23 --> Undefined property: stdClass::$id_product
in APPPATH\Controllers\Produk.php on line 69.
 1 APPPATH\Controllers\Produk.php(69): CodeIgniter\Debug\Exceptions->errorHandler(2, 'Undefined property: stdClass::$id_product', 'C:\\xampp81\\htdocs\\tesprogrammer\\app\\Controllers\\Produk.php', 69)
 2 SYSTEMPATH\CodeIgniter.php(942): App\Controllers\Produk->postAll()
 3 SYSTEMPATH\CodeIgniter.php(502): CodeIgniter\CodeIgniter->runController(Object(App\Controllers\Produk))
 4 SYSTEMPATH\CodeIgniter.php(361): CodeIgniter\CodeIgniter->handleRequest(null, Object(Config\Cache), false)
 5 FCPATH\index.php(79): CodeIgniter\CodeIgniter->run()
 6 SYSTEMPATH\Commands\Server\rewrite.php(47): require_once('C:\\xampp81\\htdocs\\tesprogrammer\\public\\index.php')
CRITICAL - 2023-12-01 07:25:27 --> Undefined property: stdClass::$id_product
in APPPATH\Controllers\Produk.php on line 69.
 1 APPPATH\Controllers\Produk.php(69): CodeIgniter\Debug\Exceptions->errorHandler(2, 'Undefined property: stdClass::$id_product', 'C:\\xampp81\\htdocs\\tesprogrammer\\app\\Controllers\\Produk.php', 69)
 2 SYSTEMPATH\CodeIgniter.php(942): App\Controllers\Produk->postAll()
 3 SYSTEMPATH\CodeIgniter.php(502): CodeIgniter\CodeIgniter->runController(Object(App\Controllers\Produk))
 4 SYSTEMPATH\CodeIgniter.php(361): CodeIgniter\CodeIgniter->handleRequest(null, Object(Config\Cache), false)
 5 FCPATH\index.php(79): CodeIgniter\CodeIgniter->run()
 6 SYSTEMPATH\Commands\Server\rewrite.php(47): require_once('C:\\xampp81\\htdocs\\tesprogrammer\\public\\index.php')
CRITICAL - 2023-12-01 07:26:20 --> Undefined property: stdClass::$id_product
in APPPATH\Controllers\Produk.php on line 69.
 1 APPPATH\Controllers\Produk.php(69): CodeIgniter\Debug\Exceptions->errorHandler(2, 'Undefined property: stdClass::$id_product', 'C:\\xampp81\\htdocs\\tesprogrammer\\app\\Controllers\\Produk.php', 69)
 2 SYSTEMPATH\CodeIgniter.php(942): App\Controllers\Produk->postAll()
 3 SYSTEMPATH\CodeIgniter.php(502): CodeIgniter\CodeIgniter->runController(Object(App\Controllers\Produk))
 4 SYSTEMPATH\CodeIgniter.php(361): CodeIgniter\CodeIgniter->handleRequest(null, Object(Config\Cache), false)
 5 FCPATH\index.php(79): CodeIgniter\CodeIgniter->run()
 6 SYSTEMPATH\Commands\Server\rewrite.php(47): require_once('C:\\xampp81\\htdocs\\tesprogrammer\\public\\index.php')
CRITICAL - 2023-12-01 07:27:45 --> Undefined property: stdClass::$id_product
in APPPATH\Controllers\Produk.php on line 69.
 1 APPPATH\Controllers\Produk.php(69): CodeIgniter\Debug\Exceptions->errorHandler(2, 'Undefined property: stdClass::$id_product', 'C:\\xampp81\\htdocs\\tesprogrammer\\app\\Controllers\\Produk.php', 69)
 2 SYSTEMPATH\CodeIgniter.php(942): App\Controllers\Produk->postAll()
 3 SYSTEMPATH\CodeIgniter.php(502): CodeIgniter\CodeIgniter->runController(Object(App\Controllers\Produk))
 4 SYSTEMPATH\CodeIgniter.php(361): CodeIgniter\CodeIgniter->handleRequest(null, Object(Config\Cache), false)
 5 FCPATH\index.php(79): CodeIgniter\CodeIgniter->run()
 6 SYSTEMPATH\Commands\Server\rewrite.php(47): require_once('C:\\xampp81\\htdocs\\tesprogrammer\\public\\index.php')
CRITICAL - 2023-12-01 07:28:50 --> Undefined property: stdClass::$id_product
in APPPATH\Controllers\Produk.php on line 69.
 1 APPPATH\Controllers\Produk.php(69): CodeIgniter\Debug\Exceptions->errorHandler(2, 'Undefined property: stdClass::$id_product', 'C:\\xampp81\\htdocs\\tesprogrammer\\app\\Controllers\\Produk.php', 69)
 2 SYSTEMPATH\CodeIgniter.php(942): App\Controllers\Produk->postAll()
 3 SYSTEMPATH\CodeIgniter.php(502): CodeIgniter\CodeIgniter->runController(Object(App\Controllers\Produk))
 4 SYSTEMPATH\CodeIgniter.php(361): CodeIgniter\CodeIgniter->handleRequest(null, Object(Config\Cache), false)
 5 FCPATH\index.php(79): CodeIgniter\CodeIgniter->run()
 6 SYSTEMPATH\Commands\Server\rewrite.php(47): require_once('C:\\xampp81\\htdocs\\tesprogrammer\\public\\index.php')
CRITICAL - 2023-12-01 07:29:25 --> Undefined property: stdClass::$id_product
in APPPATH\Controllers\Produk.php on line 69.
 1 APPPATH\Controllers\Produk.php(69): CodeIgniter\Debug\Exceptions->errorHandler(2, 'Undefined property: stdClass::$id_product', 'C:\\xampp81\\htdocs\\tesprogrammer\\app\\Controllers\\Produk.php', 69)
 2 SYSTEMPATH\CodeIgniter.php(942): App\Controllers\Produk->postAll()
 3 SYSTEMPATH\CodeIgniter.php(502): CodeIgniter\CodeIgniter->runController(Object(App\Controllers\Produk))
 4 SYSTEMPATH\CodeIgniter.php(361): CodeIgniter\CodeIgniter->handleRequest(null, Object(Config\Cache), false)
 5 FCPATH\index.php(79): CodeIgniter\CodeIgniter->run()
 6 SYSTEMPATH\Commands\Server\rewrite.php(47): require_once('C:\\xampp81\\htdocs\\tesprogrammer\\public\\index.php')
CRITICAL - 2023-12-01 07:30:09 --> Undefined property: stdClass::$id_product
in APPPATH\Controllers\Produk.php on line 69.
 1 APPPATH\Controllers\Produk.php(69): CodeIgniter\Debug\Exceptions->errorHandler(2, 'Undefined property: stdClass::$id_product', 'C:\\xampp81\\htdocs\\tesprogrammer\\app\\Controllers\\Produk.php', 69)
 2 SYSTEMPATH\CodeIgniter.php(942): App\Controllers\Produk->postAll()
 3 SYSTEMPATH\CodeIgniter.php(502): CodeIgniter\CodeIgniter->runController(Object(App\Controllers\Produk))
 4 SYSTEMPATH\CodeIgniter.php(361): CodeIgniter\CodeIgniter->handleRequest(null, Object(Config\Cache), false)
 5 FCPATH\index.php(79): CodeIgniter\CodeIgniter->run()
 6 SYSTEMPATH\Commands\Server\rewrite.php(47): require_once('C:\\xampp81\\htdocs\\tesprogrammer\\public\\index.php')
CRITICAL - 2023-12-01 07:30:26 --> Undefined property: stdClass::$id_product
in APPPATH\Controllers\Produk.php on line 69.
 1 APPPATH\Controllers\Produk.php(69): CodeIgniter\Debug\Exceptions->errorHandler(2, 'Undefined property: stdClass::$id_product', 'C:\\xampp81\\htdocs\\tesprogrammer\\app\\Controllers\\Produk.php', 69)
 2 SYSTEMPATH\CodeIgniter.php(942): App\Controllers\Produk->postAll()
 3 SYSTEMPATH\CodeIgniter.php(502): CodeIgniter\CodeIgniter->runController(Object(App\Controllers\Produk))
 4 SYSTEMPATH\CodeIgniter.php(361): CodeIgniter\CodeIgniter->handleRequest(null, Object(Config\Cache), false)
 5 FCPATH\index.php(79): CodeIgniter\CodeIgniter->run()
 6 SYSTEMPATH\Commands\Server\rewrite.php(47): require_once('C:\\xampp81\\htdocs\\tesprogrammer\\public\\index.php')
CRITICAL - 2023-12-01 07:31:18 --> Undefined property: stdClass::$id_product
in APPPATH\Controllers\Produk.php on line 69.
 1 APPPATH\Controllers\Produk.php(69): CodeIgniter\Debug\Exceptions->errorHandler(2, 'Undefined property: stdClass::$id_product', 'C:\\xampp81\\htdocs\\tesprogrammer\\app\\Controllers\\Produk.php', 69)
 2 SYSTEMPATH\CodeIgniter.php(942): App\Controllers\Produk->postAll()
 3 SYSTEMPATH\CodeIgniter.php(502): CodeIgniter\CodeIgniter->runController(Object(App\Controllers\Produk))
 4 SYSTEMPATH\CodeIgniter.php(361): CodeIgniter\CodeIgniter->handleRequest(null, Object(Config\Cache), false)
 5 FCPATH\index.php(79): CodeIgniter\CodeIgniter->run()
 6 SYSTEMPATH\Commands\Server\rewrite.php(47): require_once('C:\\xampp81\\htdocs\\tesprogrammer\\public\\index.php')
CRITICAL - 2023-12-01 07:34:17 --> Undefined property: stdClass::$id_product
in APPPATH\Controllers\Produk.php on line 69.
 1 APPPATH\Controllers\Produk.php(69): CodeIgniter\Debug\Exceptions->errorHandler(2, 'Undefined property: stdClass::$id_product', 'C:\\xampp81\\htdocs\\tesprogrammer\\app\\Controllers\\Produk.php', 69)
 2 SYSTEMPATH\CodeIgniter.php(942): App\Controllers\Produk->postAll()
 3 SYSTEMPATH\CodeIgniter.php(502): CodeIgniter\CodeIgniter->runController(Object(App\Controllers\Produk))
 4 SYSTEMPATH\CodeIgniter.php(361): CodeIgniter\CodeIgniter->handleRequest(null, Object(Config\Cache), false)
 5 FCPATH\index.php(79): CodeIgniter\CodeIgniter->run()
 6 SYSTEMPATH\Commands\Server\rewrite.php(47): require_once('C:\\xampp81\\htdocs\\tesprogrammer\\public\\index.php')
CRITICAL - 2023-12-01 07:43:29 --> Undefined property: stdClass::$id_product
in APPPATH\Controllers\Produk.php on line 69.
 1 APPPATH\Controllers\Produk.php(69): CodeIgniter\Debug\Exceptions->errorHandler(2, 'Undefined property: stdClass::$id_product', 'C:\\xampp81\\htdocs\\tesprogrammer\\app\\Controllers\\Produk.php', 69)
 2 SYSTEMPATH\CodeIgniter.php(942): App\Controllers\Produk->postAll()
 3 SYSTEMPATH\CodeIgniter.php(502): CodeIgniter\CodeIgniter->runController(Object(App\Controllers\Produk))
 4 SYSTEMPATH\CodeIgniter.php(361): CodeIgniter\CodeIgniter->handleRequest(null, Object(Config\Cache), false)
 5 FCPATH\index.php(79): CodeIgniter\CodeIgniter->run()
 6 SYSTEMPATH\Commands\Server\rewrite.php(47): require_once('C:\\xampp81\\htdocs\\tesprogrammer\\public\\index.php')
CRITICAL - 2023-12-01 07:45:23 --> Call to undefined method CodeIgniter\Database\MySQLi\Builder::first()
in APPPATH\Models\ProdukModel.php on line 65.
 1 APPPATH\Controllers\Produk.php(40): App\Models\ProdukModel->showingdetaildata('1')
 2 SYSTEMPATH\CodeIgniter.php(942): App\Controllers\Produk->getView('1')
 3 SYSTEMPATH\CodeIgniter.php(502): CodeIgniter\CodeIgniter->runController(Object(App\Controllers\Produk))
 4 SYSTEMPATH\CodeIgniter.php(361): CodeIgniter\CodeIgniter->handleRequest(null, Object(Config\Cache), false)
 5 FCPATH\index.php(79): CodeIgniter\CodeIgniter->run()
 6 SYSTEMPATH\Commands\Server\rewrite.php(47): require_once('C:\\xampp81\\htdocs\\tesprogrammer\\public\\index.php')
CRITICAL - 2023-12-01 08:43:24 --> Call to undefined method CodeIgniter\Database\MySQLi\Builder::first()
in APPPATH\Models\ProdukModel.php on line 65.
 1 APPPATH\Controllers\Produk.php(40): App\Models\ProdukModel->showingdetaildata('1')
 2 SYSTEMPATH\CodeIgniter.php(942): App\Controllers\Produk->getView('1')
 3 SYSTEMPATH\CodeIgniter.php(502): CodeIgniter\CodeIgniter->runController(Object(App\Controllers\Produk))
 4 SYSTEMPATH\CodeIgniter.php(361): CodeIgniter\CodeIgniter->handleRequest(null, Object(Config\Cache), false)
 5 FCPATH\index.php(79): CodeIgniter\CodeIgniter->run()
 6 SYSTEMPATH\Commands\Server\rewrite.php(47): require_once('C:\\xampp81\\htdocs\\tesprogrammer\\public\\index.php')
ERROR - 2023-12-01 08:46:07 --> mysqli_sql_exception: Unknown column 'produk.id_status' in 'on clause' in C:\xampp81\htdocs\tesprogrammer\system\Database\MySQLi\Connection.php:306
Stack trace:
#0 C:\xampp81\htdocs\tesprogrammer\system\Database\MySQLi\Connection.php(306): mysqli->query('SELECT `produk`...', 0)
#1 C:\xampp81\htdocs\tesprogrammer\system\Database\BaseConnection.php(693): CodeIgniter\Database\MySQLi\Connection->execute('SELECT `produk`...')
#2 C:\xampp81\htdocs\tesprogrammer\system\Database\BaseConnection.php(607): CodeIgniter\Database\BaseConnection->simpleQuery('SELECT `produk`...')
#3 C:\xampp81\htdocs\tesprogrammer\system\Database\BaseBuilder.php(1615): CodeIgniter\Database\BaseConnection->query('SELECT `produk`...', Array, false)
#4 C:\xampp81\htdocs\tesprogrammer\app\Models\ProdukModel.php(65): CodeIgniter\Database\BaseBuilder->get()
#5 C:\xampp81\htdocs\tesprogrammer\app\Controllers\Produk.php(40): App\Models\ProdukModel->showingdetaildata('1')
#6 C:\xampp81\htdocs\tesprogrammer\system\CodeIgniter.php(942): App\Controllers\Produk->getView('1')
#7 C:\xampp81\htdocs\tesprogrammer\system\CodeIgniter.php(502): CodeIgniter\CodeIgniter->runController(Object(App\Controllers\Produk))
#8 C:\xampp81\htdocs\tesprogrammer\system\CodeIgniter.php(361): CodeIgniter\CodeIgniter->handleRequest(NULL, Object(Config\Cache), false)
#9 C:\xampp81\htdocs\tesprogrammer\public\index.php(79): CodeIgniter\CodeIgniter->run()
#10 C:\xampp81\htdocs\tesprogrammer\system\Commands\Server\rewrite.php(47): require_once('C:\\xampp81\\htdo...')
#11 {main}
CRITICAL - 2023-12-01 08:46:07 --> Unknown column 'produk.id_status' in 'on clause'
in SYSTEMPATH\Database\BaseConnection.php on line 647.
 1 SYSTEMPATH\Database\BaseBuilder.php(1615): CodeIgniter\Database\BaseConnection->query('SELECT `produk`.*, `status`.`nama_status`, `kategori`.`nama_kategori`
FROM `produk`
JOIN `status` ON `produk`.`id_status`=`status`.`id_status`
JOIN `kategori` ON `produk`.`id_kategori`=`kategori`.`id_kategori`
WHERE `id_produk` = :id_produk:', [...], false)
 2 APPPATH\Models\ProdukModel.php(65): CodeIgniter\Database\BaseBuilder->get()
 3 APPPATH\Controllers\Produk.php(40): App\Models\ProdukModel->showingdetaildata('1')
 4 SYSTEMPATH\CodeIgniter.php(942): App\Controllers\Produk->getView('1')
 5 SYSTEMPATH\CodeIgniter.php(502): CodeIgniter\CodeIgniter->runController(Object(App\Controllers\Produk))
 6 SYSTEMPATH\CodeIgniter.php(361): CodeIgniter\CodeIgniter->handleRequest(null, Object(Config\Cache), false)
 7 FCPATH\index.php(79): CodeIgniter\CodeIgniter->run()
 8 SYSTEMPATH\Commands\Server\rewrite.php(47): require_once('C:\\xampp81\\htdocs\\tesprogrammer\\public\\index.php')
CRITICAL - 2023-12-01 08:47:07 --> Undefined property: stdClass::$status
in APPPATH\Views\produk\view.php on line 38.
 1 APPPATH\Views\produk\view.php(38): CodeIgniter\Debug\Exceptions->errorHandler(2, 'Undefined property: stdClass::$status', 'C:\\xampp81\\htdocs\\tesprogrammer\\app\\Views\\produk\\view.php', 38)
 2 SYSTEMPATH\View\View.php(228): include('C:\\xampp81\\htdocs\\tesprogrammer\\app\\Views\\produk\\view.php')
 3 SYSTEMPATH\View\View.php(231): CodeIgniter\View\View->CodeIgniter\View\{closure}()
 4 SYSTEMPATH\Common.php(1190): CodeIgniter\View\View->render('produk/view', [], true)
 5 APPPATH\Controllers\Produk.php(41): view('produk/view', [...])
 6 SYSTEMPATH\CodeIgniter.php(942): App\Controllers\Produk->getView('1')
 7 SYSTEMPATH\CodeIgniter.php(502): CodeIgniter\CodeIgniter->runController(Object(App\Controllers\Produk))
 8 SYSTEMPATH\CodeIgniter.php(361): CodeIgniter\CodeIgniter->handleRequest(null, Object(Config\Cache), false)
 9 FCPATH\index.php(79): CodeIgniter\CodeIgniter->run()
10 SYSTEMPATH\Commands\Server\rewrite.php(47): require_once('C:\\xampp81\\htdocs\\tesprogrammer\\public\\index.php')
CRITICAL - 2023-12-01 08:54:02 --> 60 : SSL certificate problem: self signed certificate in certificate chain
in SYSTEMPATH\HTTP\CURLRequest.php on line 693.
 1 SYSTEMPATH\HTTP\CURLRequest.php(693): CodeIgniter\HTTP\Exceptions\HTTPException::forCurlError('60', 'SSL certificate problem: self signed certificate in certificate chain')
 2 SYSTEMPATH\HTTP\CURLRequest.php(387): CodeIgniter\HTTP\CURLRequest->sendRequest([...])
 3 SYSTEMPATH\HTTP\CURLRequest.php(145): CodeIgniter\HTTP\CURLRequest->send('post', 'https://recruitment.fastprint.co.id/tes/api_tes_programmer')
 4 SYSTEMPATH\HTTP\CURLRequest.php(220): CodeIgniter\HTTP\CURLRequest->request('post', 'https://recruitment.fastprint.co.id/tes/api_tes_programmer', [...])
 5 APPPATH\Controllers\Produk.php(182): CodeIgniter\HTTP\CURLRequest->post('https://recruitment.fastprint.co.id/tes/api_tes_programmer', [...])
 6 SYSTEMPATH\CodeIgniter.php(942): App\Controllers\Produk->getSynproduk()
 7 SYSTEMPATH\CodeIgniter.php(502): CodeIgniter\CodeIgniter->runController(Object(App\Controllers\Produk))
 8 SYSTEMPATH\CodeIgniter.php(361): CodeIgniter\CodeIgniter->handleRequest(null, Object(Config\Cache), false)
 9 FCPATH\index.php(79): CodeIgniter\CodeIgniter->run()
10 SYSTEMPATH\Commands\Server\rewrite.php(47): require_once('C:\\xampp81\\htdocs\\tesprogrammer\\public\\index.php')
CRITICAL - 2023-12-01 08:56:01 --> 22 : The requested URL returned error: 400
in SYSTEMPATH\HTTP\CURLRequest.php on line 693.
 1 SYSTEMPATH\HTTP\CURLRequest.php(693): CodeIgniter\HTTP\Exceptions\HTTPException::forCurlError('22', 'The requested URL returned error: 400')
 2 SYSTEMPATH\HTTP\CURLRequest.php(387): CodeIgniter\HTTP\CURLRequest->sendRequest([...])
 3 SYSTEMPATH\HTTP\CURLRequest.php(145): CodeIgniter\HTTP\CURLRequest->send('post', 'https://recruitment.fastprint.co.id/tes/api_tes_programmer')
 4 SYSTEMPATH\HTTP\CURLRequest.php(220): CodeIgniter\HTTP\CURLRequest->request('post', 'https://recruitment.fastprint.co.id/tes/api_tes_programmer', [...])
 5 APPPATH\Controllers\Produk.php(182): CodeIgniter\HTTP\CURLRequest->post('https://recruitment.fastprint.co.id/tes/api_tes_programmer', [...])
 6 SYSTEMPATH\CodeIgniter.php(942): App\Controllers\Produk->getSynproduk()
 7 SYSTEMPATH\CodeIgniter.php(502): CodeIgniter\CodeIgniter->runController(Object(App\Controllers\Produk))
 8 SYSTEMPATH\CodeIgniter.php(361): CodeIgniter\CodeIgniter->handleRequest(null, Object(Config\Cache), false)
 9 FCPATH\index.php(79): CodeIgniter\CodeIgniter->run()
10 SYSTEMPATH\Commands\Server\rewrite.php(47): require_once('C:\\xampp81\\htdocs\\tesprogrammer\\public\\index.php')
CRITICAL - 2023-12-01 08:58:03 --> 22 : The requested URL returned error: 400
in SYSTEMPATH\HTTP\CURLRequest.php on line 693.
 1 SYSTEMPATH\HTTP\CURLRequest.php(693): CodeIgniter\HTTP\Exceptions\HTTPException::forCurlError('22', 'The requested URL returned error: 400')
 2 SYSTEMPATH\HTTP\CURLRequest.php(387): CodeIgniter\HTTP\CURLRequest->sendRequest([...])
 3 SYSTEMPATH\HTTP\CURLRequest.php(145): CodeIgniter\HTTP\CURLRequest->send('post', 'https://recruitment.fastprint.co.id/tes/api_tes_programmer')
 4 SYSTEMPATH\HTTP\CURLRequest.php(220): CodeIgniter\HTTP\CURLRequest->request('post', 'https://recruitment.fastprint.co.id/tes/api_tes_programmer', [...])
 5 APPPATH\Controllers\Produk.php(182): CodeIgniter\HTTP\CURLRequest->post('https://recruitment.fastprint.co.id/tes/api_tes_programmer', [...])
 6 SYSTEMPATH\CodeIgniter.php(942): App\Controllers\Produk->getSynproduk()
 7 SYSTEMPATH\CodeIgniter.php(502): CodeIgniter\CodeIgniter->runController(Object(App\Controllers\Produk))
 8 SYSTEMPATH\CodeIgniter.php(361): CodeIgniter\CodeIgniter->handleRequest(null, Object(Config\Cache), false)
 9 FCPATH\index.php(79): CodeIgniter\CodeIgniter->run()
10 SYSTEMPATH\Commands\Server\rewrite.php(47): require_once('C:\\xampp81\\htdocs\\tesprogrammer\\public\\index.php')
CRITICAL - 2023-12-01 08:59:41 --> 22 : The requested URL returned error: 400
in SYSTEMPATH\HTTP\CURLRequest.php on line 693.
 1 SYSTEMPATH\HTTP\CURLRequest.php(693): CodeIgniter\HTTP\Exceptions\HTTPException::forCurlError('22', 'The requested URL returned error: 400')
 2 SYSTEMPATH\HTTP\CURLRequest.php(387): CodeIgniter\HTTP\CURLRequest->sendRequest([...])
 3 SYSTEMPATH\HTTP\CURLRequest.php(145): CodeIgniter\HTTP\CURLRequest->send('post', 'https://recruitment.fastprint.co.id/tes/api_tes_programmer')
 4 SYSTEMPATH\HTTP\CURLRequest.php(220): CodeIgniter\HTTP\CURLRequest->request('post', 'https://recruitment.fastprint.co.id/tes/api_tes_programmer', [...])
 5 APPPATH\Controllers\Produk.php(183): CodeIgniter\HTTP\CURLRequest->post('https://recruitment.fastprint.co.id/tes/api_tes_programmer', [...])
 6 SYSTEMPATH\CodeIgniter.php(942): App\Controllers\Produk->getSynproduk()
 7 SYSTEMPATH\CodeIgniter.php(502): CodeIgniter\CodeIgniter->runController(Object(App\Controllers\Produk))
 8 SYSTEMPATH\CodeIgniter.php(361): CodeIgniter\CodeIgniter->handleRequest(null, Object(Config\Cache), false)
 9 FCPATH\index.php(79): CodeIgniter\CodeIgniter->run()
10 SYSTEMPATH\Commands\Server\rewrite.php(47): require_once('C:\\xampp81\\htdocs\\tesprogrammer\\public\\index.php')
CRITICAL - 2023-12-01 09:00:24 --> 22 : The requested URL returned error: 400
in SYSTEMPATH\HTTP\CURLRequest.php on line 693.
 1 SYSTEMPATH\HTTP\CURLRequest.php(693): CodeIgniter\HTTP\Exceptions\HTTPException::forCurlError('22', 'The requested URL returned error: 400')
 2 SYSTEMPATH\HTTP\CURLRequest.php(387): CodeIgniter\HTTP\CURLRequest->sendRequest([...])
 3 SYSTEMPATH\HTTP\CURLRequest.php(145): CodeIgniter\HTTP\CURLRequest->send('post', 'https://recruitment.fastprint.co.id/tes/api_tes_programmer')
 4 SYSTEMPATH\HTTP\CURLRequest.php(220): CodeIgniter\HTTP\CURLRequest->request('post', 'https://recruitment.fastprint.co.id/tes/api_tes_programmer', [...])
 5 APPPATH\Controllers\Produk.php(184): CodeIgniter\HTTP\CURLRequest->post('https://recruitment.fastprint.co.id/tes/api_tes_programmer', [...])
 6 SYSTEMPATH\CodeIgniter.php(942): App\Controllers\Produk->getSynproduk()
 7 SYSTEMPATH\CodeIgniter.php(502): CodeIgniter\CodeIgniter->runController(Object(App\Controllers\Produk))
 8 SYSTEMPATH\CodeIgniter.php(361): CodeIgniter\CodeIgniter->handleRequest(null, Object(Config\Cache), false)
 9 FCPATH\index.php(79): CodeIgniter\CodeIgniter->run()
10 SYSTEMPATH\Commands\Server\rewrite.php(47): require_once('C:\\xampp81\\htdocs\\tesprogrammer\\public\\index.php')
CRITICAL - 2023-12-01 09:11:58 --> Cannot use object of type stdClass as array
in APPPATH\Controllers\Produk.php on line 203.
 1 SYSTEMPATH\CodeIgniter.php(942): App\Controllers\Produk->getSynproduk()
 2 SYSTEMPATH\CodeIgniter.php(502): CodeIgniter\CodeIgniter->runController(Object(App\Controllers\Produk))
 3 SYSTEMPATH\CodeIgniter.php(361): CodeIgniter\CodeIgniter->handleRequest(null, Object(Config\Cache), false)
 4 FCPATH\index.php(79): CodeIgniter\CodeIgniter->run()
 5 SYSTEMPATH\Commands\Server\rewrite.php(47): require_once('C:\\xampp81\\htdocs\\tesprogrammer\\public\\index.php')
CRITICAL - 2023-12-01 09:12:11 --> Cannot use object of type stdClass as array
in APPPATH\Controllers\Produk.php on line 205.
 1 SYSTEMPATH\CodeIgniter.php(942): App\Controllers\Produk->getSynproduk()
 2 SYSTEMPATH\CodeIgniter.php(502): CodeIgniter\CodeIgniter->runController(Object(App\Controllers\Produk))
 3 SYSTEMPATH\CodeIgniter.php(361): CodeIgniter\CodeIgniter->handleRequest(null, Object(Config\Cache), false)
 4 FCPATH\index.php(79): CodeIgniter\CodeIgniter->run()
 5 SYSTEMPATH\Commands\Server\rewrite.php(47): require_once('C:\\xampp81\\htdocs\\tesprogrammer\\public\\index.php')
