CRITICAL - 2023-10-26 03:11:52 --> Call to undefined function validation_list_errors()
in APPPATH\Views\user\form.php on line 21.
 1 SYSTEMPATH\View\View.php(228): include()
 2 SYSTEMPATH\View\View.php(231): CodeIgniter\View\View->CodeIgniter\View\{closure}()
 3 SYSTEMPATH\Common.php(1190): CodeIgniter\View\View->render('user/form', [], true)
 4 APPPATH\Controllers\User.php(46): view('user/form', [...])
 5 SYSTEMPATH\CodeIgniter.php(942): App\Controllers\User->getAdd()
 6 SYSTEMPATH\CodeIgniter.php(502): CodeIgniter\CodeIgniter->runController(Object(App\Controllers\User))
 7 SYSTEMPATH\CodeIgniter.php(361): CodeIgniter\CodeIgniter->handleRequest(null, Object(Config\Cache), false)
 8 FCPATH\index.php(79): CodeIgniter\CodeIgniter->run()
 9 SYSTEMPATH\Commands\Server\rewrite.php(47): require_once('C:\\xampp81\\htdocs\\ci4\\public\\index.php')
ERROR - 2023-10-26 03:28:51 --> mysqli_sql_exception: Table 'antrian.username' doesn't exist in C:\xampp81\htdocs\ci4\system\Database\MySQLi\Connection.php:306
Stack trace:
#0 C:\xampp81\htdocs\ci4\system\Database\MySQLi\Connection.php(306): mysqli->query('SELECT 1\nFROM `...', 0)
#1 C:\xampp81\htdocs\ci4\system\Database\BaseConnection.php(693): CodeIgniter\Database\MySQLi\Connection->execute('SELECT 1\nFROM `...')
#2 C:\xampp81\htdocs\ci4\system\Database\BaseConnection.php(607): CodeIgniter\Database\BaseConnection->simpleQuery('SELECT 1\nFROM `...')
#3 C:\xampp81\htdocs\ci4\system\Database\BaseBuilder.php(1615): CodeIgniter\Database\BaseConnection->query('SELECT 1\nFROM `...', Array, false)
#4 C:\xampp81\htdocs\ci4\system\Validation\StrictRules\Rules.php(208): CodeIgniter\Database\BaseBuilder->get()
#5 C:\xampp81\htdocs\ci4\system\Validation\Validation.php(311): CodeIgniter\Validation\StrictRules\Rules->is_unique('tes', 'username', Array, NULL, 'username')
#6 C:\xampp81\htdocs\ci4\system\Validation\Validation.php(197): CodeIgniter\Validation\Validation->processRules('username', 'Username', 'tes', Array, Array)
#7 C:\xampp81\htdocs\ci4\app\Controllers\User.php(102): CodeIgniter\Validation\Validation->run(Array)
#8 C:\xampp81\htdocs\ci4\system\CodeIgniter.php(942): App\Controllers\User->postSave()
#9 C:\xampp81\htdocs\ci4\system\CodeIgniter.php(502): CodeIgniter\CodeIgniter->runController(Object(App\Controllers\User))
#10 C:\xampp81\htdocs\ci4\system\CodeIgniter.php(361): CodeIgniter\CodeIgniter->handleRequest(NULL, Object(Config\Cache), false)
#11 C:\xampp81\htdocs\ci4\public\index.php(79): CodeIgniter\CodeIgniter->run()
#12 C:\xampp81\htdocs\ci4\system\Commands\Server\rewrite.php(47): require_once('C:\\xampp81\\htdo...')
#13 {main}
CRITICAL - 2023-10-26 03:28:51 --> Table 'antrian.username' doesn't exist
in SYSTEMPATH\Database\BaseConnection.php on line 647.
 1 SYSTEMPATH\Database\BaseBuilder.php(1615): CodeIgniter\Database\BaseConnection->query('SELECT 1
FROM `username`
WHERE `username` = :username:
 LIMIT 1', [...], false)
 2 SYSTEMPATH\Validation\StrictRules\Rules.php(208): CodeIgniter\Database\BaseBuilder->get()
 3 SYSTEMPATH\Validation\Validation.php(311): CodeIgniter\Validation\StrictRules\Rules->is_unique('tes', 'username', [...], null, 'username')
 4 SYSTEMPATH\Validation\Validation.php(197): CodeIgniter\Validation\Validation->processRules('username', 'Username', 'tes', [...], [...])
 5 APPPATH\Controllers\User.php(102): CodeIgniter\Validation\Validation->run([...])
 6 SYSTEMPATH\CodeIgniter.php(942): App\Controllers\User->postSave()
 7 SYSTEMPATH\CodeIgniter.php(502): CodeIgniter\CodeIgniter->runController(Object(App\Controllers\User))
 8 SYSTEMPATH\CodeIgniter.php(361): CodeIgniter\CodeIgniter->handleRequest(null, Object(Config\Cache), false)
 9 FCPATH\index.php(79): CodeIgniter\CodeIgniter->run()
10 SYSTEMPATH\Commands\Server\rewrite.php(47): require_once('C:\\xampp81\\htdocs\\ci4\\public\\index.php')
ERROR - 2023-10-26 03:28:52 --> mysqli_sql_exception: Table 'antrian.username' doesn't exist in C:\xampp81\htdocs\ci4\system\Database\MySQLi\Connection.php:306
Stack trace:
#0 C:\xampp81\htdocs\ci4\system\Database\MySQLi\Connection.php(306): mysqli->query('SELECT 1\nFROM `...', 0)
#1 C:\xampp81\htdocs\ci4\system\Database\BaseConnection.php(693): CodeIgniter\Database\MySQLi\Connection->execute('SELECT 1\nFROM `...')
#2 C:\xampp81\htdocs\ci4\system\Database\BaseConnection.php(607): CodeIgniter\Database\BaseConnection->simpleQuery('SELECT 1\nFROM `...')
#3 C:\xampp81\htdocs\ci4\system\Database\BaseBuilder.php(1615): CodeIgniter\Database\BaseConnection->query('SELECT 1\nFROM `...', Array, false)
#4 C:\xampp81\htdocs\ci4\system\Validation\StrictRules\Rules.php(208): CodeIgniter\Database\BaseBuilder->get()
#5 C:\xampp81\htdocs\ci4\system\Validation\Validation.php(311): CodeIgniter\Validation\StrictRules\Rules->is_unique('tes', 'username', Array, NULL, 'username')
#6 C:\xampp81\htdocs\ci4\system\Validation\Validation.php(197): CodeIgniter\Validation\Validation->processRules('username', 'Username', 'tes', Array, Array)
#7 C:\xampp81\htdocs\ci4\app\Controllers\User.php(102): CodeIgniter\Validation\Validation->run(Array)
#8 C:\xampp81\htdocs\ci4\system\CodeIgniter.php(942): App\Controllers\User->postSave()
#9 C:\xampp81\htdocs\ci4\system\CodeIgniter.php(502): CodeIgniter\CodeIgniter->runController(Object(App\Controllers\User))
#10 C:\xampp81\htdocs\ci4\system\CodeIgniter.php(361): CodeIgniter\CodeIgniter->handleRequest(NULL, Object(Config\Cache), false)
#11 C:\xampp81\htdocs\ci4\public\index.php(79): CodeIgniter\CodeIgniter->run()
#12 C:\xampp81\htdocs\ci4\system\Commands\Server\rewrite.php(47): require_once('C:\\xampp81\\htdo...')
#13 {main}
CRITICAL - 2023-10-26 03:28:52 --> Table 'antrian.username' doesn't exist
in SYSTEMPATH\Database\BaseConnection.php on line 647.
 1 SYSTEMPATH\Database\BaseBuilder.php(1615): CodeIgniter\Database\BaseConnection->query('SELECT 1
FROM `username`
WHERE `username` = :username:
 LIMIT 1', [...], false)
 2 SYSTEMPATH\Validation\StrictRules\Rules.php(208): CodeIgniter\Database\BaseBuilder->get()
 3 SYSTEMPATH\Validation\Validation.php(311): CodeIgniter\Validation\StrictRules\Rules->is_unique('tes', 'username', [...], null, 'username')
 4 SYSTEMPATH\Validation\Validation.php(197): CodeIgniter\Validation\Validation->processRules('username', 'Username', 'tes', [...], [...])
 5 APPPATH\Controllers\User.php(102): CodeIgniter\Validation\Validation->run([...])
 6 SYSTEMPATH\CodeIgniter.php(942): App\Controllers\User->postSave()
 7 SYSTEMPATH\CodeIgniter.php(502): CodeIgniter\CodeIgniter->runController(Object(App\Controllers\User))
 8 SYSTEMPATH\CodeIgniter.php(361): CodeIgniter\CodeIgniter->handleRequest(null, Object(Config\Cache), false)
 9 FCPATH\index.php(79): CodeIgniter\CodeIgniter->run()
10 SYSTEMPATH\Commands\Server\rewrite.php(47): require_once('C:\\xampp81\\htdocs\\ci4\\public\\index.php')
CRITICAL - 2023-10-26 03:58:25 --> Call to undefined method CodeIgniter\Session\Session::set_flashdata()
in APPPATH\Controllers\User.php on line 153.
 1 SYSTEMPATH\CodeIgniter.php(942): App\Controllers\User->postSave()
 2 SYSTEMPATH\CodeIgniter.php(502): CodeIgniter\CodeIgniter->runController(Object(App\Controllers\User))
 3 SYSTEMPATH\CodeIgniter.php(361): CodeIgniter\CodeIgniter->handleRequest(null, Object(Config\Cache), false)
 4 FCPATH\index.php(79): CodeIgniter\CodeIgniter->run()
 5 SYSTEMPATH\Commands\Server\rewrite.php(47): require_once('C:\\xampp81\\htdocs\\ci4\\public\\index.php')
CRITICAL - 2023-10-26 03:59:00 --> Undefined property: CodeIgniter\View\View::$session
in APPPATH\Views\user\form.php on line 17.
 1 APPPATH\Views\user\form.php(17): CodeIgniter\Debug\Exceptions->errorHandler(2, 'Undefined property: CodeIgniter\\View\\View::$session', 'C:\\xampp81\\htdocs\\ci4\\app\\Views\\user\\form.php', 17)
 2 SYSTEMPATH\View\View.php(228): include('C:\\xampp81\\htdocs\\ci4\\app\\Views\\user\\form.php')
 3 SYSTEMPATH\View\View.php(231): CodeIgniter\View\View->CodeIgniter\View\{closure}()
 4 SYSTEMPATH\Common.php(1190): CodeIgniter\View\View->render('user/form', [], true)
 5 APPPATH\Controllers\User.php(46): view('user/form', [...])
 6 SYSTEMPATH\CodeIgniter.php(942): App\Controllers\User->getAdd('4')
 7 SYSTEMPATH\CodeIgniter.php(502): CodeIgniter\CodeIgniter->runController(Object(App\Controllers\User))
 8 SYSTEMPATH\CodeIgniter.php(361): CodeIgniter\CodeIgniter->handleRequest(null, Object(Config\Cache), false)
 9 FCPATH\index.php(79): CodeIgniter\CodeIgniter->run()
10 SYSTEMPATH\Commands\Server\rewrite.php(47): require_once('C:\\xampp81\\htdocs\\ci4\\public\\index.php')
CRITICAL - 2023-10-26 03:59:08 --> Undefined property: CodeIgniter\View\View::$session
in APPPATH\Views\user\form.php on line 17.
 1 APPPATH\Views\user\form.php(17): CodeIgniter\Debug\Exceptions->errorHandler(2, 'Undefined property: CodeIgniter\\View\\View::$session', 'C:\\xampp81\\htdocs\\ci4\\app\\Views\\user\\form.php', 17)
 2 SYSTEMPATH\View\View.php(228): include('C:\\xampp81\\htdocs\\ci4\\app\\Views\\user\\form.php')
 3 SYSTEMPATH\View\View.php(231): CodeIgniter\View\View->CodeIgniter\View\{closure}()
 4 SYSTEMPATH\Common.php(1190): CodeIgniter\View\View->render('user/form', [], true)
 5 APPPATH\Controllers\User.php(46): view('user/form', [...])
 6 SYSTEMPATH\CodeIgniter.php(942): App\Controllers\User->getAdd('4')
 7 SYSTEMPATH\CodeIgniter.php(502): CodeIgniter\CodeIgniter->runController(Object(App\Controllers\User))
 8 SYSTEMPATH\CodeIgniter.php(361): CodeIgniter\CodeIgniter->handleRequest(null, Object(Config\Cache), false)
 9 FCPATH\index.php(79): CodeIgniter\CodeIgniter->run()
10 SYSTEMPATH\Commands\Server\rewrite.php(47): require_once('C:\\xampp81\\htdocs\\ci4\\public\\index.php')
CRITICAL - 2023-10-26 04:00:34 --> Undefined property: App\Controllers\User::$session
in APPPATH\Controllers\User.php on line 19.
 1 APPPATH\Controllers\User.php(19): CodeIgniter\Debug\Exceptions->errorHandler(2, 'Undefined property: App\\Controllers\\User::$session', 'C:\\xampp81\\htdocs\\ci4\\app\\Controllers\\User.php', 19)
 2 SYSTEMPATH\CodeIgniter.php(914): App\Controllers\User->__construct()
 3 SYSTEMPATH\CodeIgniter.php(493): CodeIgniter\CodeIgniter->createController()
 4 SYSTEMPATH\CodeIgniter.php(361): CodeIgniter\CodeIgniter->handleRequest(null, Object(Config\Cache), false)
 5 FCPATH\index.php(79): CodeIgniter\CodeIgniter->run()
 6 SYSTEMPATH\Commands\Server\rewrite.php(47): require_once('C:\\xampp81\\htdocs\\ci4\\public\\index.php')
CRITICAL - 2023-10-26 04:00:37 --> Undefined property: App\Controllers\User::$session
in APPPATH\Controllers\User.php on line 19.
 1 APPPATH\Controllers\User.php(19): CodeIgniter\Debug\Exceptions->errorHandler(2, 'Undefined property: App\\Controllers\\User::$session', 'C:\\xampp81\\htdocs\\ci4\\app\\Controllers\\User.php', 19)
 2 SYSTEMPATH\CodeIgniter.php(914): App\Controllers\User->__construct()
 3 SYSTEMPATH\CodeIgniter.php(493): CodeIgniter\CodeIgniter->createController()
 4 SYSTEMPATH\CodeIgniter.php(361): CodeIgniter\CodeIgniter->handleRequest(null, Object(Config\Cache), false)
 5 FCPATH\index.php(79): CodeIgniter\CodeIgniter->run()
 6 SYSTEMPATH\Commands\Server\rewrite.php(47): require_once('C:\\xampp81\\htdocs\\ci4\\public\\index.php')
CRITICAL - 2023-10-26 04:02:09 --> Undefined property: CodeIgniter\View\View::$session
in APPPATH\Views\user\form.php on line 17.
 1 APPPATH\Views\user\form.php(17): CodeIgniter\Debug\Exceptions->errorHandler(2, 'Undefined property: CodeIgniter\\View\\View::$session', 'C:\\xampp81\\htdocs\\ci4\\app\\Views\\user\\form.php', 17)
 2 SYSTEMPATH\View\View.php(228): include('C:\\xampp81\\htdocs\\ci4\\app\\Views\\user\\form.php')
 3 SYSTEMPATH\View\View.php(231): CodeIgniter\View\View->CodeIgniter\View\{closure}()
 4 SYSTEMPATH\Common.php(1190): CodeIgniter\View\View->render('user/form', [], true)
 5 APPPATH\Controllers\User.php(50): view('user/form', [...])
 6 SYSTEMPATH\CodeIgniter.php(942): App\Controllers\User->getAdd('4')
 7 SYSTEMPATH\CodeIgniter.php(502): CodeIgniter\CodeIgniter->runController(Object(App\Controllers\User))
 8 SYSTEMPATH\CodeIgniter.php(361): CodeIgniter\CodeIgniter->handleRequest(null, Object(Config\Cache), false)
 9 FCPATH\index.php(79): CodeIgniter\CodeIgniter->run()
10 SYSTEMPATH\Commands\Server\rewrite.php(47): require_once('C:\\xampp81\\htdocs\\ci4\\public\\index.php')
CRITICAL - 2023-10-26 04:02:27 --> Call to a member function flashdata() on null
in APPPATH\Views\user\form.php on line 17.
 1 SYSTEMPATH\View\View.php(228): include()
 2 SYSTEMPATH\View\View.php(231): CodeIgniter\View\View->CodeIgniter\View\{closure}()
 3 SYSTEMPATH\Common.php(1190): CodeIgniter\View\View->render('user/form', [], true)
 4 APPPATH\Controllers\User.php(50): view('user/form', [...])
 5 SYSTEMPATH\CodeIgniter.php(942): App\Controllers\User->getAdd('4')
 6 SYSTEMPATH\CodeIgniter.php(502): CodeIgniter\CodeIgniter->runController(Object(App\Controllers\User))
 7 SYSTEMPATH\CodeIgniter.php(361): CodeIgniter\CodeIgniter->handleRequest(null, Object(Config\Cache), false)
 8 FCPATH\index.php(79): CodeIgniter\CodeIgniter->run()
 9 SYSTEMPATH\Commands\Server\rewrite.php(47): require_once('C:\\xampp81\\htdocs\\ci4\\public\\index.php')
CRITICAL - 2023-10-26 04:04:12 --> Call to a member function flashdata() on null
in APPPATH\Views\user\form.php on line 17.
 1 SYSTEMPATH\View\View.php(228): include()
 2 SYSTEMPATH\View\View.php(231): CodeIgniter\View\View->CodeIgniter\View\{closure}()
 3 SYSTEMPATH\Common.php(1190): CodeIgniter\View\View->render('user/form', [], true)
 4 APPPATH\Controllers\User.php(50): view('user/form', [...])
 5 SYSTEMPATH\CodeIgniter.php(942): App\Controllers\User->getAdd('4')
 6 SYSTEMPATH\CodeIgniter.php(502): CodeIgniter\CodeIgniter->runController(Object(App\Controllers\User))
 7 SYSTEMPATH\CodeIgniter.php(361): CodeIgniter\CodeIgniter->handleRequest(null, Object(Config\Cache), false)
 8 FCPATH\index.php(79): CodeIgniter\CodeIgniter->run()
 9 SYSTEMPATH\Commands\Server\rewrite.php(47): require_once('C:\\xampp81\\htdocs\\ci4\\public\\index.php')
CRITICAL - 2023-10-26 04:05:10 --> Call to a member function getFlashdata() on null
in APPPATH\Views\user\form.php on line 17.
 1 SYSTEMPATH\View\View.php(228): include()
 2 SYSTEMPATH\View\View.php(231): CodeIgniter\View\View->CodeIgniter\View\{closure}()
 3 SYSTEMPATH\Common.php(1190): CodeIgniter\View\View->render('user/form', [], true)
 4 APPPATH\Controllers\User.php(50): view('user/form', [...])
 5 SYSTEMPATH\CodeIgniter.php(942): App\Controllers\User->getAdd('4')
 6 SYSTEMPATH\CodeIgniter.php(502): CodeIgniter\CodeIgniter->runController(Object(App\Controllers\User))
 7 SYSTEMPATH\CodeIgniter.php(361): CodeIgniter\CodeIgniter->handleRequest(null, Object(Config\Cache), false)
 8 FCPATH\index.php(79): CodeIgniter\CodeIgniter->run()
 9 SYSTEMPATH\Commands\Server\rewrite.php(47): require_once('C:\\xampp81\\htdocs\\ci4\\public\\index.php')
CRITICAL - 2023-10-26 04:06:29 --> Call to undefined method CodeIgniter\Session\Session::set_flashdata()
in APPPATH\Controllers\User.php on line 157.
 1 SYSTEMPATH\CodeIgniter.php(942): App\Controllers\User->postSave()
 2 SYSTEMPATH\CodeIgniter.php(502): CodeIgniter\CodeIgniter->runController(Object(App\Controllers\User))
 3 SYSTEMPATH\CodeIgniter.php(361): CodeIgniter\CodeIgniter->handleRequest(null, Object(Config\Cache), false)
 4 FCPATH\index.php(79): CodeIgniter\CodeIgniter->run()
 5 SYSTEMPATH\Commands\Server\rewrite.php(47): require_once('C:\\xampp81\\htdocs\\ci4\\public\\index.php')
CRITICAL - 2023-10-26 04:07:02 --> Call to undefined method CodeIgniter\Session\Session::flashdata()
in APPPATH\Views\user\form.php on line 19.
 1 SYSTEMPATH\View\View.php(228): include()
 2 SYSTEMPATH\View\View.php(231): CodeIgniter\View\View->CodeIgniter\View\{closure}()
 3 SYSTEMPATH\Common.php(1190): CodeIgniter\View\View->render('user/form', [], true)
 4 APPPATH\Controllers\User.php(50): view('user/form', [...])
 5 SYSTEMPATH\CodeIgniter.php(942): App\Controllers\User->getAdd('4')
 6 SYSTEMPATH\CodeIgniter.php(502): CodeIgniter\CodeIgniter->runController(Object(App\Controllers\User))
 7 SYSTEMPATH\CodeIgniter.php(361): CodeIgniter\CodeIgniter->handleRequest(null, Object(Config\Cache), false)
 8 FCPATH\index.php(79): CodeIgniter\CodeIgniter->run()
 9 SYSTEMPATH\Commands\Server\rewrite.php(47): require_once('C:\\xampp81\\htdocs\\ci4\\public\\index.php')
CRITICAL - 2023-10-26 04:22:26 --> Undefined property: stdClass::$group
in APPPATH\Views\user\form.php on line 50.
 1 APPPATH\Views\user\form.php(50): CodeIgniter\Debug\Exceptions->errorHandler(2, 'Undefined property: stdClass::$group', 'C:\\xampp81\\htdocs\\ci4\\app\\Views\\user\\form.php', 50)
 2 SYSTEMPATH\View\View.php(228): include('C:\\xampp81\\htdocs\\ci4\\app\\Views\\user\\form.php')
 3 SYSTEMPATH\View\View.php(231): CodeIgniter\View\View->CodeIgniter\View\{closure}()
 4 SYSTEMPATH\Common.php(1190): CodeIgniter\View\View->render('user/form', [], true)
 5 APPPATH\Controllers\User.php(54): view('user/form', [...])
 6 SYSTEMPATH\CodeIgniter.php(942): App\Controllers\User->getAdd('5')
 7 SYSTEMPATH\CodeIgniter.php(502): CodeIgniter\CodeIgniter->runController(Object(App\Controllers\User))
 8 SYSTEMPATH\CodeIgniter.php(361): CodeIgniter\CodeIgniter->handleRequest(null, Object(Config\Cache), false)
 9 FCPATH\index.php(79): CodeIgniter\CodeIgniter->run()
10 SYSTEMPATH\Commands\Server\rewrite.php(47): require_once('C:\\xampp81\\htdocs\\ci4\\public\\index.php')
CRITICAL - 2023-10-26 06:16:49 --> CodeIgniter\Validation\Validation::withRequest(): Argument #1 ($request) must be of type CodeIgniter\HTTP\RequestInterface, null given, called in C:\xampp81\htdocs\ci4\system\Controller.php on line 152
in SYSTEMPATH\Validation\Validation.php on line 477.
 1 SYSTEMPATH\Controller.php(152): CodeIgniter\Validation\Validation->withRequest(null)
 2 APPPATH\Controllers\User.php(20): CodeIgniter\Controller->validate([...])
 3 SYSTEMPATH\CodeIgniter.php(914): App\Controllers\User->__construct()
 4 SYSTEMPATH\CodeIgniter.php(493): CodeIgniter\CodeIgniter->createController()
 5 SYSTEMPATH\CodeIgniter.php(361): CodeIgniter\CodeIgniter->handleRequest(null, Object(Config\Cache), false)
 6 FCPATH\index.php(79): CodeIgniter\CodeIgniter->run()
 7 SYSTEMPATH\Commands\Server\rewrite.php(47): require_once('C:\\xampp81\\htdocs\\ci4\\public\\index.php')
CRITICAL - 2023-10-26 06:22:06 --> CodeIgniter\Validation\Validation::withRequest(): Argument #1 ($request) must be of type CodeIgniter\HTTP\RequestInterface, null given, called in C:\xampp81\htdocs\ci4\system\Controller.php on line 152
in SYSTEMPATH\Validation\Validation.php on line 477.
 1 SYSTEMPATH\Controller.php(152): CodeIgniter\Validation\Validation->withRequest(null)
 2 APPPATH\Controllers\User.php(20): CodeIgniter\Controller->validate([...])
 3 SYSTEMPATH\CodeIgniter.php(914): App\Controllers\User->__construct()
 4 SYSTEMPATH\CodeIgniter.php(493): CodeIgniter\CodeIgniter->createController()
 5 SYSTEMPATH\CodeIgniter.php(361): CodeIgniter\CodeIgniter->handleRequest(null, Object(Config\Cache), false)
 6 FCPATH\index.php(79): CodeIgniter\CodeIgniter->run()
 7 SYSTEMPATH\Commands\Server\rewrite.php(47): require_once('C:\\xampp81\\htdocs\\ci4\\public\\index.php')
CRITICAL - 2023-10-26 06:51:13 --> Array to string conversion
in APPPATH\Views\user\form.php on line 26.
 1 APPPATH\Views\user\form.php(26): CodeIgniter\Debug\Exceptions->errorHandler(2, 'Array to string conversion', 'C:\\xampp81\\htdocs\\ci4\\app\\Views\\user\\form.php', 26)
 2 SYSTEMPATH\View\View.php(228): include('C:\\xampp81\\htdocs\\ci4\\app\\Views\\user\\form.php')
 3 SYSTEMPATH\View\View.php(231): CodeIgniter\View\View->CodeIgniter\View\{closure}()
 4 SYSTEMPATH\Common.php(1190): CodeIgniter\View\View->render('user/form', [], true)
 5 APPPATH\Controllers\User.php(54): view('user/form', [...])
 6 SYSTEMPATH\CodeIgniter.php(942): App\Controllers\User->getAdd()
 7 SYSTEMPATH\CodeIgniter.php(502): CodeIgniter\CodeIgniter->runController(Object(App\Controllers\User))
 8 SYSTEMPATH\CodeIgniter.php(361): CodeIgniter\CodeIgniter->handleRequest(null, Object(Config\Cache), false)
 9 FCPATH\index.php(79): CodeIgniter\CodeIgniter->run()
10 SYSTEMPATH\Commands\Server\rewrite.php(47): require_once('C:\\xampp81\\htdocs\\ci4\\public\\index.php')
CRITICAL - 2023-10-26 06:52:58 --> foreach() argument must be of type array|object, null given
in APPPATH\Views\user\form.php on line 27.
 1 APPPATH\Views\user\form.php(27): CodeIgniter\Debug\Exceptions->errorHandler(2, 'foreach() argument must be of type array|object, null given', 'C:\\xampp81\\htdocs\\ci4\\app\\Views\\user\\form.php', 27)
 2 SYSTEMPATH\View\View.php(228): include('C:\\xampp81\\htdocs\\ci4\\app\\Views\\user\\form.php')
 3 SYSTEMPATH\View\View.php(231): CodeIgniter\View\View->CodeIgniter\View\{closure}()
 4 SYSTEMPATH\Common.php(1190): CodeIgniter\View\View->render('user/form', [], true)
 5 APPPATH\Controllers\User.php(54): view('user/form', [...])
 6 SYSTEMPATH\CodeIgniter.php(942): App\Controllers\User->getAdd()
 7 SYSTEMPATH\CodeIgniter.php(502): CodeIgniter\CodeIgniter->runController(Object(App\Controllers\User))
 8 SYSTEMPATH\CodeIgniter.php(361): CodeIgniter\CodeIgniter->handleRequest(null, Object(Config\Cache), false)
 9 FCPATH\index.php(79): CodeIgniter\CodeIgniter->run()
10 SYSTEMPATH\Commands\Server\rewrite.php(47): require_once('C:\\xampp81\\htdocs\\ci4\\public\\index.php')
CRITICAL - 2023-10-26 06:55:48 --> syntax error, unexpected integer "3", expecting ")"
in APPPATH\Controllers\User.php on line 145.
 1 SYSTEMPATH\Autoloader\Autoloader.php(291): CodeIgniter\Autoloader\Autoloader->includeFile('C:\\xampp81\\htdocs\\ci4\\app\\Controllers\\User.php')
 2 SYSTEMPATH\Autoloader\Autoloader.php(269): CodeIgniter\Autoloader\Autoloader->loadInNamespace('App\\Controllers\\User')
 3 [internal function]: CodeIgniter\Autoloader\Autoloader->loadClass('App\\Controllers\\User')
 4 SYSTEMPATH\Router\AutoRouterImproved.php(164): class_exists('\\App\\Controllers\\User')
 5 SYSTEMPATH\Router\AutoRouterImproved.php(268): CodeIgniter\Router\AutoRouterImproved->searchFirstController()
 6 SYSTEMPATH\Router\Router.php(514): CodeIgniter\Router\AutoRouterImproved->getRoute('user/save', 'post')
 7 SYSTEMPATH\Router\Router.php(210): CodeIgniter\Router\Router->autoRoute('user/save')
 8 SYSTEMPATH\CodeIgniter.php(823): CodeIgniter\Router\Router->handle('user/save')
 9 SYSTEMPATH\CodeIgniter.php(450): CodeIgniter\CodeIgniter->tryToRouteIt(Object(CodeIgniter\Router\RouteCollection))
10 SYSTEMPATH\CodeIgniter.php(361): CodeIgniter\CodeIgniter->handleRequest(null, Object(Config\Cache), false)
11 FCPATH\index.php(79): CodeIgniter\CodeIgniter->run()
12 SYSTEMPATH\Commands\Server\rewrite.php(47): require_once('C:\\xampp81\\htdocs\\ci4\\public\\index.php')
ERROR - 2023-10-26 07:00:49 --> mysqli_sql_exception: Unknown column 'password_hash' in 'field list' in C:\xampp81\htdocs\ci4\system\Database\MySQLi\Connection.php:306
Stack trace:
#0 C:\xampp81\htdocs\ci4\system\Database\MySQLi\Connection.php(306): mysqli->query('INSERT INTO `tb...', 0)
#1 C:\xampp81\htdocs\ci4\system\Database\BaseConnection.php(693): CodeIgniter\Database\MySQLi\Connection->execute('INSERT INTO `tb...')
#2 C:\xampp81\htdocs\ci4\system\Database\BaseConnection.php(607): CodeIgniter\Database\BaseConnection->simpleQuery('INSERT INTO `tb...')
#3 C:\xampp81\htdocs\ci4\system\Database\BaseBuilder.php(2308): CodeIgniter\Database\BaseConnection->query('INSERT INTO `tb...', Array, false)
#4 C:\xampp81\htdocs\ci4\system\Model.php(319): CodeIgniter\Database\BaseBuilder->insert()
#5 C:\xampp81\htdocs\ci4\system\BaseModel.php(788): CodeIgniter\Model->doInsert(Array)
#6 C:\xampp81\htdocs\ci4\system\Model.php(715): CodeIgniter\BaseModel->insert(Array, false)
#7 C:\xampp81\htdocs\ci4\system\BaseModel.php(698): CodeIgniter\Model->insert(Array, false)
#8 C:\xampp81\htdocs\ci4\app\Controllers\User.php(122): CodeIgniter\BaseModel->save(Array)
#9 C:\xampp81\htdocs\ci4\system\CodeIgniter.php(942): App\Controllers\User->postSave()
#10 C:\xampp81\htdocs\ci4\system\CodeIgniter.php(502): CodeIgniter\CodeIgniter->runController(Object(App\Controllers\User))
#11 C:\xampp81\htdocs\ci4\system\CodeIgniter.php(361): CodeIgniter\CodeIgniter->handleRequest(NULL, Object(Config\Cache), false)
#12 C:\xampp81\htdocs\ci4\public\index.php(79): CodeIgniter\CodeIgniter->run()
#13 C:\xampp81\htdocs\ci4\system\Commands\Server\rewrite.php(47): require_once('C:\\xampp81\\htdo...')
#14 {main}
CRITICAL - 2023-10-26 07:00:49 --> Unknown column 'password_hash' in 'field list'
in SYSTEMPATH\Database\BaseConnection.php on line 647.
 1 SYSTEMPATH\Database\BaseBuilder.php(2308): CodeIgniter\Database\BaseConnection->query('INSERT INTO `tb_user` (`username`, `email`, `avatar`, `last_login`, `no_telp`, `aktif`, `password_hash`) VALUES (:username:, :email:, :avatar:, :last_login:, :no_telp:, :aktif:, :password_hash:)', [...], false)
 2 SYSTEMPATH\Model.php(319): CodeIgniter\Database\BaseBuilder->insert()
 3 SYSTEMPATH\BaseModel.php(788): CodeIgniter\Model->doInsert([...])
 4 SYSTEMPATH\Model.php(715): CodeIgniter\BaseModel->insert([...], false)
 5 SYSTEMPATH\BaseModel.php(698): CodeIgniter\Model->insert([...], false)
 6 APPPATH\Controllers\User.php(122): CodeIgniter\BaseModel->save([...])
 7 SYSTEMPATH\CodeIgniter.php(942): App\Controllers\User->postSave()
 8 SYSTEMPATH\CodeIgniter.php(502): CodeIgniter\CodeIgniter->runController(Object(App\Controllers\User))
 9 SYSTEMPATH\CodeIgniter.php(361): CodeIgniter\CodeIgniter->handleRequest(null, Object(Config\Cache), false)
10 FCPATH\index.php(79): CodeIgniter\CodeIgniter->run()
11 SYSTEMPATH\Commands\Server\rewrite.php(47): require_once('C:\\xampp81\\htdocs\\ci4\\public\\index.php')
CRITICAL - 2023-10-26 08:17:50 --> "setUnrule" is not a valid Model Event callback.
in SYSTEMPATH\BaseModel.php on line 1603.
 1 SYSTEMPATH\BaseModel.php(1603): CodeIgniter\Database\Exceptions\DataException::forInvalidMethodTriggered('setUnrule')
 2 SYSTEMPATH\BaseModel.php(943): CodeIgniter\BaseModel->trigger('beforeUpdate', [...])
 3 SYSTEMPATH\Model.php(776): CodeIgniter\BaseModel->update([...], [...])
 4 APPPATH\Controllers\User.php(113): CodeIgniter\Model->update('4', [...])
 5 SYSTEMPATH\CodeIgniter.php(942): App\Controllers\User->postSave()
 6 SYSTEMPATH\CodeIgniter.php(502): CodeIgniter\CodeIgniter->runController(Object(App\Controllers\User))
 7 SYSTEMPATH\CodeIgniter.php(361): CodeIgniter\CodeIgniter->handleRequest(null, Object(Config\Cache), false)
 8 FCPATH\index.php(79): CodeIgniter\CodeIgniter->run()
 9 SYSTEMPATH\Commands\Server\rewrite.php(47): require_once('C:\\xampp81\\htdocs\\ci4\\public\\index.php')
ERROR - 2023-10-26 09:18:40 --> mysqli_sql_exception: Table 'antrian.user' doesn't exist in C:\xampp81\htdocs\ci4\system\Database\MySQLi\Connection.php:306
Stack trace:
#0 C:\xampp81\htdocs\ci4\system\Database\MySQLi\Connection.php(306): mysqli->query('SELECT `user`.*...', 0)
#1 C:\xampp81\htdocs\ci4\system\Database\BaseConnection.php(693): CodeIgniter\Database\MySQLi\Connection->execute('SELECT `user`.*...')
#2 C:\xampp81\htdocs\ci4\system\Database\BaseConnection.php(607): CodeIgniter\Database\BaseConnection->simpleQuery('SELECT `user`.*...')
#3 C:\xampp81\htdocs\ci4\system\Database\BaseBuilder.php(1615): CodeIgniter\Database\BaseConnection->query('SELECT `user`.*...', Array, false)
#4 C:\xampp81\htdocs\ci4\app\Models\UserModel.php(76): CodeIgniter\Database\BaseBuilder->get()
#5 C:\xampp81\htdocs\ci4\app\Controllers\User.php(61): App\Models\UserModel->showingalldata()
#6 C:\xampp81\htdocs\ci4\system\CodeIgniter.php(942): App\Controllers\User->postAll()
#7 C:\xampp81\htdocs\ci4\system\CodeIgniter.php(502): CodeIgniter\CodeIgniter->runController(Object(App\Controllers\User))
#8 C:\xampp81\htdocs\ci4\system\CodeIgniter.php(361): CodeIgniter\CodeIgniter->handleRequest(NULL, Object(Config\Cache), false)
#9 C:\xampp81\htdocs\ci4\public\index.php(79): CodeIgniter\CodeIgniter->run()
#10 C:\xampp81\htdocs\ci4\system\Commands\Server\rewrite.php(47): require_once('C:\\xampp81\\htdo...')
#11 {main}
CRITICAL - 2023-10-26 09:18:40 --> Table 'antrian.user' doesn't exist
in SYSTEMPATH\Database\BaseConnection.php on line 647.
 1 SYSTEMPATH\Database\BaseBuilder.php(1615): CodeIgniter\Database\BaseConnection->query('SELECT `user`.*, `group`.`group`
FROM `user`
JOIN `group` ON `user`.`fk_group`=`group`.`id`', [], false)
 2 APPPATH\Models\UserModel.php(76): CodeIgniter\Database\BaseBuilder->get()
 3 APPPATH\Controllers\User.php(61): App\Models\UserModel->showingalldata()
 4 SYSTEMPATH\CodeIgniter.php(942): App\Controllers\User->postAll()
 5 SYSTEMPATH\CodeIgniter.php(502): CodeIgniter\CodeIgniter->runController(Object(App\Controllers\User))
 6 SYSTEMPATH\CodeIgniter.php(361): CodeIgniter\CodeIgniter->handleRequest(null, Object(Config\Cache), false)
 7 FCPATH\index.php(79): CodeIgniter\CodeIgniter->run()
 8 SYSTEMPATH\Commands\Server\rewrite.php(47): require_once('C:\\xampp81\\htdocs\\ci4\\public\\index.php')
ERROR - 2023-10-26 09:18:59 --> mysqli_sql_exception: Table 'antrian.user' doesn't exist in C:\xampp81\htdocs\ci4\system\Database\MySQLi\Connection.php:306
Stack trace:
#0 C:\xampp81\htdocs\ci4\system\Database\MySQLi\Connection.php(306): mysqli->query('SELECT `user`.*...', 0)
#1 C:\xampp81\htdocs\ci4\system\Database\BaseConnection.php(693): CodeIgniter\Database\MySQLi\Connection->execute('SELECT `user`.*...')
#2 C:\xampp81\htdocs\ci4\system\Database\BaseConnection.php(607): CodeIgniter\Database\BaseConnection->simpleQuery('SELECT `user`.*...')
#3 C:\xampp81\htdocs\ci4\system\Database\BaseBuilder.php(1615): CodeIgniter\Database\BaseConnection->query('SELECT `user`.*...', Array, false)
#4 C:\xampp81\htdocs\ci4\app\Models\UserModel.php(76): CodeIgniter\Database\BaseBuilder->get()
#5 C:\xampp81\htdocs\ci4\app\Controllers\User.php(61): App\Models\UserModel->showingalldata()
#6 C:\xampp81\htdocs\ci4\system\CodeIgniter.php(942): App\Controllers\User->postAll()
#7 C:\xampp81\htdocs\ci4\system\CodeIgniter.php(502): CodeIgniter\CodeIgniter->runController(Object(App\Controllers\User))
#8 C:\xampp81\htdocs\ci4\system\CodeIgniter.php(361): CodeIgniter\CodeIgniter->handleRequest(NULL, Object(Config\Cache), false)
#9 C:\xampp81\htdocs\ci4\public\index.php(79): CodeIgniter\CodeIgniter->run()
#10 C:\xampp81\htdocs\ci4\system\Commands\Server\rewrite.php(47): require_once('C:\\xampp81\\htdo...')
#11 {main}
CRITICAL - 2023-10-26 09:18:59 --> Table 'antrian.user' doesn't exist
in SYSTEMPATH\Database\BaseConnection.php on line 647.
 1 SYSTEMPATH\Database\BaseBuilder.php(1615): CodeIgniter\Database\BaseConnection->query('SELECT `user`.*, `group`.`group`
FROM `user`
JOIN `group` ON `user`.`fk_group`=`group`.`id`', [], false)
 2 APPPATH\Models\UserModel.php(76): CodeIgniter\Database\BaseBuilder->get()
 3 APPPATH\Controllers\User.php(61): App\Models\UserModel->showingalldata()
 4 SYSTEMPATH\CodeIgniter.php(942): App\Controllers\User->postAll()
 5 SYSTEMPATH\CodeIgniter.php(502): CodeIgniter\CodeIgniter->runController(Object(App\Controllers\User))
 6 SYSTEMPATH\CodeIgniter.php(361): CodeIgniter\CodeIgniter->handleRequest(null, Object(Config\Cache), false)
 7 FCPATH\index.php(79): CodeIgniter\CodeIgniter->run()
 8 SYSTEMPATH\Commands\Server\rewrite.php(47): require_once('C:\\xampp81\\htdocs\\ci4\\public\\index.php')
ERROR - 2023-10-26 09:19:44 --> mysqli_sql_exception: Table 'antrian.user' doesn't exist in C:\xampp81\htdocs\ci4\system\Database\MySQLi\Connection.php:306
Stack trace:
#0 C:\xampp81\htdocs\ci4\system\Database\MySQLi\Connection.php(306): mysqli->query('SELECT `user`.*...', 0)
#1 C:\xampp81\htdocs\ci4\system\Database\BaseConnection.php(693): CodeIgniter\Database\MySQLi\Connection->execute('SELECT `user`.*...')
#2 C:\xampp81\htdocs\ci4\system\Database\BaseConnection.php(607): CodeIgniter\Database\BaseConnection->simpleQuery('SELECT `user`.*...')
#3 C:\xampp81\htdocs\ci4\system\Database\BaseBuilder.php(1615): CodeIgniter\Database\BaseConnection->query('SELECT `user`.*...', Array, false)
#4 C:\xampp81\htdocs\ci4\app\Models\UserModel.php(76): CodeIgniter\Database\BaseBuilder->get()
#5 C:\xampp81\htdocs\ci4\app\Controllers\User.php(61): App\Models\UserModel->showingalldata()
#6 C:\xampp81\htdocs\ci4\system\CodeIgniter.php(942): App\Controllers\User->postAll()
#7 C:\xampp81\htdocs\ci4\system\CodeIgniter.php(502): CodeIgniter\CodeIgniter->runController(Object(App\Controllers\User))
#8 C:\xampp81\htdocs\ci4\system\CodeIgniter.php(361): CodeIgniter\CodeIgniter->handleRequest(NULL, Object(Config\Cache), false)
#9 C:\xampp81\htdocs\ci4\public\index.php(79): CodeIgniter\CodeIgniter->run()
#10 C:\xampp81\htdocs\ci4\system\Commands\Server\rewrite.php(47): require_once('C:\\xampp81\\htdo...')
#11 {main}
CRITICAL - 2023-10-26 09:19:44 --> Table 'antrian.user' doesn't exist
in SYSTEMPATH\Database\BaseConnection.php on line 647.
 1 SYSTEMPATH\Database\BaseBuilder.php(1615): CodeIgniter\Database\BaseConnection->query('SELECT `user`.*, `group`.`group`
FROM `user`
JOIN `group` ON `user`.`fk_group`=`group`.`id`', [], false)
 2 APPPATH\Models\UserModel.php(76): CodeIgniter\Database\BaseBuilder->get()
 3 APPPATH\Controllers\User.php(61): App\Models\UserModel->showingalldata()
 4 SYSTEMPATH\CodeIgniter.php(942): App\Controllers\User->postAll()
 5 SYSTEMPATH\CodeIgniter.php(502): CodeIgniter\CodeIgniter->runController(Object(App\Controllers\User))
 6 SYSTEMPATH\CodeIgniter.php(361): CodeIgniter\CodeIgniter->handleRequest(null, Object(Config\Cache), false)
 7 FCPATH\index.php(79): CodeIgniter\CodeIgniter->run()
 8 SYSTEMPATH\Commands\Server\rewrite.php(47): require_once('C:\\xampp81\\htdocs\\ci4\\public\\index.php')
ERROR - 2023-10-26 09:20:25 --> mysqli_sql_exception: Table 'antrian.user' doesn't exist in C:\xampp81\htdocs\ci4\system\Database\MySQLi\Connection.php:306
Stack trace:
#0 C:\xampp81\htdocs\ci4\system\Database\MySQLi\Connection.php(306): mysqli->query('SELECT `user`.*...', 0)
#1 C:\xampp81\htdocs\ci4\system\Database\BaseConnection.php(693): CodeIgniter\Database\MySQLi\Connection->execute('SELECT `user`.*...')
#2 C:\xampp81\htdocs\ci4\system\Database\BaseConnection.php(607): CodeIgniter\Database\BaseConnection->simpleQuery('SELECT `user`.*...')
#3 C:\xampp81\htdocs\ci4\system\Database\BaseBuilder.php(1615): CodeIgniter\Database\BaseConnection->query('SELECT `user`.*...', Array, false)
#4 C:\xampp81\htdocs\ci4\app\Models\UserModel.php(76): CodeIgniter\Database\BaseBuilder->get()
#5 C:\xampp81\htdocs\ci4\app\Controllers\User.php(61): App\Models\UserModel->showingalldata()
#6 C:\xampp81\htdocs\ci4\system\CodeIgniter.php(942): App\Controllers\User->postAll()
#7 C:\xampp81\htdocs\ci4\system\CodeIgniter.php(502): CodeIgniter\CodeIgniter->runController(Object(App\Controllers\User))
#8 C:\xampp81\htdocs\ci4\system\CodeIgniter.php(361): CodeIgniter\CodeIgniter->handleRequest(NULL, Object(Config\Cache), false)
#9 C:\xampp81\htdocs\ci4\public\index.php(79): CodeIgniter\CodeIgniter->run()
#10 C:\xampp81\htdocs\ci4\system\Commands\Server\rewrite.php(47): require_once('C:\\xampp81\\htdo...')
#11 {main}
CRITICAL - 2023-10-26 09:20:25 --> Table 'antrian.user' doesn't exist
in SYSTEMPATH\Database\BaseConnection.php on line 647.
 1 SYSTEMPATH\Database\BaseBuilder.php(1615): CodeIgniter\Database\BaseConnection->query('SELECT `user`.*, `group`.`group`
FROM `user`
JOIN `group` ON `user`.`fk_group`=`group`.`id`', [], false)
 2 APPPATH\Models\UserModel.php(76): CodeIgniter\Database\BaseBuilder->get()
 3 APPPATH\Controllers\User.php(61): App\Models\UserModel->showingalldata()
 4 SYSTEMPATH\CodeIgniter.php(942): App\Controllers\User->postAll()
 5 SYSTEMPATH\CodeIgniter.php(502): CodeIgniter\CodeIgniter->runController(Object(App\Controllers\User))
 6 SYSTEMPATH\CodeIgniter.php(361): CodeIgniter\CodeIgniter->handleRequest(null, Object(Config\Cache), false)
 7 FCPATH\index.php(79): CodeIgniter\CodeIgniter->run()
 8 SYSTEMPATH\Commands\Server\rewrite.php(47): require_once('C:\\xampp81\\htdocs\\ci4\\public\\index.php')
ERROR - 2023-10-26 09:20:50 --> mysqli_sql_exception: Table 'antrian.user' doesn't exist in C:\xampp81\htdocs\ci4\system\Database\MySQLi\Connection.php:306
Stack trace:
#0 C:\xampp81\htdocs\ci4\system\Database\MySQLi\Connection.php(306): mysqli->query('SELECT *\nFROM `...', 0)
#1 C:\xampp81\htdocs\ci4\system\Database\BaseConnection.php(693): CodeIgniter\Database\MySQLi\Connection->execute('SELECT *\nFROM `...')
#2 C:\xampp81\htdocs\ci4\system\Database\BaseConnection.php(607): CodeIgniter\Database\BaseConnection->simpleQuery('SELECT *\nFROM `...')
#3 C:\xampp81\htdocs\ci4\system\Database\BaseBuilder.php(1615): CodeIgniter\Database\BaseConnection->query('SELECT *\nFROM `...', Array, false)
#4 C:\xampp81\htdocs\ci4\app\Models\UserModel.php(76): CodeIgniter\Database\BaseBuilder->get()
#5 C:\xampp81\htdocs\ci4\app\Controllers\User.php(61): App\Models\UserModel->showingalldata()
#6 C:\xampp81\htdocs\ci4\system\CodeIgniter.php(942): App\Controllers\User->postAll()
#7 C:\xampp81\htdocs\ci4\system\CodeIgniter.php(502): CodeIgniter\CodeIgniter->runController(Object(App\Controllers\User))
#8 C:\xampp81\htdocs\ci4\system\CodeIgniter.php(361): CodeIgniter\CodeIgniter->handleRequest(NULL, Object(Config\Cache), false)
#9 C:\xampp81\htdocs\ci4\public\index.php(79): CodeIgniter\CodeIgniter->run()
#10 C:\xampp81\htdocs\ci4\system\Commands\Server\rewrite.php(47): require_once('C:\\xampp81\\htdo...')
#11 {main}
CRITICAL - 2023-10-26 09:20:50 --> Table 'antrian.user' doesn't exist
in SYSTEMPATH\Database\BaseConnection.php on line 647.
 1 SYSTEMPATH\Database\BaseBuilder.php(1615): CodeIgniter\Database\BaseConnection->query('SELECT *
FROM `user`
JOIN `group` ON `user`.`fk_group`=`group`.`id`', [], false)
 2 APPPATH\Models\UserModel.php(76): CodeIgniter\Database\BaseBuilder->get()
 3 APPPATH\Controllers\User.php(61): App\Models\UserModel->showingalldata()
 4 SYSTEMPATH\CodeIgniter.php(942): App\Controllers\User->postAll()
 5 SYSTEMPATH\CodeIgniter.php(502): CodeIgniter\CodeIgniter->runController(Object(App\Controllers\User))
 6 SYSTEMPATH\CodeIgniter.php(361): CodeIgniter\CodeIgniter->handleRequest(null, Object(Config\Cache), false)
 7 FCPATH\index.php(79): CodeIgniter\CodeIgniter->run()
 8 SYSTEMPATH\Commands\Server\rewrite.php(47): require_once('C:\\xampp81\\htdocs\\ci4\\public\\index.php')
ERROR - 2023-10-26 09:20:59 --> mysqli_sql_exception: Table 'antrian.user' doesn't exist in C:\xampp81\htdocs\ci4\system\Database\MySQLi\Connection.php:306
Stack trace:
#0 C:\xampp81\htdocs\ci4\system\Database\MySQLi\Connection.php(306): mysqli->query('SELECT *\nFROM `...', 0)
#1 C:\xampp81\htdocs\ci4\system\Database\BaseConnection.php(693): CodeIgniter\Database\MySQLi\Connection->execute('SELECT *\nFROM `...')
#2 C:\xampp81\htdocs\ci4\system\Database\BaseConnection.php(607): CodeIgniter\Database\BaseConnection->simpleQuery('SELECT *\nFROM `...')
#3 C:\xampp81\htdocs\ci4\system\Database\BaseBuilder.php(1615): CodeIgniter\Database\BaseConnection->query('SELECT *\nFROM `...', Array, false)
#4 C:\xampp81\htdocs\ci4\app\Models\UserModel.php(76): CodeIgniter\Database\BaseBuilder->get()
#5 C:\xampp81\htdocs\ci4\app\Controllers\User.php(61): App\Models\UserModel->showingalldata()
#6 C:\xampp81\htdocs\ci4\system\CodeIgniter.php(942): App\Controllers\User->postAll()
#7 C:\xampp81\htdocs\ci4\system\CodeIgniter.php(502): CodeIgniter\CodeIgniter->runController(Object(App\Controllers\User))
#8 C:\xampp81\htdocs\ci4\system\CodeIgniter.php(361): CodeIgniter\CodeIgniter->handleRequest(NULL, Object(Config\Cache), false)
#9 C:\xampp81\htdocs\ci4\public\index.php(79): CodeIgniter\CodeIgniter->run()
#10 C:\xampp81\htdocs\ci4\system\Commands\Server\rewrite.php(47): require_once('C:\\xampp81\\htdo...')
#11 {main}
CRITICAL - 2023-10-26 09:20:59 --> Table 'antrian.user' doesn't exist
in SYSTEMPATH\Database\BaseConnection.php on line 647.
 1 SYSTEMPATH\Database\BaseBuilder.php(1615): CodeIgniter\Database\BaseConnection->query('SELECT *
FROM `user`
JOIN `group` ON `user`.`fk_group`=`group`.`id`', [], false)
 2 APPPATH\Models\UserModel.php(76): CodeIgniter\Database\BaseBuilder->get()
 3 APPPATH\Controllers\User.php(61): App\Models\UserModel->showingalldata()
 4 SYSTEMPATH\CodeIgniter.php(942): App\Controllers\User->postAll()
 5 SYSTEMPATH\CodeIgniter.php(502): CodeIgniter\CodeIgniter->runController(Object(App\Controllers\User))
 6 SYSTEMPATH\CodeIgniter.php(361): CodeIgniter\CodeIgniter->handleRequest(null, Object(Config\Cache), false)
 7 FCPATH\index.php(79): CodeIgniter\CodeIgniter->run()
 8 SYSTEMPATH\Commands\Server\rewrite.php(47): require_once('C:\\xampp81\\htdocs\\ci4\\public\\index.php')
ERROR - 2023-10-26 09:22:20 --> mysqli_sql_exception: Table 'antrian.user' doesn't exist in C:\xampp81\htdocs\ci4\system\Database\MySQLi\Connection.php:306
Stack trace:
#0 C:\xampp81\htdocs\ci4\system\Database\MySQLi\Connection.php(306): mysqli->query('SELECT *\nFROM `...', 0)
#1 C:\xampp81\htdocs\ci4\system\Database\BaseConnection.php(693): CodeIgniter\Database\MySQLi\Connection->execute('SELECT *\nFROM `...')
#2 C:\xampp81\htdocs\ci4\system\Database\BaseConnection.php(607): CodeIgniter\Database\BaseConnection->simpleQuery('SELECT *\nFROM `...')
#3 C:\xampp81\htdocs\ci4\system\Database\BaseBuilder.php(1615): CodeIgniter\Database\BaseConnection->query('SELECT *\nFROM `...', Array, false)
#4 C:\xampp81\htdocs\ci4\app\Models\UserModel.php(76): CodeIgniter\Database\BaseBuilder->get()
#5 C:\xampp81\htdocs\ci4\app\Controllers\User.php(62): App\Models\UserModel->showingalldata()
#6 C:\xampp81\htdocs\ci4\system\CodeIgniter.php(942): App\Controllers\User->postAll()
#7 C:\xampp81\htdocs\ci4\system\CodeIgniter.php(502): CodeIgniter\CodeIgniter->runController(Object(App\Controllers\User))
#8 C:\xampp81\htdocs\ci4\system\CodeIgniter.php(361): CodeIgniter\CodeIgniter->handleRequest(NULL, Object(Config\Cache), false)
#9 C:\xampp81\htdocs\ci4\public\index.php(79): CodeIgniter\CodeIgniter->run()
#10 C:\xampp81\htdocs\ci4\system\Commands\Server\rewrite.php(47): require_once('C:\\xampp81\\htdo...')
#11 {main}
CRITICAL - 2023-10-26 09:22:20 --> Table 'antrian.user' doesn't exist
in SYSTEMPATH\Database\BaseConnection.php on line 647.
 1 SYSTEMPATH\Database\BaseBuilder.php(1615): CodeIgniter\Database\BaseConnection->query('SELECT *
FROM `user`
JOIN `group` ON `user`.`fk_group`=`group`.`id`', [], false)
 2 APPPATH\Models\UserModel.php(76): CodeIgniter\Database\BaseBuilder->get()
 3 APPPATH\Controllers\User.php(62): App\Models\UserModel->showingalldata()
 4 SYSTEMPATH\CodeIgniter.php(942): App\Controllers\User->postAll()
 5 SYSTEMPATH\CodeIgniter.php(502): CodeIgniter\CodeIgniter->runController(Object(App\Controllers\User))
 6 SYSTEMPATH\CodeIgniter.php(361): CodeIgniter\CodeIgniter->handleRequest(null, Object(Config\Cache), false)
 7 FCPATH\index.php(79): CodeIgniter\CodeIgniter->run()
 8 SYSTEMPATH\Commands\Server\rewrite.php(47): require_once('C:\\xampp81\\htdocs\\ci4\\public\\index.php')
ERROR - 2023-10-26 09:23:36 --> mysqli_sql_exception: Unknown column 'user.fk_group' in 'on clause' in C:\xampp81\htdocs\ci4\system\Database\MySQLi\Connection.php:306
Stack trace:
#0 C:\xampp81\htdocs\ci4\system\Database\MySQLi\Connection.php(306): mysqli->query('SELECT *\nFROM `...', 0)
#1 C:\xampp81\htdocs\ci4\system\Database\BaseConnection.php(693): CodeIgniter\Database\MySQLi\Connection->execute('SELECT *\nFROM `...')
#2 C:\xampp81\htdocs\ci4\system\Database\BaseConnection.php(607): CodeIgniter\Database\BaseConnection->simpleQuery('SELECT *\nFROM `...')
#3 C:\xampp81\htdocs\ci4\system\Database\BaseBuilder.php(1615): CodeIgniter\Database\BaseConnection->query('SELECT *\nFROM `...', Array, false)
#4 C:\xampp81\htdocs\ci4\app\Models\UserModel.php(76): CodeIgniter\Database\BaseBuilder->get()
#5 C:\xampp81\htdocs\ci4\app\Controllers\User.php(62): App\Models\UserModel->showingalldata()
#6 C:\xampp81\htdocs\ci4\system\CodeIgniter.php(942): App\Controllers\User->postAll()
#7 C:\xampp81\htdocs\ci4\system\CodeIgniter.php(502): CodeIgniter\CodeIgniter->runController(Object(App\Controllers\User))
#8 C:\xampp81\htdocs\ci4\system\CodeIgniter.php(361): CodeIgniter\CodeIgniter->handleRequest(NULL, Object(Config\Cache), false)
#9 C:\xampp81\htdocs\ci4\public\index.php(79): CodeIgniter\CodeIgniter->run()
#10 C:\xampp81\htdocs\ci4\system\Commands\Server\rewrite.php(47): require_once('C:\\xampp81\\htdo...')
#11 {main}
CRITICAL - 2023-10-26 09:23:36 --> Unknown column 'user.fk_group' in 'on clause'
in SYSTEMPATH\Database\BaseConnection.php on line 647.
 1 SYSTEMPATH\Database\BaseBuilder.php(1615): CodeIgniter\Database\BaseConnection->query('SELECT *
FROM `tb_user`
JOIN `tb_group` ON `user`.`fk_group`=`group`.`id`', [], false)
 2 APPPATH\Models\UserModel.php(76): CodeIgniter\Database\BaseBuilder->get()
 3 APPPATH\Controllers\User.php(62): App\Models\UserModel->showingalldata()
 4 SYSTEMPATH\CodeIgniter.php(942): App\Controllers\User->postAll()
 5 SYSTEMPATH\CodeIgniter.php(502): CodeIgniter\CodeIgniter->runController(Object(App\Controllers\User))
 6 SYSTEMPATH\CodeIgniter.php(361): CodeIgniter\CodeIgniter->handleRequest(null, Object(Config\Cache), false)
 7 FCPATH\index.php(79): CodeIgniter\CodeIgniter->run()
 8 SYSTEMPATH\Commands\Server\rewrite.php(47): require_once('C:\\xampp81\\htdocs\\ci4\\public\\index.php')
CRITICAL - 2023-10-26 09:27:59 --> Undefined property: stdClass::$group
in APPPATH\Views\user\view.php on line 23.
 1 APPPATH\Views\user\view.php(23): CodeIgniter\Debug\Exceptions->errorHandler(2, 'Undefined property: stdClass::$group', 'C:\\xampp81\\htdocs\\ci4\\app\\Views\\user\\view.php', 23)
 2 SYSTEMPATH\View\View.php(228): include('C:\\xampp81\\htdocs\\ci4\\app\\Views\\user\\view.php')
 3 SYSTEMPATH\View\View.php(231): CodeIgniter\View\View->CodeIgniter\View\{closure}()
 4 SYSTEMPATH\Common.php(1190): CodeIgniter\View\View->render('user/view', [], true)
 5 APPPATH\Controllers\User.php(39): view('user/view', [...])
 6 SYSTEMPATH\CodeIgniter.php(942): App\Controllers\User->getView('1')
 7 SYSTEMPATH\CodeIgniter.php(502): CodeIgniter\CodeIgniter->runController(Object(App\Controllers\User))
 8 SYSTEMPATH\CodeIgniter.php(361): CodeIgniter\CodeIgniter->handleRequest(null, Object(Config\Cache), false)
 9 FCPATH\index.php(79): CodeIgniter\CodeIgniter->run()
10 SYSTEMPATH\Commands\Server\rewrite.php(47): require_once('C:\\xampp81\\htdocs\\ci4\\public\\index.php')
