ERROR - 2023-10-30 07:23:43 --> Error connecting to the database: mysqli_sql_exception: No connection could be made because the target machine actively refused it in C:\xampp81\htdocs\ci4\system\Database\MySQLi\Connection.php:185
Stack trace:
#0 C:\xampp81\htdocs\ci4\system\Database\MySQLi\Connection.php(185): mysqli->real_connect('localhost', 'root', '', 'antrian', 3306, '', 0)
#1 C:\xampp81\htdocs\ci4\system\Database\BaseConnection.php(392): CodeIgniter\Database\MySQLi\Connection->connect(false)
#2 C:\xampp81\htdocs\ci4\system\Database\BaseConnection.php(575): CodeIgniter\Database\BaseConnection->initialize()
#3 C:\xampp81\htdocs\ci4\system\Database\BaseBuilder.php(1615): CodeIgniter\Database\BaseConnection->query('SELECT *\nFROM `...', Array, false)
#4 C:\xampp81\htdocs\ci4\app\Helpers\site_helper.php(38): CodeIgniter\Database\BaseBuilder->get()
#5 C:\xampp81\htdocs\ci4\app\Views\users\login.php(37): SiteHelper::instansi()
#6 C:\xampp81\htdocs\ci4\system\View\View.php(228): include('C:\\xampp81\\htdo...')
#7 C:\xampp81\htdocs\ci4\system\View\View.php(231): CodeIgniter\View\View->CodeIgniter\View\{closure}()
#8 C:\xampp81\htdocs\ci4\system\Common.php(1190): CodeIgniter\View\View->render('users/login', Array, true)
#9 C:\xampp81\htdocs\ci4\app\Controllers\Users.php(26): view('users/login', Array)
#10 C:\xampp81\htdocs\ci4\system\CodeIgniter.php(942): App\Controllers\Users->Index()
#11 C:\xampp81\htdocs\ci4\system\CodeIgniter.php(502): CodeIgniter\CodeIgniter->runController(Object(App\Controllers\Users))
#12 C:\xampp81\htdocs\ci4\system\CodeIgniter.php(361): CodeIgniter\CodeIgniter->handleRequest(NULL, Object(Config\Cache), false)
#13 C:\xampp81\htdocs\ci4\public\index.php(79): CodeIgniter\CodeIgniter->run()
#14 C:\xampp81\htdocs\ci4\system\Commands\Server\rewrite.php(47): require_once('C:\\xampp81\\htdo...')
#15 {main}

Next CodeIgniter\Database\Exceptions\DatabaseException: No connection could be made because the target machine actively refused it in C:\xampp81\htdocs\ci4\system\Database\MySQLi\Connection.php:229
Stack trace:
#0 C:\xampp81\htdocs\ci4\system\Database\BaseConnection.php(392): CodeIgniter\Database\MySQLi\Connection->connect(false)
#1 C:\xampp81\htdocs\ci4\system\Database\BaseConnection.php(575): CodeIgniter\Database\BaseConnection->initialize()
#2 C:\xampp81\htdocs\ci4\system\Database\BaseBuilder.php(1615): CodeIgniter\Database\BaseConnection->query('SELECT *\nFROM `...', Array, false)
#3 C:\xampp81\htdocs\ci4\app\Helpers\site_helper.php(38): CodeIgniter\Database\BaseBuilder->get()
#4 C:\xampp81\htdocs\ci4\app\Views\users\login.php(37): SiteHelper::instansi()
#5 C:\xampp81\htdocs\ci4\system\View\View.php(228): include('C:\\xampp81\\htdo...')
#6 C:\xampp81\htdocs\ci4\system\View\View.php(231): CodeIgniter\View\View->CodeIgniter\View\{closure}()
#7 C:\xampp81\htdocs\ci4\system\Common.php(1190): CodeIgniter\View\View->render('users/login', Array, true)
#8 C:\xampp81\htdocs\ci4\app\Controllers\Users.php(26): view('users/login', Array)
#9 C:\xampp81\htdocs\ci4\system\CodeIgniter.php(942): App\Controllers\Users->Index()
#10 C:\xampp81\htdocs\ci4\system\CodeIgniter.php(502): CodeIgniter\CodeIgniter->runController(Object(App\Controllers\Users))
#11 C:\xampp81\htdocs\ci4\system\CodeIgniter.php(361): CodeIgniter\CodeIgniter->handleRequest(NULL, Object(Config\Cache), false)
#12 C:\xampp81\htdocs\ci4\public\index.php(79): CodeIgniter\CodeIgniter->run()
#13 C:\xampp81\htdocs\ci4\system\Commands\Server\rewrite.php(47): require_once('C:\\xampp81\\htdo...')
#14 {main}
CRITICAL - 2023-10-30 07:23:43 --> Unable to connect to the database.
Main connection [MySQLi]: No connection could be made because the target machine actively refused it
in SYSTEMPATH\Database\BaseConnection.php on line 428.
 1 SYSTEMPATH\Database\BaseConnection.php(575): CodeIgniter\Database\BaseConnection->initialize()
 2 SYSTEMPATH\Database\BaseBuilder.php(1615): CodeIgniter\Database\BaseConnection->query('SELECT *
FROM `instansi`
WHERE `id` = :id:', [...], false)
 3 APPPATH\Helpers\site_helper.php(38): CodeIgniter\Database\BaseBuilder->get()
 4 APPPATH\Views\users\login.php(37): SiteHelper::instansi()
 5 SYSTEMPATH\View\View.php(228): include('C:\\xampp81\\htdocs\\ci4\\app\\Views\\users\\login.php')
 6 SYSTEMPATH\View\View.php(231): CodeIgniter\View\View->CodeIgniter\View\{closure}()
 7 SYSTEMPATH\Common.php(1190): CodeIgniter\View\View->render('users/login', [], true)
 8 APPPATH\Controllers\Users.php(26): view('users/login', [...])
 9 SYSTEMPATH\CodeIgniter.php(942): App\Controllers\Users->Index()
10 SYSTEMPATH\CodeIgniter.php(502): CodeIgniter\CodeIgniter->runController(Object(App\Controllers\Users))
11 SYSTEMPATH\CodeIgniter.php(361): CodeIgniter\CodeIgniter->handleRequest(null, Object(Config\Cache), false)
12 FCPATH\index.php(79): CodeIgniter\CodeIgniter->run()
13 SYSTEMPATH\Commands\Server\rewrite.php(47): require_once('C:\\xampp81\\htdocs\\ci4\\public\\index.php')
CRITICAL - 2023-10-30 08:08:29 --> CodeIgniter\Router\RouteCollection::post(): Argument #3 ($options) must be of type ?array, string given, called in C:\xampp81\htdocs\ci4\app\Config\Routes.php on line 10
in SYSTEMPATH\Router\RouteCollection.php on line 1028.
 1 APPPATH\Config\Routes.php(10): CodeIgniter\Router\RouteCollection->post('users/login', 'Users::class', 'Login')
 2 SYSTEMPATH\Router\RouteCollection.php(344): require('C:\\xampp81\\htdocs\\ci4\\app\\Config\\Routes.php')
 3 SYSTEMPATH\CodeIgniter.php(810): CodeIgniter\Router\RouteCollection->loadRoutes()
 4 SYSTEMPATH\CodeIgniter.php(450): CodeIgniter\CodeIgniter->tryToRouteIt(null)
 5 SYSTEMPATH\CodeIgniter.php(361): CodeIgniter\CodeIgniter->handleRequest(null, Object(Config\Cache), false)
 6 FCPATH\index.php(79): CodeIgniter\CodeIgniter->run()
 7 SYSTEMPATH\Commands\Server\rewrite.php(47): require_once('C:\\xampp81\\htdocs\\ci4\\public\\index.php')
CRITICAL - 2023-10-30 08:17:41 --> Call to undefined method CodeIgniter\Database\MySQLi\Connection::where()
in APPPATH\Controllers\Users.php on line 46.
 1 SYSTEMPATH\CodeIgniter.php(942): App\Controllers\Users->Login()
 2 SYSTEMPATH\CodeIgniter.php(502): CodeIgniter\CodeIgniter->runController(Object(App\Controllers\Users))
 3 SYSTEMPATH\CodeIgniter.php(361): CodeIgniter\CodeIgniter->handleRequest(null, Object(Config\Cache), false)
 4 FCPATH\index.php(79): CodeIgniter\CodeIgniter->run()
 5 SYSTEMPATH\Commands\Server\rewrite.php(47): require_once('C:\\xampp81\\htdocs\\ci4\\public\\index.php')
CRITICAL - 2023-10-30 08:19:20 --> There is no data to update.
in SYSTEMPATH\BaseModel.php on line 1726.
 1 SYSTEMPATH\BaseModel.php(1726): CodeIgniter\Database\Exceptions\DataException::forEmptyDataset('update')
 2 SYSTEMPATH\BaseModel.php(916): CodeIgniter\BaseModel->transformDataToArray(null, 'update')
 3 SYSTEMPATH\Model.php(776): CodeIgniter\BaseModel->update([...], null)
 4 APPPATH\Controllers\Users.php(46): CodeIgniter\Model->update([...])
 5 SYSTEMPATH\CodeIgniter.php(942): App\Controllers\Users->Login()
 6 SYSTEMPATH\CodeIgniter.php(502): CodeIgniter\CodeIgniter->runController(Object(App\Controllers\Users))
 7 SYSTEMPATH\CodeIgniter.php(361): CodeIgniter\CodeIgniter->handleRequest(null, Object(Config\Cache), false)
 8 FCPATH\index.php(79): CodeIgniter\CodeIgniter->run()
 9 SYSTEMPATH\Commands\Server\rewrite.php(47): require_once('C:\\xampp81\\htdocs\\ci4\\public\\index.php')
CRITICAL - 2023-10-30 08:21:24 --> There is no data to update.
in SYSTEMPATH\BaseModel.php on line 930.
 1 SYSTEMPATH\BaseModel.php(930): CodeIgniter\Database\Exceptions\DataException::forEmptyDataset('update')
 2 SYSTEMPATH\Model.php(776): CodeIgniter\BaseModel->update([...], [])
 3 APPPATH\Controllers\Users.php(46): CodeIgniter\Model->update('1', [...])
 4 SYSTEMPATH\CodeIgniter.php(942): App\Controllers\Users->Login()
 5 SYSTEMPATH\CodeIgniter.php(502): CodeIgniter\CodeIgniter->runController(Object(App\Controllers\Users))
 6 SYSTEMPATH\CodeIgniter.php(361): CodeIgniter\CodeIgniter->handleRequest(null, Object(Config\Cache), false)
 7 FCPATH\index.php(79): CodeIgniter\CodeIgniter->run()
 8 SYSTEMPATH\Commands\Server\rewrite.php(47): require_once('C:\\xampp81\\htdocs\\ci4\\public\\index.php')
CRITICAL - 2023-10-30 08:22:58 --> There is no data to update.
in SYSTEMPATH\BaseModel.php on line 930.
 1 SYSTEMPATH\BaseModel.php(930): CodeIgniter\Database\Exceptions\DataException::forEmptyDataset('update')
 2 SYSTEMPATH\Model.php(776): CodeIgniter\BaseModel->update([...], [])
 3 APPPATH\Controllers\Users.php(49): CodeIgniter\Model->update('1', [...])
 4 SYSTEMPATH\CodeIgniter.php(942): App\Controllers\Users->Login()
 5 SYSTEMPATH\CodeIgniter.php(502): CodeIgniter\CodeIgniter->runController(Object(App\Controllers\Users))
 6 SYSTEMPATH\CodeIgniter.php(361): CodeIgniter\CodeIgniter->handleRequest(null, Object(Config\Cache), false)
 7 FCPATH\index.php(79): CodeIgniter\CodeIgniter->run()
 8 SYSTEMPATH\Commands\Server\rewrite.php(47): require_once('C:\\xampp81\\htdocs\\ci4\\public\\index.php')
CRITICAL - 2023-10-30 08:29:35 --> There is no data to update.
in SYSTEMPATH\BaseModel.php on line 930.
 1 SYSTEMPATH\BaseModel.php(930): CodeIgniter\Database\Exceptions\DataException::forEmptyDataset('update')
 2 SYSTEMPATH\Model.php(776): CodeIgniter\BaseModel->update([...], [])
 3 APPPATH\Controllers\Users.php(52): CodeIgniter\Model->update('1', [...])
 4 SYSTEMPATH\CodeIgniter.php(942): App\Controllers\Users->Login()
 5 SYSTEMPATH\CodeIgniter.php(502): CodeIgniter\CodeIgniter->runController(Object(App\Controllers\Users))
 6 SYSTEMPATH\CodeIgniter.php(361): CodeIgniter\CodeIgniter->handleRequest(null, Object(Config\Cache), false)
 7 FCPATH\index.php(79): CodeIgniter\CodeIgniter->run()
 8 SYSTEMPATH\Commands\Server\rewrite.php(47): require_once('C:\\xampp81\\htdocs\\ci4\\public\\index.php')
CRITICAL - 2023-10-30 08:30:55 --> There is no data to update.
in SYSTEMPATH\BaseModel.php on line 930.
 1 SYSTEMPATH\BaseModel.php(930): CodeIgniter\Database\Exceptions\DataException::forEmptyDataset('update')
 2 SYSTEMPATH\Model.php(776): CodeIgniter\BaseModel->update([...], [])
 3 APPPATH\Controllers\Users.php(52): CodeIgniter\Model->update('1', [...])
 4 SYSTEMPATH\CodeIgniter.php(942): App\Controllers\Users->Login()
 5 SYSTEMPATH\CodeIgniter.php(502): CodeIgniter\CodeIgniter->runController(Object(App\Controllers\Users))
 6 SYSTEMPATH\CodeIgniter.php(361): CodeIgniter\CodeIgniter->handleRequest(null, Object(Config\Cache), false)
 7 FCPATH\index.php(79): CodeIgniter\CodeIgniter->run()
 8 SYSTEMPATH\Commands\Server\rewrite.php(47): require_once('C:\\xampp81\\htdocs\\ci4\\public\\index.php')
CRITICAL - 2023-10-30 08:35:59 --> Call to undefined method CodeIgniter\Session\Session::setUserdata()
in APPPATH\Controllers\Users.php on line 55.
 1 SYSTEMPATH\CodeIgniter.php(942): App\Controllers\Users->Login()
 2 SYSTEMPATH\CodeIgniter.php(502): CodeIgniter\CodeIgniter->runController(Object(App\Controllers\Users))
 3 SYSTEMPATH\CodeIgniter.php(361): CodeIgniter\CodeIgniter->handleRequest(null, Object(Config\Cache), false)
 4 FCPATH\index.php(79): CodeIgniter\CodeIgniter->run()
 5 SYSTEMPATH\Commands\Server\rewrite.php(47): require_once('C:\\xampp81\\htdocs\\ci4\\public\\index.php')
CRITICAL - 2023-10-30 08:44:03 --> The route for "dashboard" cannot be found.
in SYSTEMPATH\HTTP\RedirectResponse.php on line 62.
 1 SYSTEMPATH\HTTP\RedirectResponse.php(62): CodeIgniter\HTTP\Exceptions\HTTPException::forInvalidRedirectRoute('dashboard')
 2 SYSTEMPATH\Common.php(878): CodeIgniter\HTTP\RedirectResponse->route(false)
 3 APPPATH\Controllers\Users.php(80): redirect('dashboard', 301)
 4 SYSTEMPATH\CodeIgniter.php(942): App\Controllers\Users->Login()
 5 SYSTEMPATH\CodeIgniter.php(502): CodeIgniter\CodeIgniter->runController(Object(App\Controllers\Users))
 6 SYSTEMPATH\CodeIgniter.php(361): CodeIgniter\CodeIgniter->handleRequest(null, Object(Config\Cache), false)
 7 FCPATH\index.php(79): CodeIgniter\CodeIgniter->run()
 8 SYSTEMPATH\Commands\Server\rewrite.php(47): require_once('C:\\xampp81\\htdocs\\ci4\\public\\index.php')
CRITICAL - 2023-10-30 09:11:24 --> Call to a member function before() on string
in APPPATH\Controllers\dashboard.php on line 19.
 1 SYSTEMPATH\CodeIgniter.php(914): App\Controllers\Dashboard->__construct()
 2 SYSTEMPATH\CodeIgniter.php(493): CodeIgniter\CodeIgniter->createController()
 3 SYSTEMPATH\CodeIgniter.php(361): CodeIgniter\CodeIgniter->handleRequest(null, Object(Config\Cache), false)
 4 FCPATH\index.php(79): CodeIgniter\CodeIgniter->run()
 5 SYSTEMPATH\Commands\Server\rewrite.php(47): require_once('C:\\xampp81\\htdocs\\ci4\\public\\index.php')
