CRITICAL - 2023-10-23 06:45:42 --> Non-static method SiteHelper::menu() cannot be called statically
in APPPATH\Views\layout\sidebar.php on line 159.
 1 SYSTEMPATH\View\View.php(228): include()
 2 SYSTEMPATH\View\View.php(231): CodeIgniter\View\View->CodeIgniter\View\{closure}()
 3 SYSTEMPATH\View\View.php(469): CodeIgniter\View\View->render('layout/sidebar', null, true)
 4 APPPATH\Views\layout\master.php(19): CodeIgniter\View\View->include('layout/sidebar')
 5 SYSTEMPATH\View\View.php(228): include('C:\\xampp81\\htdocs\\ci4\\app\\Views\\layout\\master.php')
 6 SYSTEMPATH\View\View.php(231): CodeIgniter\View\View->CodeIgniter\View\{closure}()
 7 SYSTEMPATH\View\View.php(244): CodeIgniter\View\View->render('layout/master', [], true)
 8 SYSTEMPATH\Common.php(1190): CodeIgniter\View\View->render('user', [], true)
 9 APPPATH\Controllers\User.php(31): view('user', [...])
10 SYSTEMPATH\CodeIgniter.php(942): App\Controllers\User->getIndex()
11 SYSTEMPATH\CodeIgniter.php(502): CodeIgniter\CodeIgniter->runController(Object(App\Controllers\User))
12 SYSTEMPATH\CodeIgniter.php(361): CodeIgniter\CodeIgniter->handleRequest(null, Object(Config\Cache), false)
13 FCPATH\index.php(79): CodeIgniter\CodeIgniter->run()
14 SYSTEMPATH\Commands\Server\rewrite.php(47): require_once('C:\\xampp81\\htdocs\\ci4\\public\\index.php')
ERROR - 2023-10-23 06:48:30 --> mysqli_sql_exception: Table 'antrian.mytable' doesn't exist in C:\xampp81\htdocs\ci4\system\Database\MySQLi\Connection.php:306
Stack trace:
#0 C:\xampp81\htdocs\ci4\system\Database\MySQLi\Connection.php(306): mysqli->query('SELECT *\nFROM `...', 0)
#1 C:\xampp81\htdocs\ci4\system\Database\BaseConnection.php(693): CodeIgniter\Database\MySQLi\Connection->execute('SELECT *\nFROM `...')
#2 C:\xampp81\htdocs\ci4\system\Database\BaseConnection.php(607): CodeIgniter\Database\BaseConnection->simpleQuery('SELECT *\nFROM `...')
#3 C:\xampp81\htdocs\ci4\system\Database\BaseBuilder.php(1615): CodeIgniter\Database\BaseConnection->query('SELECT *\nFROM `...', Array, false)
#4 C:\xampp81\htdocs\ci4\app\Helpers\site_helper.php(8): CodeIgniter\Database\BaseBuilder->get()
#5 C:\xampp81\htdocs\ci4\app\Views\layout\sidebar.php(159): SiteHelper::menu()
#6 C:\xampp81\htdocs\ci4\system\View\View.php(228): include('C:\\xampp81\\htdo...')
#7 C:\xampp81\htdocs\ci4\system\View\View.php(231): CodeIgniter\View\View->CodeIgniter\View\{closure}()
#8 C:\xampp81\htdocs\ci4\system\View\View.php(469): CodeIgniter\View\View->render('layout/sidebar', NULL, true)
#9 C:\xampp81\htdocs\ci4\app\Views\layout\master.php(19): CodeIgniter\View\View->include('layout/sidebar')
#10 C:\xampp81\htdocs\ci4\system\View\View.php(228): include('C:\\xampp81\\htdo...')
#11 C:\xampp81\htdocs\ci4\system\View\View.php(231): CodeIgniter\View\View->CodeIgniter\View\{closure}()
#12 C:\xampp81\htdocs\ci4\system\View\View.php(244): CodeIgniter\View\View->render('layout/master', Array, true)
#13 C:\xampp81\htdocs\ci4\system\Common.php(1190): CodeIgniter\View\View->render('user', Array, true)
#14 C:\xampp81\htdocs\ci4\app\Controllers\User.php(31): view('user', Array)
#15 C:\xampp81\htdocs\ci4\system\CodeIgniter.php(942): App\Controllers\User->getIndex()
#16 C:\xampp81\htdocs\ci4\system\CodeIgniter.php(502): CodeIgniter\CodeIgniter->runController(Object(App\Controllers\User))
#17 C:\xampp81\htdocs\ci4\system\CodeIgniter.php(361): CodeIgniter\CodeIgniter->handleRequest(NULL, Object(Config\Cache), false)
#18 C:\xampp81\htdocs\ci4\public\index.php(79): CodeIgniter\CodeIgniter->run()
#19 C:\xampp81\htdocs\ci4\system\Commands\Server\rewrite.php(47): require_once('C:\\xampp81\\htdo...')
#20 {main}
CRITICAL - 2023-10-23 06:48:30 --> Table 'antrian.mytable' doesn't exist
in SYSTEMPATH\Database\BaseConnection.php on line 647.
 1 SYSTEMPATH\Database\BaseBuilder.php(1615): CodeIgniter\Database\BaseConnection->query('SELECT *
FROM `mytable`', [], false)
 2 APPPATH\Helpers\site_helper.php(8): CodeIgniter\Database\BaseBuilder->get()
 3 APPPATH\Views\layout\sidebar.php(159): SiteHelper::menu()
 4 SYSTEMPATH\View\View.php(228): include('C:\\xampp81\\htdocs\\ci4\\app\\Views\\layout\\sidebar.php')
 5 SYSTEMPATH\View\View.php(231): CodeIgniter\View\View->CodeIgniter\View\{closure}()
 6 SYSTEMPATH\View\View.php(469): CodeIgniter\View\View->render('layout/sidebar', null, true)
 7 APPPATH\Views\layout\master.php(19): CodeIgniter\View\View->include('layout/sidebar')
 8 SYSTEMPATH\View\View.php(228): include('C:\\xampp81\\htdocs\\ci4\\app\\Views\\layout\\master.php')
 9 SYSTEMPATH\View\View.php(231): CodeIgniter\View\View->CodeIgniter\View\{closure}()
10 SYSTEMPATH\View\View.php(244): CodeIgniter\View\View->render('layout/master', [], true)
11 SYSTEMPATH\Common.php(1190): CodeIgniter\View\View->render('user', [], true)
12 APPPATH\Controllers\User.php(31): view('user', [...])
13 SYSTEMPATH\CodeIgniter.php(942): App\Controllers\User->getIndex()
14 SYSTEMPATH\CodeIgniter.php(502): CodeIgniter\CodeIgniter->runController(Object(App\Controllers\User))
15 SYSTEMPATH\CodeIgniter.php(361): CodeIgniter\CodeIgniter->handleRequest(null, Object(Config\Cache), false)
16 FCPATH\index.php(79): CodeIgniter\CodeIgniter->run()
17 SYSTEMPATH\Commands\Server\rewrite.php(47): require_once('C:\\xampp81\\htdocs\\ci4\\public\\index.php')
CRITICAL - 2023-10-23 06:48:44 --> Undefined property: mysqli::$url
in APPPATH\Views\layout\sidebar.php on line 162.
 1 APPPATH\Views\layout\sidebar.php(162): CodeIgniter\Debug\Exceptions->errorHandler(2, 'Undefined property: mysqli::$url', 'C:\\xampp81\\htdocs\\ci4\\app\\Views\\layout\\sidebar.php', 162)
 2 SYSTEMPATH\View\View.php(228): include('C:\\xampp81\\htdocs\\ci4\\app\\Views\\layout\\sidebar.php')
 3 SYSTEMPATH\View\View.php(231): CodeIgniter\View\View->CodeIgniter\View\{closure}()
 4 SYSTEMPATH\View\View.php(469): CodeIgniter\View\View->render('layout/sidebar', null, true)
 5 APPPATH\Views\layout\master.php(19): CodeIgniter\View\View->include('layout/sidebar')
 6 SYSTEMPATH\View\View.php(228): include('C:\\xampp81\\htdocs\\ci4\\app\\Views\\layout\\master.php')
 7 SYSTEMPATH\View\View.php(231): CodeIgniter\View\View->CodeIgniter\View\{closure}()
 8 SYSTEMPATH\View\View.php(244): CodeIgniter\View\View->render('layout/master', [], true)
 9 SYSTEMPATH\Common.php(1190): CodeIgniter\View\View->render('user', [], true)
10 APPPATH\Controllers\User.php(31): view('user', [...])
11 SYSTEMPATH\CodeIgniter.php(942): App\Controllers\User->getIndex()
12 SYSTEMPATH\CodeIgniter.php(502): CodeIgniter\CodeIgniter->runController(Object(App\Controllers\User))
13 SYSTEMPATH\CodeIgniter.php(361): CodeIgniter\CodeIgniter->handleRequest(null, Object(Config\Cache), false)
14 FCPATH\index.php(79): CodeIgniter\CodeIgniter->run()
15 SYSTEMPATH\Commands\Server\rewrite.php(47): require_once('C:\\xampp81\\htdocs\\ci4\\public\\index.php')
CRITICAL - 2023-10-23 06:49:11 --> Undefined property: mysqli::$url
in APPPATH\Views\layout\sidebar.php on line 162.
 1 APPPATH\Views\layout\sidebar.php(162): CodeIgniter\Debug\Exceptions->errorHandler(2, 'Undefined property: mysqli::$url', 'C:\\xampp81\\htdocs\\ci4\\app\\Views\\layout\\sidebar.php', 162)
 2 SYSTEMPATH\View\View.php(228): include('C:\\xampp81\\htdocs\\ci4\\app\\Views\\layout\\sidebar.php')
 3 SYSTEMPATH\View\View.php(231): CodeIgniter\View\View->CodeIgniter\View\{closure}()
 4 SYSTEMPATH\View\View.php(469): CodeIgniter\View\View->render('layout/sidebar', null, true)
 5 APPPATH\Views\layout\master.php(19): CodeIgniter\View\View->include('layout/sidebar')
 6 SYSTEMPATH\View\View.php(228): include('C:\\xampp81\\htdocs\\ci4\\app\\Views\\layout\\master.php')
 7 SYSTEMPATH\View\View.php(231): CodeIgniter\View\View->CodeIgniter\View\{closure}()
 8 SYSTEMPATH\View\View.php(244): CodeIgniter\View\View->render('layout/master', [], true)
 9 SYSTEMPATH\Common.php(1190): CodeIgniter\View\View->render('user', [], true)
10 APPPATH\Controllers\User.php(31): view('user', [...])
11 SYSTEMPATH\CodeIgniter.php(942): App\Controllers\User->getIndex()
12 SYSTEMPATH\CodeIgniter.php(502): CodeIgniter\CodeIgniter->runController(Object(App\Controllers\User))
13 SYSTEMPATH\CodeIgniter.php(361): CodeIgniter\CodeIgniter->handleRequest(null, Object(Config\Cache), false)
14 FCPATH\index.php(79): CodeIgniter\CodeIgniter->run()
15 SYSTEMPATH\Commands\Server\rewrite.php(47): require_once('C:\\xampp81\\htdocs\\ci4\\public\\index.php')
CRITICAL - 2023-10-23 06:49:43 --> Cannot use object of type mysqli as array
in APPPATH\Views\layout\sidebar.php on line 162.
 1 SYSTEMPATH\View\View.php(228): include()
 2 SYSTEMPATH\View\View.php(231): CodeIgniter\View\View->CodeIgniter\View\{closure}()
 3 SYSTEMPATH\View\View.php(469): CodeIgniter\View\View->render('layout/sidebar', null, true)
 4 APPPATH\Views\layout\master.php(19): CodeIgniter\View\View->include('layout/sidebar')
 5 SYSTEMPATH\View\View.php(228): include('C:\\xampp81\\htdocs\\ci4\\app\\Views\\layout\\master.php')
 6 SYSTEMPATH\View\View.php(231): CodeIgniter\View\View->CodeIgniter\View\{closure}()
 7 SYSTEMPATH\View\View.php(244): CodeIgniter\View\View->render('layout/master', [], true)
 8 SYSTEMPATH\Common.php(1190): CodeIgniter\View\View->render('user', [], true)
 9 APPPATH\Controllers\User.php(31): view('user', [...])
10 SYSTEMPATH\CodeIgniter.php(942): App\Controllers\User->getIndex()
11 SYSTEMPATH\CodeIgniter.php(502): CodeIgniter\CodeIgniter->runController(Object(App\Controllers\User))
12 SYSTEMPATH\CodeIgniter.php(361): CodeIgniter\CodeIgniter->handleRequest(null, Object(Config\Cache), false)
13 FCPATH\index.php(79): CodeIgniter\CodeIgniter->run()
14 SYSTEMPATH\Commands\Server\rewrite.php(47): require_once('C:\\xampp81\\htdocs\\ci4\\public\\index.php')
CRITICAL - 2023-10-23 06:52:51 --> Cannot use object of type mysqli as array
in APPPATH\Views\layout\sidebar.php on line 164.
 1 SYSTEMPATH\View\View.php(228): include()
 2 SYSTEMPATH\View\View.php(231): CodeIgniter\View\View->CodeIgniter\View\{closure}()
 3 SYSTEMPATH\View\View.php(469): CodeIgniter\View\View->render('layout/sidebar', null, true)
 4 APPPATH\Views\layout\master.php(19): CodeIgniter\View\View->include('layout/sidebar')
 5 SYSTEMPATH\View\View.php(228): include('C:\\xampp81\\htdocs\\ci4\\app\\Views\\layout\\master.php')
 6 SYSTEMPATH\View\View.php(231): CodeIgniter\View\View->CodeIgniter\View\{closure}()
 7 SYSTEMPATH\View\View.php(244): CodeIgniter\View\View->render('layout/master', [], true)
 8 SYSTEMPATH\Common.php(1190): CodeIgniter\View\View->render('user', [], true)
 9 APPPATH\Controllers\User.php(31): view('user', [...])
10 SYSTEMPATH\CodeIgniter.php(942): App\Controllers\User->getIndex()
11 SYSTEMPATH\CodeIgniter.php(502): CodeIgniter\CodeIgniter->runController(Object(App\Controllers\User))
12 SYSTEMPATH\CodeIgniter.php(361): CodeIgniter\CodeIgniter->handleRequest(null, Object(Config\Cache), false)
13 FCPATH\index.php(79): CodeIgniter\CodeIgniter->run()
14 SYSTEMPATH\Commands\Server\rewrite.php(47): require_once('C:\\xampp81\\htdocs\\ci4\\public\\index.php')
CRITICAL - 2023-10-23 07:01:52 --> Cannot use object of type stdClass as array
in APPPATH\Views\layout\sidebar.php on line 162.
 1 SYSTEMPATH\View\View.php(228): include()
 2 SYSTEMPATH\View\View.php(231): CodeIgniter\View\View->CodeIgniter\View\{closure}()
 3 SYSTEMPATH\View\View.php(469): CodeIgniter\View\View->render('layout/sidebar', null, true)
 4 APPPATH\Views\layout\master.php(19): CodeIgniter\View\View->include('layout/sidebar')
 5 SYSTEMPATH\View\View.php(228): include('C:\\xampp81\\htdocs\\ci4\\app\\Views\\layout\\master.php')
 6 SYSTEMPATH\View\View.php(231): CodeIgniter\View\View->CodeIgniter\View\{closure}()
 7 SYSTEMPATH\View\View.php(244): CodeIgniter\View\View->render('layout/master', [], true)
 8 SYSTEMPATH\Common.php(1190): CodeIgniter\View\View->render('user', [], true)
 9 APPPATH\Controllers\User.php(31): view('user', [...])
10 SYSTEMPATH\CodeIgniter.php(942): App\Controllers\User->getIndex()
11 SYSTEMPATH\CodeIgniter.php(502): CodeIgniter\CodeIgniter->runController(Object(App\Controllers\User))
12 SYSTEMPATH\CodeIgniter.php(361): CodeIgniter\CodeIgniter->handleRequest(null, Object(Config\Cache), false)
13 FCPATH\index.php(79): CodeIgniter\CodeIgniter->run()
14 SYSTEMPATH\Commands\Server\rewrite.php(47): require_once('C:\\xampp81\\htdocs\\ci4\\public\\index.php')
CRITICAL - 2023-10-23 07:06:14 --> Call to undefined method CodeIgniter\Database\MySQLi\Result::orderBy()
in APPPATH\Helpers\site_helper.php on line 16.
 1 APPPATH\Views\layout\sidebar.php(159): SiteHelper::childmenu(1)
 2 SYSTEMPATH\View\View.php(228): include('C:\\xampp81\\htdocs\\ci4\\app\\Views\\layout\\sidebar.php')
 3 SYSTEMPATH\View\View.php(231): CodeIgniter\View\View->CodeIgniter\View\{closure}()
 4 SYSTEMPATH\View\View.php(469): CodeIgniter\View\View->render('layout/sidebar', null, true)
 5 APPPATH\Views\layout\master.php(19): CodeIgniter\View\View->include('layout/sidebar')
 6 SYSTEMPATH\View\View.php(228): include('C:\\xampp81\\htdocs\\ci4\\app\\Views\\layout\\master.php')
 7 SYSTEMPATH\View\View.php(231): CodeIgniter\View\View->CodeIgniter\View\{closure}()
 8 SYSTEMPATH\View\View.php(244): CodeIgniter\View\View->render('layout/master', [], true)
 9 SYSTEMPATH\Common.php(1190): CodeIgniter\View\View->render('user', [], true)
10 APPPATH\Controllers\User.php(31): view('user', [...])
11 SYSTEMPATH\CodeIgniter.php(942): App\Controllers\User->getIndex()
12 SYSTEMPATH\CodeIgniter.php(502): CodeIgniter\CodeIgniter->runController(Object(App\Controllers\User))
13 SYSTEMPATH\CodeIgniter.php(361): CodeIgniter\CodeIgniter->handleRequest(null, Object(Config\Cache), false)
14 FCPATH\index.php(79): CodeIgniter\CodeIgniter->run()
15 SYSTEMPATH\Commands\Server\rewrite.php(47): require_once('C:\\xampp81\\htdocs\\ci4\\public\\index.php')
