ERROR - 2023-10-25 06:24:11 --> mysqli_sql_exception: Table 'antrian.user' doesn't exist in C:\xampp81\htdocs\ci4\system\Database\MySQLi\Connection.php:306
Stack trace:
#0 C:\xampp81\htdocs\ci4\system\Database\MySQLi\Connection.php(306): mysqli->query('SELECT *\nFROM `...', 0)
#1 C:\xampp81\htdocs\ci4\system\Database\BaseConnection.php(693): CodeIgniter\Database\MySQLi\Connection->execute('SELECT *\nFROM `...')
#2 C:\xampp81\htdocs\ci4\system\Database\BaseConnection.php(607): CodeIgniter\Database\BaseConnection->simpleQuery('SELECT *\nFROM `...')
#3 C:\xampp81\htdocs\ci4\system\Database\BaseBuilder.php(1615): CodeIgniter\Database\BaseConnection->query('SELECT *\nFROM `...', Array, false)
#4 C:\xampp81\htdocs\ci4\system\Model.php(237): CodeIgniter\Database\BaseBuilder->get()
#5 C:\xampp81\htdocs\ci4\system\BaseModel.php(624): CodeIgniter\Model->doFindAll(0, 0)
#6 C:\xampp81\htdocs\ci4\app\Controllers\User.php(35): CodeIgniter\BaseModel->findAll()
#7 C:\xampp81\htdocs\ci4\system\CodeIgniter.php(942): App\Controllers\User->postAll()
#8 C:\xampp81\htdocs\ci4\system\CodeIgniter.php(502): CodeIgniter\CodeIgniter->runController(Object(App\Controllers\User))
#9 C:\xampp81\htdocs\ci4\system\CodeIgniter.php(361): CodeIgniter\CodeIgniter->handleRequest(NULL, Object(Config\Cache), false)
#10 C:\xampp81\htdocs\ci4\public\index.php(79): CodeIgniter\CodeIgniter->run()
#11 C:\xampp81\htdocs\ci4\system\Commands\Server\rewrite.php(47): require_once('C:\\xampp81\\htdo...')
#12 {main}
CRITICAL - 2023-10-25 06:24:11 --> Table 'antrian.user' doesn't exist
in SYSTEMPATH\Database\BaseConnection.php on line 647.
 1 SYSTEMPATH\Database\BaseBuilder.php(1615): CodeIgniter\Database\BaseConnection->query('SELECT *
FROM `user`', [], false)
 2 SYSTEMPATH\Model.php(237): CodeIgniter\Database\BaseBuilder->get()
 3 SYSTEMPATH\BaseModel.php(624): CodeIgniter\Model->doFindAll(0, 0)
 4 APPPATH\Controllers\User.php(35): CodeIgniter\BaseModel->findAll()
 5 SYSTEMPATH\CodeIgniter.php(942): App\Controllers\User->postAll()
 6 SYSTEMPATH\CodeIgniter.php(502): CodeIgniter\CodeIgniter->runController(Object(App\Controllers\User))
 7 SYSTEMPATH\CodeIgniter.php(361): CodeIgniter\CodeIgniter->handleRequest(null, Object(Config\Cache), false)
 8 FCPATH\index.php(79): CodeIgniter\CodeIgniter->run()
 9 SYSTEMPATH\Commands\Server\rewrite.php(47): require_once('C:\\xampp81\\htdocs\\ci4\\public\\index.php')
ERROR - 2023-10-25 06:38:56 --> mysqli_sql_exception: Table 'antrian.user' doesn't exist in C:\xampp81\htdocs\ci4\system\Database\MySQLi\Connection.php:306
Stack trace:
#0 C:\xampp81\htdocs\ci4\system\Database\MySQLi\Connection.php(306): mysqli->query('SELECT *\nFROM `...', 0)
#1 C:\xampp81\htdocs\ci4\system\Database\BaseConnection.php(693): CodeIgniter\Database\MySQLi\Connection->execute('SELECT *\nFROM `...')
#2 C:\xampp81\htdocs\ci4\system\Database\BaseConnection.php(607): CodeIgniter\Database\BaseConnection->simpleQuery('SELECT *\nFROM `...')
#3 C:\xampp81\htdocs\ci4\system\Database\BaseBuilder.php(1615): CodeIgniter\Database\BaseConnection->query('SELECT *\nFROM `...', Array, false)
#4 C:\xampp81\htdocs\ci4\system\Model.php(237): CodeIgniter\Database\BaseBuilder->get()
#5 C:\xampp81\htdocs\ci4\system\BaseModel.php(624): CodeIgniter\Model->doFindAll(0, 0)
#6 C:\xampp81\htdocs\ci4\app\Controllers\User.php(53): CodeIgniter\BaseModel->findAll()
#7 C:\xampp81\htdocs\ci4\system\CodeIgniter.php(942): App\Controllers\User->postAll()
#8 C:\xampp81\htdocs\ci4\system\CodeIgniter.php(502): CodeIgniter\CodeIgniter->runController(Object(App\Controllers\User))
#9 C:\xampp81\htdocs\ci4\system\CodeIgniter.php(361): CodeIgniter\CodeIgniter->handleRequest(NULL, Object(Config\Cache), false)
#10 C:\xampp81\htdocs\ci4\public\index.php(79): CodeIgniter\CodeIgniter->run()
#11 C:\xampp81\htdocs\ci4\system\Commands\Server\rewrite.php(47): require_once('C:\\xampp81\\htdo...')
#12 {main}
CRITICAL - 2023-10-25 06:38:56 --> Table 'antrian.user' doesn't exist
in SYSTEMPATH\Database\BaseConnection.php on line 647.
 1 SYSTEMPATH\Database\BaseBuilder.php(1615): CodeIgniter\Database\BaseConnection->query('SELECT *
FROM `user`', [], false)
 2 SYSTEMPATH\Model.php(237): CodeIgniter\Database\BaseBuilder->get()
 3 SYSTEMPATH\BaseModel.php(624): CodeIgniter\Model->doFindAll(0, 0)
 4 APPPATH\Controllers\User.php(53): CodeIgniter\BaseModel->findAll()
 5 SYSTEMPATH\CodeIgniter.php(942): App\Controllers\User->postAll()
 6 SYSTEMPATH\CodeIgniter.php(502): CodeIgniter\CodeIgniter->runController(Object(App\Controllers\User))
 7 SYSTEMPATH\CodeIgniter.php(361): CodeIgniter\CodeIgniter->handleRequest(null, Object(Config\Cache), false)
 8 FCPATH\index.php(79): CodeIgniter\CodeIgniter->run()
 9 SYSTEMPATH\Commands\Server\rewrite.php(47): require_once('C:\\xampp81\\htdocs\\ci4\\public\\index.php')
ERROR - 2023-10-25 06:39:40 --> mysqli_sql_exception: Table 'antrian.user' doesn't exist in C:\xampp81\htdocs\ci4\system\Database\MySQLi\Connection.php:306
Stack trace:
#0 C:\xampp81\htdocs\ci4\system\Database\MySQLi\Connection.php(306): mysqli->query('SELECT *\nFROM `...', 0)
#1 C:\xampp81\htdocs\ci4\system\Database\BaseConnection.php(693): CodeIgniter\Database\MySQLi\Connection->execute('SELECT *\nFROM `...')
#2 C:\xampp81\htdocs\ci4\system\Database\BaseConnection.php(607): CodeIgniter\Database\BaseConnection->simpleQuery('SELECT *\nFROM `...')
#3 C:\xampp81\htdocs\ci4\system\Database\BaseBuilder.php(1615): CodeIgniter\Database\BaseConnection->query('SELECT *\nFROM `...', Array, false)
#4 C:\xampp81\htdocs\ci4\system\Model.php(237): CodeIgniter\Database\BaseBuilder->get()
#5 C:\xampp81\htdocs\ci4\system\BaseModel.php(624): CodeIgniter\Model->doFindAll(0, 0)
#6 C:\xampp81\htdocs\ci4\app\Controllers\User.php(53): CodeIgniter\BaseModel->findAll()
#7 C:\xampp81\htdocs\ci4\system\CodeIgniter.php(942): App\Controllers\User->postAll()
#8 C:\xampp81\htdocs\ci4\system\CodeIgniter.php(502): CodeIgniter\CodeIgniter->runController(Object(App\Controllers\User))
#9 C:\xampp81\htdocs\ci4\system\CodeIgniter.php(361): CodeIgniter\CodeIgniter->handleRequest(NULL, Object(Config\Cache), false)
#10 C:\xampp81\htdocs\ci4\public\index.php(79): CodeIgniter\CodeIgniter->run()
#11 C:\xampp81\htdocs\ci4\system\Commands\Server\rewrite.php(47): require_once('C:\\xampp81\\htdo...')
#12 {main}
CRITICAL - 2023-10-25 06:39:40 --> Table 'antrian.user' doesn't exist
in SYSTEMPATH\Database\BaseConnection.php on line 647.
 1 SYSTEMPATH\Database\BaseBuilder.php(1615): CodeIgniter\Database\BaseConnection->query('SELECT *
FROM `user`', [], false)
 2 SYSTEMPATH\Model.php(237): CodeIgniter\Database\BaseBuilder->get()
 3 SYSTEMPATH\BaseModel.php(624): CodeIgniter\Model->doFindAll(0, 0)
 4 APPPATH\Controllers\User.php(53): CodeIgniter\BaseModel->findAll()
 5 SYSTEMPATH\CodeIgniter.php(942): App\Controllers\User->postAll()
 6 SYSTEMPATH\CodeIgniter.php(502): CodeIgniter\CodeIgniter->runController(Object(App\Controllers\User))
 7 SYSTEMPATH\CodeIgniter.php(361): CodeIgniter\CodeIgniter->handleRequest(null, Object(Config\Cache), false)
 8 FCPATH\index.php(79): CodeIgniter\CodeIgniter->run()
 9 SYSTEMPATH\Commands\Server\rewrite.php(47): require_once('C:\\xampp81\\htdocs\\ci4\\public\\index.php')
ERROR - 2023-10-25 06:40:53 --> mysqli_sql_exception: Table 'antrian.user' doesn't exist in C:\xampp81\htdocs\ci4\system\Database\MySQLi\Connection.php:306
Stack trace:
#0 C:\xampp81\htdocs\ci4\system\Database\MySQLi\Connection.php(306): mysqli->query('SELECT *\nFROM `...', 0)
#1 C:\xampp81\htdocs\ci4\system\Database\BaseConnection.php(693): CodeIgniter\Database\MySQLi\Connection->execute('SELECT *\nFROM `...')
#2 C:\xampp81\htdocs\ci4\system\Database\BaseConnection.php(607): CodeIgniter\Database\BaseConnection->simpleQuery('SELECT *\nFROM `...')
#3 C:\xampp81\htdocs\ci4\system\Database\BaseBuilder.php(1615): CodeIgniter\Database\BaseConnection->query('SELECT *\nFROM `...', Array, false)
#4 C:\xampp81\htdocs\ci4\system\Model.php(237): CodeIgniter\Database\BaseBuilder->get()
#5 C:\xampp81\htdocs\ci4\system\BaseModel.php(624): CodeIgniter\Model->doFindAll(0, 0)
#6 C:\xampp81\htdocs\ci4\app\Controllers\User.php(53): CodeIgniter\BaseModel->findAll()
#7 C:\xampp81\htdocs\ci4\system\CodeIgniter.php(942): App\Controllers\User->postAll()
#8 C:\xampp81\htdocs\ci4\system\CodeIgniter.php(502): CodeIgniter\CodeIgniter->runController(Object(App\Controllers\User))
#9 C:\xampp81\htdocs\ci4\system\CodeIgniter.php(361): CodeIgniter\CodeIgniter->handleRequest(NULL, Object(Config\Cache), false)
#10 C:\xampp81\htdocs\ci4\public\index.php(79): CodeIgniter\CodeIgniter->run()
#11 C:\xampp81\htdocs\ci4\system\Commands\Server\rewrite.php(47): require_once('C:\\xampp81\\htdo...')
#12 {main}
CRITICAL - 2023-10-25 06:40:53 --> Table 'antrian.user' doesn't exist
in SYSTEMPATH\Database\BaseConnection.php on line 647.
 1 SYSTEMPATH\Database\BaseBuilder.php(1615): CodeIgniter\Database\BaseConnection->query('SELECT *
FROM `user`', [], false)
 2 SYSTEMPATH\Model.php(237): CodeIgniter\Database\BaseBuilder->get()
 3 SYSTEMPATH\BaseModel.php(624): CodeIgniter\Model->doFindAll(0, 0)
 4 APPPATH\Controllers\User.php(53): CodeIgniter\BaseModel->findAll()
 5 SYSTEMPATH\CodeIgniter.php(942): App\Controllers\User->postAll()
 6 SYSTEMPATH\CodeIgniter.php(502): CodeIgniter\CodeIgniter->runController(Object(App\Controllers\User))
 7 SYSTEMPATH\CodeIgniter.php(361): CodeIgniter\CodeIgniter->handleRequest(null, Object(Config\Cache), false)
 8 FCPATH\index.php(79): CodeIgniter\CodeIgniter->run()
 9 SYSTEMPATH\Commands\Server\rewrite.php(47): require_once('C:\\xampp81\\htdocs\\ci4\\public\\index.php')
ERROR - 2023-10-25 06:42:34 --> mysqli_sql_exception: Table 'antrian.user' doesn't exist in C:\xampp81\htdocs\ci4\system\Database\MySQLi\Connection.php:306
Stack trace:
#0 C:\xampp81\htdocs\ci4\system\Database\MySQLi\Connection.php(306): mysqli->query('SELECT *\nFROM `...', 0)
#1 C:\xampp81\htdocs\ci4\system\Database\BaseConnection.php(693): CodeIgniter\Database\MySQLi\Connection->execute('SELECT *\nFROM `...')
#2 C:\xampp81\htdocs\ci4\system\Database\BaseConnection.php(607): CodeIgniter\Database\BaseConnection->simpleQuery('SELECT *\nFROM `...')
#3 C:\xampp81\htdocs\ci4\system\Database\BaseBuilder.php(1615): CodeIgniter\Database\BaseConnection->query('SELECT *\nFROM `...', Array, false)
#4 C:\xampp81\htdocs\ci4\system\Model.php(237): CodeIgniter\Database\BaseBuilder->get()
#5 C:\xampp81\htdocs\ci4\system\BaseModel.php(624): CodeIgniter\Model->doFindAll(0, 0)
#6 C:\xampp81\htdocs\ci4\app\Controllers\User.php(53): CodeIgniter\BaseModel->findAll()
#7 C:\xampp81\htdocs\ci4\system\CodeIgniter.php(942): App\Controllers\User->postAll()
#8 C:\xampp81\htdocs\ci4\system\CodeIgniter.php(502): CodeIgniter\CodeIgniter->runController(Object(App\Controllers\User))
#9 C:\xampp81\htdocs\ci4\system\CodeIgniter.php(361): CodeIgniter\CodeIgniter->handleRequest(NULL, Object(Config\Cache), false)
#10 C:\xampp81\htdocs\ci4\public\index.php(79): CodeIgniter\CodeIgniter->run()
#11 C:\xampp81\htdocs\ci4\system\Commands\Server\rewrite.php(47): require_once('C:\\xampp81\\htdo...')
#12 {main}
CRITICAL - 2023-10-25 06:42:34 --> Table 'antrian.user' doesn't exist
in SYSTEMPATH\Database\BaseConnection.php on line 647.
 1 SYSTEMPATH\Database\BaseBuilder.php(1615): CodeIgniter\Database\BaseConnection->query('SELECT *
FROM `user`', [], false)
 2 SYSTEMPATH\Model.php(237): CodeIgniter\Database\BaseBuilder->get()
 3 SYSTEMPATH\BaseModel.php(624): CodeIgniter\Model->doFindAll(0, 0)
 4 APPPATH\Controllers\User.php(53): CodeIgniter\BaseModel->findAll()
 5 SYSTEMPATH\CodeIgniter.php(942): App\Controllers\User->postAll()
 6 SYSTEMPATH\CodeIgniter.php(502): CodeIgniter\CodeIgniter->runController(Object(App\Controllers\User))
 7 SYSTEMPATH\CodeIgniter.php(361): CodeIgniter\CodeIgniter->handleRequest(null, Object(Config\Cache), false)
 8 FCPATH\index.php(79): CodeIgniter\CodeIgniter->run()
 9 SYSTEMPATH\Commands\Server\rewrite.php(47): require_once('C:\\xampp81\\htdocs\\ci4\\public\\index.php')
ERROR - 2023-10-25 06:43:02 --> mysqli_sql_exception: Table 'antrian.user' doesn't exist in C:\xampp81\htdocs\ci4\system\Database\MySQLi\Connection.php:306
Stack trace:
#0 C:\xampp81\htdocs\ci4\system\Database\MySQLi\Connection.php(306): mysqli->query('SELECT *\nFROM `...', 0)
#1 C:\xampp81\htdocs\ci4\system\Database\BaseConnection.php(693): CodeIgniter\Database\MySQLi\Connection->execute('SELECT *\nFROM `...')
#2 C:\xampp81\htdocs\ci4\system\Database\BaseConnection.php(607): CodeIgniter\Database\BaseConnection->simpleQuery('SELECT *\nFROM `...')
#3 C:\xampp81\htdocs\ci4\system\Database\BaseBuilder.php(1615): CodeIgniter\Database\BaseConnection->query('SELECT *\nFROM `...', Array, false)
#4 C:\xampp81\htdocs\ci4\system\Model.php(237): CodeIgniter\Database\BaseBuilder->get()
#5 C:\xampp81\htdocs\ci4\system\BaseModel.php(624): CodeIgniter\Model->doFindAll(0, 0)
#6 C:\xampp81\htdocs\ci4\app\Controllers\User.php(53): CodeIgniter\BaseModel->findAll()
#7 C:\xampp81\htdocs\ci4\system\CodeIgniter.php(942): App\Controllers\User->postAll()
#8 C:\xampp81\htdocs\ci4\system\CodeIgniter.php(502): CodeIgniter\CodeIgniter->runController(Object(App\Controllers\User))
#9 C:\xampp81\htdocs\ci4\system\CodeIgniter.php(361): CodeIgniter\CodeIgniter->handleRequest(NULL, Object(Config\Cache), false)
#10 C:\xampp81\htdocs\ci4\public\index.php(79): CodeIgniter\CodeIgniter->run()
#11 C:\xampp81\htdocs\ci4\system\Commands\Server\rewrite.php(47): require_once('C:\\xampp81\\htdo...')
#12 {main}
CRITICAL - 2023-10-25 06:43:02 --> Table 'antrian.user' doesn't exist
in SYSTEMPATH\Database\BaseConnection.php on line 647.
 1 SYSTEMPATH\Database\BaseBuilder.php(1615): CodeIgniter\Database\BaseConnection->query('SELECT *
FROM `user`', [], false)
 2 SYSTEMPATH\Model.php(237): CodeIgniter\Database\BaseBuilder->get()
 3 SYSTEMPATH\BaseModel.php(624): CodeIgniter\Model->doFindAll(0, 0)
 4 APPPATH\Controllers\User.php(53): CodeIgniter\BaseModel->findAll()
 5 SYSTEMPATH\CodeIgniter.php(942): App\Controllers\User->postAll()
 6 SYSTEMPATH\CodeIgniter.php(502): CodeIgniter\CodeIgniter->runController(Object(App\Controllers\User))
 7 SYSTEMPATH\CodeIgniter.php(361): CodeIgniter\CodeIgniter->handleRequest(null, Object(Config\Cache), false)
 8 FCPATH\index.php(79): CodeIgniter\CodeIgniter->run()
 9 SYSTEMPATH\Commands\Server\rewrite.php(47): require_once('C:\\xampp81\\htdocs\\ci4\\public\\index.php')
CRITICAL - 2023-10-25 06:47:33 --> Undefined property: stdClass::$group
in APPPATH\Views\user\form.php on line 21.
 1 APPPATH\Views\user\form.php(21): CodeIgniter\Debug\Exceptions->errorHandler(2, 'Undefined property: stdClass::$group', 'C:\\xampp81\\htdocs\\ci4\\app\\Views\\user\\form.php', 21)
 2 SYSTEMPATH\View\View.php(228): include('C:\\xampp81\\htdocs\\ci4\\app\\Views\\user\\form.php')
 3 SYSTEMPATH\View\View.php(231): CodeIgniter\View\View->CodeIgniter\View\{closure}()
 4 SYSTEMPATH\Common.php(1190): CodeIgniter\View\View->render('user/form', [], true)
 5 APPPATH\Controllers\User.php(46): view('user/form', [...])
 6 SYSTEMPATH\CodeIgniter.php(942): App\Controllers\User->getAdd()
 7 SYSTEMPATH\CodeIgniter.php(502): CodeIgniter\CodeIgniter->runController(Object(App\Controllers\User))
 8 SYSTEMPATH\CodeIgniter.php(361): CodeIgniter\CodeIgniter->handleRequest(null, Object(Config\Cache), false)
 9 FCPATH\index.php(79): CodeIgniter\CodeIgniter->run()
10 SYSTEMPATH\Commands\Server\rewrite.php(47): require_once('C:\\xampp81\\htdocs\\ci4\\public\\index.php')
CRITICAL - 2023-10-25 07:05:12 --> Undefined property: stdClass::$Username
in APPPATH\Views\user\form.php on line 21.
 1 APPPATH\Views\user\form.php(21): CodeIgniter\Debug\Exceptions->errorHandler(2, 'Undefined property: stdClass::$Username', 'C:\\xampp81\\htdocs\\ci4\\app\\Views\\user\\form.php', 21)
 2 SYSTEMPATH\View\View.php(228): include('C:\\xampp81\\htdocs\\ci4\\app\\Views\\user\\form.php')
 3 SYSTEMPATH\View\View.php(231): CodeIgniter\View\View->CodeIgniter\View\{closure}()
 4 SYSTEMPATH\Common.php(1190): CodeIgniter\View\View->render('user/form', [], true)
 5 APPPATH\Controllers\User.php(46): view('user/form', [...])
 6 SYSTEMPATH\CodeIgniter.php(942): App\Controllers\User->getAdd()
 7 SYSTEMPATH\CodeIgniter.php(502): CodeIgniter\CodeIgniter->runController(Object(App\Controllers\User))
 8 SYSTEMPATH\CodeIgniter.php(361): CodeIgniter\CodeIgniter->handleRequest(null, Object(Config\Cache), false)
 9 FCPATH\index.php(79): CodeIgniter\CodeIgniter->run()
10 SYSTEMPATH\Commands\Server\rewrite.php(47): require_once('C:\\xampp81\\htdocs\\ci4\\public\\index.php')
CRITICAL - 2023-10-25 07:05:21 --> Undefined property: stdClass::$Username
in APPPATH\Views\user\form.php on line 21.
 1 APPPATH\Views\user\form.php(21): CodeIgniter\Debug\Exceptions->errorHandler(2, 'Undefined property: stdClass::$Username', 'C:\\xampp81\\htdocs\\ci4\\app\\Views\\user\\form.php', 21)
 2 SYSTEMPATH\View\View.php(228): include('C:\\xampp81\\htdocs\\ci4\\app\\Views\\user\\form.php')
 3 SYSTEMPATH\View\View.php(231): CodeIgniter\View\View->CodeIgniter\View\{closure}()
 4 SYSTEMPATH\Common.php(1190): CodeIgniter\View\View->render('user/form', [], true)
 5 APPPATH\Controllers\User.php(46): view('user/form', [...])
 6 SYSTEMPATH\CodeIgniter.php(942): App\Controllers\User->getAdd()
 7 SYSTEMPATH\CodeIgniter.php(502): CodeIgniter\CodeIgniter->runController(Object(App\Controllers\User))
 8 SYSTEMPATH\CodeIgniter.php(361): CodeIgniter\CodeIgniter->handleRequest(null, Object(Config\Cache), false)
 9 FCPATH\index.php(79): CodeIgniter\CodeIgniter->run()
10 SYSTEMPATH\Commands\Server\rewrite.php(47): require_once('C:\\xampp81\\htdocs\\ci4\\public\\index.php')
