CRITICAL - 2023-10-31 07:38:23 --> Call to a member function redirect() on null
in APPPATH\Controllers\dashboard.php on line 21.
 1 SYSTEMPATH\CodeIgniter.php(914): App\Controllers\Dashboard->__construct()
 2 SYSTEMPATH\CodeIgniter.php(493): CodeIgniter\CodeIgniter->createController()
 3 SYSTEMPATH\CodeIgniter.php(361): CodeIgniter\CodeIgniter->handleRequest(null, Object(Config\Cache), false)
 4 FCPATH\index.php(79): CodeIgniter\CodeIgniter->run()
 5 SYSTEMPATH\Commands\Server\rewrite.php(47): require_once('C:\\xampp81\\htdocs\\ci4\\public\\index.php')
CRITICAL - 2023-10-31 07:39:15 --> Call to a member function redirect() on null
in APPPATH\Controllers\dashboard.php on line 21.
 1 SYSTEMPATH\CodeIgniter.php(914): App\Controllers\Dashboard->__construct()
 2 SYSTEMPATH\CodeIgniter.php(493): CodeIgniter\CodeIgniter->createController()
 3 SYSTEMPATH\CodeIgniter.php(361): CodeIgniter\CodeIgniter->handleRequest(null, Object(Config\Cache), false)
 4 FCPATH\index.php(79): CodeIgniter\CodeIgniter->run()
 5 SYSTEMPATH\Commands\Server\rewrite.php(47): require_once('C:\\xampp81\\htdocs\\ci4\\public\\index.php')
CRITICAL - 2023-10-31 07:39:28 --> Call to a member function redirect() on null
in APPPATH\Controllers\dashboard.php on line 21.
 1 SYSTEMPATH\CodeIgniter.php(914): App\Controllers\Dashboard->__construct()
 2 SYSTEMPATH\CodeIgniter.php(493): CodeIgniter\CodeIgniter->createController()
 3 SYSTEMPATH\CodeIgniter.php(361): CodeIgniter\CodeIgniter->handleRequest(null, Object(Config\Cache), false)
 4 FCPATH\index.php(79): CodeIgniter\CodeIgniter->run()
 5 SYSTEMPATH\Commands\Server\rewrite.php(47): require_once('C:\\xampp81\\htdocs\\ci4\\public\\index.php')
CRITICAL - 2023-10-31 07:39:44 --> Call to a member function redirect() on null
in APPPATH\Controllers\dashboard.php on line 21.
 1 SYSTEMPATH\CodeIgniter.php(914): App\Controllers\Dashboard->__construct()
 2 SYSTEMPATH\CodeIgniter.php(493): CodeIgniter\CodeIgniter->createController()
 3 SYSTEMPATH\CodeIgniter.php(361): CodeIgniter\CodeIgniter->handleRequest(null, Object(Config\Cache), false)
 4 FCPATH\index.php(79): CodeIgniter\CodeIgniter->run()
 5 SYSTEMPATH\Commands\Server\rewrite.php(47): require_once('C:\\xampp81\\htdocs\\ci4\\public\\index.php')
CRITICAL - 2023-10-31 08:04:54 --> Call to a member function redirect() on null
in APPPATH\Controllers\dashboard.php on line 22.
 1 SYSTEMPATH\CodeIgniter.php(914): App\Controllers\Dashboard->__construct()
 2 SYSTEMPATH\CodeIgniter.php(493): CodeIgniter\CodeIgniter->createController()
 3 SYSTEMPATH\CodeIgniter.php(361): CodeIgniter\CodeIgniter->handleRequest(null, Object(Config\Cache), false)
 4 FCPATH\index.php(79): CodeIgniter\CodeIgniter->run()
 5 SYSTEMPATH\Commands\Server\rewrite.php(47): require_once('C:\\xampp81\\htdocs\\ci4\\public\\index.php')
CRITICAL - 2023-10-31 08:13:10 --> Call to a member function redirect() on null
in APPPATH\Controllers\dashboard.php on line 22.
 1 SYSTEMPATH\CodeIgniter.php(914): App\Controllers\Dashboard->__construct()
 2 SYSTEMPATH\CodeIgniter.php(493): CodeIgniter\CodeIgniter->createController()
 3 SYSTEMPATH\CodeIgniter.php(361): CodeIgniter\CodeIgniter->handleRequest(null, Object(Config\Cache), false)
 4 FCPATH\index.php(79): CodeIgniter\CodeIgniter->run()
 5 SYSTEMPATH\Commands\Server\rewrite.php(47): require_once('C:\\xampp81\\htdocs\\ci4\\public\\index.php')
CRITICAL - 2023-10-31 08:19:42 --> The route for "users" cannot be found.
in SYSTEMPATH\HTTP\RedirectResponse.php on line 62.
 1 SYSTEMPATH\HTTP\RedirectResponse.php(62): CodeIgniter\HTTP\Exceptions\HTTPException::forInvalidRedirectRoute('users')
 2 APPPATH\Controllers\dashboard.php(22): CodeIgniter\HTTP\RedirectResponse->route(false)
 3 SYSTEMPATH\CodeIgniter.php(914): App\Controllers\Dashboard->__construct()
 4 SYSTEMPATH\CodeIgniter.php(493): CodeIgniter\CodeIgniter->createController()
 5 SYSTEMPATH\CodeIgniter.php(361): CodeIgniter\CodeIgniter->handleRequest(null, Object(Config\Cache), false)
 6 FCPATH\index.php(79): CodeIgniter\CodeIgniter->run()
 7 SYSTEMPATH\Commands\Server\rewrite.php(47): require_once('C:\\xampp81\\htdocs\\ci4\\public\\index.php')
CRITICAL - 2023-10-31 08:24:34 --> Call to a member function redirect() on null
in APPPATH\Controllers\dashboard.php on line 22.
 1 SYSTEMPATH\CodeIgniter.php(914): App\Controllers\Dashboard->__construct()
 2 SYSTEMPATH\CodeIgniter.php(493): CodeIgniter\CodeIgniter->createController()
 3 SYSTEMPATH\CodeIgniter.php(361): CodeIgniter\CodeIgniter->handleRequest(null, Object(Config\Cache), false)
 4 FCPATH\index.php(79): CodeIgniter\CodeIgniter->run()
 5 SYSTEMPATH\Commands\Server\rewrite.php(47): require_once('C:\\xampp81\\htdocs\\ci4\\public\\index.php')
