ERROR - 2023-10-24 03:55:49 --> mysqli_sql_exception: Duplicate entry '0' for key 'PRIMARY' in C:\xampp81\htdocs\ci4\system\Database\MySQLi\Connection.php:306
Stack trace:
#0 C:\xampp81\htdocs\ci4\system\Database\MySQLi\Connection.php(306): mysqli->query('INSERT INTO `gr...', 0)
#1 C:\xampp81\htdocs\ci4\system\Database\BaseConnection.php(693): CodeIgniter\Database\MySQLi\Connection->execute('INSERT INTO `gr...')
#2 C:\xampp81\htdocs\ci4\system\Database\BaseConnection.php(607): CodeIgniter\Database\BaseConnection->simpleQuery('INSERT INTO `gr...')
#3 C:\xampp81\htdocs\ci4\system\Database\BaseBuilder.php(2308): CodeIgniter\Database\BaseConnection->query('INSERT INTO `gr...', Array, false)
#4 C:\xampp81\htdocs\ci4\system\Model.php(319): CodeIgniter\Database\BaseBuilder->insert()
#5 C:\xampp81\htdocs\ci4\system\BaseModel.php(788): CodeIgniter\Model->doInsert(Array)
#6 C:\xampp81\htdocs\ci4\system\Model.php(715): CodeIgniter\BaseModel->insert(Array, true)
#7 C:\xampp81\htdocs\ci4\app\Controllers\Group.php(96): CodeIgniter\Model->insert(Array)
#8 C:\xampp81\htdocs\ci4\system\CodeIgniter.php(942): App\Controllers\Group->postAdd()
#9 C:\xampp81\htdocs\ci4\system\CodeIgniter.php(502): CodeIgniter\CodeIgniter->runController(Object(App\Controllers\Group))
#10 C:\xampp81\htdocs\ci4\system\CodeIgniter.php(361): CodeIgniter\CodeIgniter->handleRequest(NULL, Object(Config\Cache), false)
#11 C:\xampp81\htdocs\ci4\public\index.php(79): CodeIgniter\CodeIgniter->run()
#12 C:\xampp81\htdocs\ci4\system\Commands\Server\rewrite.php(47): require_once('C:\\xampp81\\htdo...')
#13 {main}
CRITICAL - 2023-10-24 03:55:49 --> Duplicate entry '0' for key 'PRIMARY'
in SYSTEMPATH\Database\BaseConnection.php on line 647.
 1 SYSTEMPATH\Database\BaseBuilder.php(2308): CodeIgniter\Database\BaseConnection->query('INSERT INTO `group` (`group`) VALUES (:group:)', [...], false)
 2 SYSTEMPATH\Model.php(319): CodeIgniter\Database\BaseBuilder->insert()
 3 SYSTEMPATH\BaseModel.php(788): CodeIgniter\Model->doInsert([...])
 4 SYSTEMPATH\Model.php(715): CodeIgniter\BaseModel->insert([...], true)
 5 APPPATH\Controllers\Group.php(96): CodeIgniter\Model->insert([...])
 6 SYSTEMPATH\CodeIgniter.php(942): App\Controllers\Group->postAdd()
 7 SYSTEMPATH\CodeIgniter.php(502): CodeIgniter\CodeIgniter->runController(Object(App\Controllers\Group))
 8 SYSTEMPATH\CodeIgniter.php(361): CodeIgniter\CodeIgniter->handleRequest(null, Object(Config\Cache), false)
 9 FCPATH\index.php(79): CodeIgniter\CodeIgniter->run()
10 SYSTEMPATH\Commands\Server\rewrite.php(47): require_once('C:\\xampp81\\htdocs\\ci4\\public\\index.php')
ERROR - 2023-10-24 03:57:26 --> mysqli_sql_exception: Duplicate entry '0' for key 'PRIMARY' in C:\xampp81\htdocs\ci4\system\Database\MySQLi\Connection.php:306
Stack trace:
#0 C:\xampp81\htdocs\ci4\system\Database\MySQLi\Connection.php(306): mysqli->query('INSERT INTO `gr...', 0)
#1 C:\xampp81\htdocs\ci4\system\Database\BaseConnection.php(693): CodeIgniter\Database\MySQLi\Connection->execute('INSERT INTO `gr...')
#2 C:\xampp81\htdocs\ci4\system\Database\BaseConnection.php(607): CodeIgniter\Database\BaseConnection->simpleQuery('INSERT INTO `gr...')
#3 C:\xampp81\htdocs\ci4\system\Database\BaseBuilder.php(2308): CodeIgniter\Database\BaseConnection->query('INSERT INTO `gr...', Array, false)
#4 C:\xampp81\htdocs\ci4\system\Model.php(319): CodeIgniter\Database\BaseBuilder->insert()
#5 C:\xampp81\htdocs\ci4\system\BaseModel.php(788): CodeIgniter\Model->doInsert(Array)
#6 C:\xampp81\htdocs\ci4\system\Model.php(715): CodeIgniter\BaseModel->insert(Array, true)
#7 C:\xampp81\htdocs\ci4\app\Controllers\Group.php(96): CodeIgniter\Model->insert(Array)
#8 C:\xampp81\htdocs\ci4\system\CodeIgniter.php(942): App\Controllers\Group->postadd()
#9 C:\xampp81\htdocs\ci4\system\CodeIgniter.php(502): CodeIgniter\CodeIgniter->runController(Object(App\Controllers\Group))
#10 C:\xampp81\htdocs\ci4\system\CodeIgniter.php(361): CodeIgniter\CodeIgniter->handleRequest(NULL, Object(Config\Cache), false)
#11 C:\xampp81\htdocs\ci4\public\index.php(79): CodeIgniter\CodeIgniter->run()
#12 C:\xampp81\htdocs\ci4\system\Commands\Server\rewrite.php(47): require_once('C:\\xampp81\\htdo...')
#13 {main}
CRITICAL - 2023-10-24 03:57:26 --> Duplicate entry '0' for key 'PRIMARY'
in SYSTEMPATH\Database\BaseConnection.php on line 647.
 1 SYSTEMPATH\Database\BaseBuilder.php(2308): CodeIgniter\Database\BaseConnection->query('INSERT INTO `group` (`group`) VALUES (:group:)', [...], false)
 2 SYSTEMPATH\Model.php(319): CodeIgniter\Database\BaseBuilder->insert()
 3 SYSTEMPATH\BaseModel.php(788): CodeIgniter\Model->doInsert([...])
 4 SYSTEMPATH\Model.php(715): CodeIgniter\BaseModel->insert([...], true)
 5 APPPATH\Controllers\Group.php(96): CodeIgniter\Model->insert([...])
 6 SYSTEMPATH\CodeIgniter.php(942): App\Controllers\Group->postadd()
 7 SYSTEMPATH\CodeIgniter.php(502): CodeIgniter\CodeIgniter->runController(Object(App\Controllers\Group))
 8 SYSTEMPATH\CodeIgniter.php(361): CodeIgniter\CodeIgniter->handleRequest(null, Object(Config\Cache), false)
 9 FCPATH\index.php(79): CodeIgniter\CodeIgniter->run()
10 SYSTEMPATH\Commands\Server\rewrite.php(47): require_once('C:\\xampp81\\htdocs\\ci4\\public\\index.php')
ERROR - 2023-10-24 03:57:32 --> mysqli_sql_exception: Duplicate entry '0' for key 'PRIMARY' in C:\xampp81\htdocs\ci4\system\Database\MySQLi\Connection.php:306
Stack trace:
#0 C:\xampp81\htdocs\ci4\system\Database\MySQLi\Connection.php(306): mysqli->query('INSERT INTO `gr...', 0)
#1 C:\xampp81\htdocs\ci4\system\Database\BaseConnection.php(693): CodeIgniter\Database\MySQLi\Connection->execute('INSERT INTO `gr...')
#2 C:\xampp81\htdocs\ci4\system\Database\BaseConnection.php(607): CodeIgniter\Database\BaseConnection->simpleQuery('INSERT INTO `gr...')
#3 C:\xampp81\htdocs\ci4\system\Database\BaseBuilder.php(2308): CodeIgniter\Database\BaseConnection->query('INSERT INTO `gr...', Array, false)
#4 C:\xampp81\htdocs\ci4\system\Model.php(319): CodeIgniter\Database\BaseBuilder->insert()
#5 C:\xampp81\htdocs\ci4\system\BaseModel.php(788): CodeIgniter\Model->doInsert(Array)
#6 C:\xampp81\htdocs\ci4\system\Model.php(715): CodeIgniter\BaseModel->insert(Array, true)
#7 C:\xampp81\htdocs\ci4\app\Controllers\Group.php(96): CodeIgniter\Model->insert(Array)
#8 C:\xampp81\htdocs\ci4\system\CodeIgniter.php(942): App\Controllers\Group->postadd()
#9 C:\xampp81\htdocs\ci4\system\CodeIgniter.php(502): CodeIgniter\CodeIgniter->runController(Object(App\Controllers\Group))
#10 C:\xampp81\htdocs\ci4\system\CodeIgniter.php(361): CodeIgniter\CodeIgniter->handleRequest(NULL, Object(Config\Cache), false)
#11 C:\xampp81\htdocs\ci4\public\index.php(79): CodeIgniter\CodeIgniter->run()
#12 C:\xampp81\htdocs\ci4\system\Commands\Server\rewrite.php(47): require_once('C:\\xampp81\\htdo...')
#13 {main}
CRITICAL - 2023-10-24 03:57:32 --> Duplicate entry '0' for key 'PRIMARY'
in SYSTEMPATH\Database\BaseConnection.php on line 647.
 1 SYSTEMPATH\Database\BaseBuilder.php(2308): CodeIgniter\Database\BaseConnection->query('INSERT INTO `group` (`group`) VALUES (:group:)', [...], false)
 2 SYSTEMPATH\Model.php(319): CodeIgniter\Database\BaseBuilder->insert()
 3 SYSTEMPATH\BaseModel.php(788): CodeIgniter\Model->doInsert([...])
 4 SYSTEMPATH\Model.php(715): CodeIgniter\BaseModel->insert([...], true)
 5 APPPATH\Controllers\Group.php(96): CodeIgniter\Model->insert([...])
 6 SYSTEMPATH\CodeIgniter.php(942): App\Controllers\Group->postadd()
 7 SYSTEMPATH\CodeIgniter.php(502): CodeIgniter\CodeIgniter->runController(Object(App\Controllers\Group))
 8 SYSTEMPATH\CodeIgniter.php(361): CodeIgniter\CodeIgniter->handleRequest(null, Object(Config\Cache), false)
 9 FCPATH\index.php(79): CodeIgniter\CodeIgniter->run()
10 SYSTEMPATH\Commands\Server\rewrite.php(47): require_once('C:\\xampp81\\htdocs\\ci4\\public\\index.php')
ERROR - 2023-10-24 07:26:22 --> mysqli_sql_exception: You have an error in your SQL syntax; check the manual that corresponds to your MariaDB server version for the right syntax to use near 'group' at line 1 in C:\xampp81\htdocs\ci4\system\Database\MySQLi\Connection.php:306
Stack trace:
#0 C:\xampp81\htdocs\ci4\system\Database\MySQLi\Connection.php(306): mysqli->query('SHOW COLUMNS FR...', 0)
#1 C:\xampp81\htdocs\ci4\system\Database\BaseConnection.php(693): CodeIgniter\Database\MySQLi\Connection->execute('SHOW COLUMNS FR...')
#2 C:\xampp81\htdocs\ci4\system\Database\BaseConnection.php(607): CodeIgniter\Database\BaseConnection->simpleQuery('SHOW COLUMNS FR...')
#3 C:\xampp81\htdocs\ci4\app\Models\GroupModel.php(26): CodeIgniter\Database\BaseConnection->query('SHOW COLUMNS FR...')
#4 C:\xampp81\htdocs\ci4\app\Controllers\Group.php(41): App\Models\GroupModel->getColumnTable()
#5 C:\xampp81\htdocs\ci4\system\CodeIgniter.php(942): App\Controllers\Group->getAdd()
#6 C:\xampp81\htdocs\ci4\system\CodeIgniter.php(502): CodeIgniter\CodeIgniter->runController(Object(App\Controllers\Group))
#7 C:\xampp81\htdocs\ci4\system\CodeIgniter.php(361): CodeIgniter\CodeIgniter->handleRequest(NULL, Object(Config\Cache), false)
#8 C:\xampp81\htdocs\ci4\public\index.php(79): CodeIgniter\CodeIgniter->run()
#9 C:\xampp81\htdocs\ci4\system\Commands\Server\rewrite.php(47): require_once('C:\\xampp81\\htdo...')
#10 {main}
CRITICAL - 2023-10-24 07:26:22 --> You have an error in your SQL syntax; check the manual that corresponds to your MariaDB server version for the right syntax to use near 'group' at line 1
in SYSTEMPATH\Database\BaseConnection.php on line 647.
 1 APPPATH\Models\GroupModel.php(26): CodeIgniter\Database\BaseConnection->query('SHOW COLUMNS FROM group')
 2 APPPATH\Controllers\Group.php(41): App\Models\GroupModel->getColumnTable()
 3 SYSTEMPATH\CodeIgniter.php(942): App\Controllers\Group->getAdd()
 4 SYSTEMPATH\CodeIgniter.php(502): CodeIgniter\CodeIgniter->runController(Object(App\Controllers\Group))
 5 SYSTEMPATH\CodeIgniter.php(361): CodeIgniter\CodeIgniter->handleRequest(null, Object(Config\Cache), false)
 6 FCPATH\index.php(79): CodeIgniter\CodeIgniter->run()
 7 SYSTEMPATH\Commands\Server\rewrite.php(47): require_once('C:\\xampp81\\htdocs\\ci4\\public\\index.php')
CRITICAL - 2023-10-24 09:22:57 --> There is no data to update.
in SYSTEMPATH\BaseModel.php on line 1726.
 1 SYSTEMPATH\BaseModel.php(1726): CodeIgniter\Database\Exceptions\DataException::forEmptyDataset('update')
 2 SYSTEMPATH\BaseModel.php(916): CodeIgniter\BaseModel->transformDataToArray(null, 'update')
 3 SYSTEMPATH\Model.php(776): CodeIgniter\BaseModel->update([...], null)
 4 APPPATH\Controllers\Group.php(95): CodeIgniter\Model->update([...])
 5 SYSTEMPATH\CodeIgniter.php(942): App\Controllers\Group->postSave()
 6 SYSTEMPATH\CodeIgniter.php(502): CodeIgniter\CodeIgniter->runController(Object(App\Controllers\Group))
 7 SYSTEMPATH\CodeIgniter.php(361): CodeIgniter\CodeIgniter->handleRequest(null, Object(Config\Cache), false)
 8 FCPATH\index.php(79): CodeIgniter\CodeIgniter->run()
 9 SYSTEMPATH\Commands\Server\rewrite.php(47): require_once('C:\\xampp81\\htdocs\\ci4\\public\\index.php')
CRITICAL - 2023-10-24 09:26:19 --> The route for "group/add/1" cannot be found.
in SYSTEMPATH\HTTP\RedirectResponse.php on line 62.
 1 SYSTEMPATH\HTTP\RedirectResponse.php(62): CodeIgniter\HTTP\Exceptions\HTTPException::forInvalidRedirectRoute('group/add/1')
 2 SYSTEMPATH\Common.php(878): CodeIgniter\HTTP\RedirectResponse->route(false)
 3 APPPATH\Controllers\Group.php(108): redirect('group/add/1', 301)
 4 SYSTEMPATH\CodeIgniter.php(942): App\Controllers\Group->postSave()
 5 SYSTEMPATH\CodeIgniter.php(502): CodeIgniter\CodeIgniter->runController(Object(App\Controllers\Group))
 6 SYSTEMPATH\CodeIgniter.php(361): CodeIgniter\CodeIgniter->handleRequest(null, Object(Config\Cache), false)
 7 FCPATH\index.php(79): CodeIgniter\CodeIgniter->run()
 8 SYSTEMPATH\Commands\Server\rewrite.php(47): require_once('C:\\xampp81\\htdocs\\ci4\\public\\index.php')
CRITICAL - 2023-10-24 09:28:58 --> The route for "group/add/1" cannot be found.
in SYSTEMPATH\HTTP\RedirectResponse.php on line 62.
 1 SYSTEMPATH\HTTP\RedirectResponse.php(62): CodeIgniter\HTTP\Exceptions\HTTPException::forInvalidRedirectRoute('group/add/1')
 2 APPPATH\Controllers\Group.php(108): CodeIgniter\HTTP\RedirectResponse->route(false)
 3 SYSTEMPATH\CodeIgniter.php(942): App\Controllers\Group->postSave()
 4 SYSTEMPATH\CodeIgniter.php(502): CodeIgniter\CodeIgniter->runController(Object(App\Controllers\Group))
 5 SYSTEMPATH\CodeIgniter.php(361): CodeIgniter\CodeIgniter->handleRequest(null, Object(Config\Cache), false)
 6 FCPATH\index.php(79): CodeIgniter\CodeIgniter->run()
 7 SYSTEMPATH\Commands\Server\rewrite.php(47): require_once('C:\\xampp81\\htdocs\\ci4\\public\\index.php')
CRITICAL - 2023-10-24 09:29:54 --> The route for "group/getAdd/1" cannot be found.
in SYSTEMPATH\HTTP\RedirectResponse.php on line 62.
 1 SYSTEMPATH\HTTP\RedirectResponse.php(62): CodeIgniter\HTTP\Exceptions\HTTPException::forInvalidRedirectRoute('group/getAdd/1')
 2 APPPATH\Controllers\Group.php(108): CodeIgniter\HTTP\RedirectResponse->route(false)
 3 SYSTEMPATH\CodeIgniter.php(942): App\Controllers\Group->postSave()
 4 SYSTEMPATH\CodeIgniter.php(502): CodeIgniter\CodeIgniter->runController(Object(App\Controllers\Group))
 5 SYSTEMPATH\CodeIgniter.php(361): CodeIgniter\CodeIgniter->handleRequest(null, Object(Config\Cache), false)
 6 FCPATH\index.php(79): CodeIgniter\CodeIgniter->run()
 7 SYSTEMPATH\Commands\Server\rewrite.php(47): require_once('C:\\xampp81\\htdocs\\ci4\\public\\index.php')
CRITICAL - 2023-10-24 09:31:14 --> The route for "group/add/1" cannot be found.
in SYSTEMPATH\HTTP\RedirectResponse.php on line 62.
 1 SYSTEMPATH\HTTP\RedirectResponse.php(62): CodeIgniter\HTTP\Exceptions\HTTPException::forInvalidRedirectRoute('group/add/1')
 2 APPPATH\Controllers\Group.php(108): CodeIgniter\HTTP\RedirectResponse->route(false)
 3 SYSTEMPATH\CodeIgniter.php(942): App\Controllers\Group->postSave()
 4 SYSTEMPATH\CodeIgniter.php(502): CodeIgniter\CodeIgniter->runController(Object(App\Controllers\Group))
 5 SYSTEMPATH\CodeIgniter.php(361): CodeIgniter\CodeIgniter->handleRequest(null, Object(Config\Cache), false)
 6 FCPATH\index.php(79): CodeIgniter\CodeIgniter->run()
 7 SYSTEMPATH\Commands\Server\rewrite.php(47): require_once('C:\\xampp81\\htdocs\\ci4\\public\\index.php')
CRITICAL - 2023-10-24 09:54:24 --> The route for "http://localhost:8080/index.php/group" cannot be found.
in SYSTEMPATH\HTTP\RedirectResponse.php on line 62.
 1 SYSTEMPATH\HTTP\RedirectResponse.php(62): CodeIgniter\HTTP\Exceptions\HTTPException::forInvalidRedirectRoute('http://localhost:8080/index.php/group')
 2 APPPATH\Controllers\Group.php(108): CodeIgniter\HTTP\RedirectResponse->route(false)
 3 SYSTEMPATH\CodeIgniter.php(942): App\Controllers\Group->postSave()
 4 SYSTEMPATH\CodeIgniter.php(502): CodeIgniter\CodeIgniter->runController(Object(App\Controllers\Group))
 5 SYSTEMPATH\CodeIgniter.php(361): CodeIgniter\CodeIgniter->handleRequest(null, Object(Config\Cache), false)
 6 FCPATH\index.php(79): CodeIgniter\CodeIgniter->run()
 7 SYSTEMPATH\Commands\Server\rewrite.php(47): require_once('C:\\xampp81\\htdocs\\ci4\\public\\index.php')
ERROR - 2023-10-24 09:59:43 --> mysqli_sql_exception: You have an error in your SQL syntax; check the manual that corresponds to your MariaDB server version for the right syntax to use near 'group' at line 1 in C:\xampp81\htdocs\ci4\system\Database\MySQLi\Connection.php:306
Stack trace:
#0 C:\xampp81\htdocs\ci4\system\Database\MySQLi\Connection.php(306): mysqli->query('SHOW COLUMNS FR...', 0)
#1 C:\xampp81\htdocs\ci4\system\Database\BaseConnection.php(693): CodeIgniter\Database\MySQLi\Connection->execute('SHOW COLUMNS FR...')
#2 C:\xampp81\htdocs\ci4\system\Database\BaseConnection.php(607): CodeIgniter\Database\BaseConnection->simpleQuery('SHOW COLUMNS FR...')
#3 C:\xampp81\htdocs\ci4\app\Models\GroupModel.php(26): CodeIgniter\Database\BaseConnection->query('SHOW COLUMNS FR...')
#4 C:\xampp81\htdocs\ci4\app\Controllers\Group.php(41): App\Models\GroupModel->getColumnTable()
#5 C:\xampp81\htdocs\ci4\system\CodeIgniter.php(942): App\Controllers\Group->getAdd()
#6 C:\xampp81\htdocs\ci4\system\CodeIgniter.php(502): CodeIgniter\CodeIgniter->runController(Object(App\Controllers\Group))
#7 C:\xampp81\htdocs\ci4\system\CodeIgniter.php(361): CodeIgniter\CodeIgniter->handleRequest(NULL, Object(Config\Cache), false)
#8 C:\xampp81\htdocs\ci4\public\index.php(79): CodeIgniter\CodeIgniter->run()
#9 C:\xampp81\htdocs\ci4\system\Commands\Server\rewrite.php(47): require_once('C:\\xampp81\\htdo...')
#10 {main}
CRITICAL - 2023-10-24 09:59:43 --> You have an error in your SQL syntax; check the manual that corresponds to your MariaDB server version for the right syntax to use near 'group' at line 1
in SYSTEMPATH\Database\BaseConnection.php on line 647.
 1 APPPATH\Models\GroupModel.php(26): CodeIgniter\Database\BaseConnection->query('SHOW COLUMNS FROM group')
 2 APPPATH\Controllers\Group.php(41): App\Models\GroupModel->getColumnTable()
 3 SYSTEMPATH\CodeIgniter.php(942): App\Controllers\Group->getAdd()
 4 SYSTEMPATH\CodeIgniter.php(502): CodeIgniter\CodeIgniter->runController(Object(App\Controllers\Group))
 5 SYSTEMPATH\CodeIgniter.php(361): CodeIgniter\CodeIgniter->handleRequest(null, Object(Config\Cache), false)
 6 FCPATH\index.php(79): CodeIgniter\CodeIgniter->run()
 7 SYSTEMPATH\Commands\Server\rewrite.php(47): require_once('C:\\xampp81\\htdocs\\ci4\\public\\index.php')
ERROR - 2023-10-24 10:00:19 --> mysqli_sql_exception: You have an error in your SQL syntax; check the manual that corresponds to your MariaDB server version for the right syntax to use near 'group' at line 1 in C:\xampp81\htdocs\ci4\system\Database\MySQLi\Connection.php:306
Stack trace:
#0 C:\xampp81\htdocs\ci4\system\Database\MySQLi\Connection.php(306): mysqli->query('SHOW COLUMNS FR...', 0)
#1 C:\xampp81\htdocs\ci4\system\Database\BaseConnection.php(693): CodeIgniter\Database\MySQLi\Connection->execute('SHOW COLUMNS FR...')
#2 C:\xampp81\htdocs\ci4\system\Database\BaseConnection.php(607): CodeIgniter\Database\BaseConnection->simpleQuery('SHOW COLUMNS FR...')
#3 C:\xampp81\htdocs\ci4\app\Models\GroupModel.php(26): CodeIgniter\Database\BaseConnection->query('SHOW COLUMNS FR...')
#4 C:\xampp81\htdocs\ci4\app\Controllers\Group.php(41): App\Models\GroupModel->getColumnTable()
#5 C:\xampp81\htdocs\ci4\system\CodeIgniter.php(942): App\Controllers\Group->getAdd()
#6 C:\xampp81\htdocs\ci4\system\CodeIgniter.php(502): CodeIgniter\CodeIgniter->runController(Object(App\Controllers\Group))
#7 C:\xampp81\htdocs\ci4\system\CodeIgniter.php(361): CodeIgniter\CodeIgniter->handleRequest(NULL, Object(Config\Cache), false)
#8 C:\xampp81\htdocs\ci4\public\index.php(79): CodeIgniter\CodeIgniter->run()
#9 C:\xampp81\htdocs\ci4\system\Commands\Server\rewrite.php(47): require_once('C:\\xampp81\\htdo...')
#10 {main}
CRITICAL - 2023-10-24 10:00:19 --> You have an error in your SQL syntax; check the manual that corresponds to your MariaDB server version for the right syntax to use near 'group' at line 1
in SYSTEMPATH\Database\BaseConnection.php on line 647.
 1 APPPATH\Models\GroupModel.php(26): CodeIgniter\Database\BaseConnection->query('SHOW COLUMNS FROM group')
 2 APPPATH\Controllers\Group.php(41): App\Models\GroupModel->getColumnTable()
 3 SYSTEMPATH\CodeIgniter.php(942): App\Controllers\Group->getAdd()
 4 SYSTEMPATH\CodeIgniter.php(502): CodeIgniter\CodeIgniter->runController(Object(App\Controllers\Group))
 5 SYSTEMPATH\CodeIgniter.php(361): CodeIgniter\CodeIgniter->handleRequest(null, Object(Config\Cache), false)
 6 FCPATH\index.php(79): CodeIgniter\CodeIgniter->run()
 7 SYSTEMPATH\Commands\Server\rewrite.php(47): require_once('C:\\xampp81\\htdocs\\ci4\\public\\index.php')
CRITICAL - 2023-10-24 10:03:02 --> Attempt to read property "id" on array
in APPPATH\Views\group\form.php on line 17.
 1 APPPATH\Views\group\form.php(17): CodeIgniter\Debug\Exceptions->errorHandler(2, 'Attempt to read property "id" on array', 'C:\\xampp81\\htdocs\\ci4\\app\\Views\\group\\form.php', 17)
 2 SYSTEMPATH\View\View.php(228): include('C:\\xampp81\\htdocs\\ci4\\app\\Views\\group\\form.php')
 3 SYSTEMPATH\View\View.php(231): CodeIgniter\View\View->CodeIgniter\View\{closure}()
 4 SYSTEMPATH\Common.php(1190): CodeIgniter\View\View->render('group/form', [], true)
 5 APPPATH\Controllers\Group.php(44): view('group/form', [...])
 6 SYSTEMPATH\CodeIgniter.php(942): App\Controllers\Group->getAdd()
 7 SYSTEMPATH\CodeIgniter.php(502): CodeIgniter\CodeIgniter->runController(Object(App\Controllers\Group))
 8 SYSTEMPATH\CodeIgniter.php(361): CodeIgniter\CodeIgniter->handleRequest(null, Object(Config\Cache), false)
 9 FCPATH\index.php(79): CodeIgniter\CodeIgniter->run()
10 SYSTEMPATH\Commands\Server\rewrite.php(47): require_once('C:\\xampp81\\htdocs\\ci4\\public\\index.php')
CRITICAL - 2023-10-24 10:04:26 --> Attempt to read property "id" on array
in APPPATH\Views\group\form.php on line 17.
 1 APPPATH\Views\group\form.php(17): CodeIgniter\Debug\Exceptions->errorHandler(2, 'Attempt to read property "id" on array', 'C:\\xampp81\\htdocs\\ci4\\app\\Views\\group\\form.php', 17)
 2 SYSTEMPATH\View\View.php(228): include('C:\\xampp81\\htdocs\\ci4\\app\\Views\\group\\form.php')
 3 SYSTEMPATH\View\View.php(231): CodeIgniter\View\View->CodeIgniter\View\{closure}()
 4 SYSTEMPATH\Common.php(1190): CodeIgniter\View\View->render('group/form', [], true)
 5 APPPATH\Controllers\Group.php(44): view('group/form', [...])
 6 SYSTEMPATH\CodeIgniter.php(942): App\Controllers\Group->getAdd()
 7 SYSTEMPATH\CodeIgniter.php(502): CodeIgniter\CodeIgniter->runController(Object(App\Controllers\Group))
 8 SYSTEMPATH\CodeIgniter.php(361): CodeIgniter\CodeIgniter->handleRequest(null, Object(Config\Cache), false)
 9 FCPATH\index.php(79): CodeIgniter\CodeIgniter->run()
10 SYSTEMPATH\Commands\Server\rewrite.php(47): require_once('C:\\xampp81\\htdocs\\ci4\\public\\index.php')
CRITICAL - 2023-10-24 10:06:34 --> Cannot use object of type stdClass as array
in APPPATH\Models\GroupModel.php on line 34.
 1 APPPATH\Controllers\Group.php(41): App\Models\GroupModel->getColumnTable()
 2 SYSTEMPATH\CodeIgniter.php(942): App\Controllers\Group->getAdd()
 3 SYSTEMPATH\CodeIgniter.php(502): CodeIgniter\CodeIgniter->runController(Object(App\Controllers\Group))
 4 SYSTEMPATH\CodeIgniter.php(361): CodeIgniter\CodeIgniter->handleRequest(null, Object(Config\Cache), false)
 5 FCPATH\index.php(79): CodeIgniter\CodeIgniter->run()
 6 SYSTEMPATH\Commands\Server\rewrite.php(47): require_once('C:\\xampp81\\htdocs\\ci4\\public\\index.php')
