CRITICAL - 2023-11-06 07:05:37 --> Undefined property: CodeIgniter\View\View::$session
in APPPATH\Views\layout\sidebar.php on line 17.
 1 APPPATH\Views\layout\sidebar.php(17): CodeIgniter\Debug\Exceptions->errorHandler(2, 'Undefined property: CodeIgniter\\View\\View::$session', 'C:\\xampp81\\htdocs\\ci4\\app\\Views\\layout\\sidebar.php', 17)
 2 SYSTEMPATH\View\View.php(228): include('C:\\xampp81\\htdocs\\ci4\\app\\Views\\layout\\sidebar.php')
 3 SYSTEMPATH\View\View.php(231): CodeIgniter\View\View->CodeIgniter\View\{closure}()
 4 SYSTEMPATH\View\View.php(469): CodeIgniter\View\View->render('layout/sidebar', null, true)
 5 APPPATH\Views\layout\master.php(19): CodeIgniter\View\View->include('layout/sidebar')
 6 SYSTEMPATH\View\View.php(228): include('C:\\xampp81\\htdocs\\ci4\\app\\Views\\layout\\master.php')
 7 SYSTEMPATH\View\View.php(231): CodeIgniter\View\View->CodeIgniter\View\{closure}()
 8 SYSTEMPATH\View\View.php(244): CodeIgniter\View\View->render('layout/master', [], true)
 9 SYSTEMPATH\Common.php(1190): CodeIgniter\View\View->render('dashboard/index', [], true)
10 APPPATH\Controllers\dashboard.php(33): view('dashboard/index', [...])
11 SYSTEMPATH\CodeIgniter.php(942): App\Controllers\Dashboard->getIndex()
12 SYSTEMPATH\CodeIgniter.php(502): CodeIgniter\CodeIgniter->runController(Object(App\Controllers\Dashboard))
13 SYSTEMPATH\CodeIgniter.php(361): CodeIgniter\CodeIgniter->handleRequest(null, Object(Config\Cache), false)
14 FCPATH\index.php(79): CodeIgniter\CodeIgniter->run()
15 SYSTEMPATH\Commands\Server\rewrite.php(47): require_once('C:\\xampp81\\htdocs\\ci4\\public\\index.php')
CRITICAL - 2023-11-06 08:29:36 --> Undefined variable $instansi
in APPPATH\Views\layout\sidebar.php on line 4.
 1 APPPATH\Views\layout\sidebar.php(4): CodeIgniter\Debug\Exceptions->errorHandler(2, 'Undefined variable $instansi', 'C:\\xampp81\\htdocs\\ci4\\app\\Views\\layout\\sidebar.php', 4)
 2 SYSTEMPATH\View\View.php(228): include('C:\\xampp81\\htdocs\\ci4\\app\\Views\\layout\\sidebar.php')
 3 SYSTEMPATH\View\View.php(231): CodeIgniter\View\View->CodeIgniter\View\{closure}()
 4 SYSTEMPATH\View\View.php(469): CodeIgniter\View\View->render('layout/sidebar', null, true)
 5 APPPATH\Views\layout\master.php(19): CodeIgniter\View\View->include('layout/sidebar')
 6 SYSTEMPATH\View\View.php(228): include('C:\\xampp81\\htdocs\\ci4\\app\\Views\\layout\\master.php')
 7 SYSTEMPATH\View\View.php(231): CodeIgniter\View\View->CodeIgniter\View\{closure}()
 8 SYSTEMPATH\View\View.php(244): CodeIgniter\View\View->render('layout/master', [], true)
 9 SYSTEMPATH\Common.php(1190): CodeIgniter\View\View->render('dashboard/index', [], true)
10 APPPATH\Controllers\dashboard.php(33): view('dashboard/index', [...])
11 SYSTEMPATH\CodeIgniter.php(942): App\Controllers\Dashboard->getIndex()
12 SYSTEMPATH\CodeIgniter.php(502): CodeIgniter\CodeIgniter->runController(Object(App\Controllers\Dashboard))
13 SYSTEMPATH\CodeIgniter.php(361): CodeIgniter\CodeIgniter->handleRequest(null, Object(Config\Cache), false)
14 FCPATH\index.php(79): CodeIgniter\CodeIgniter->run()
15 SYSTEMPATH\Commands\Server\rewrite.php(47): require_once('C:\\xampp81\\htdocs\\ci4\\public\\index.php')
CRITICAL - 2023-11-06 09:26:22 --> Undefined variable $instansi
in APPPATH\Views\layout\master.php on line 63.
 1 APPPATH\Views\layout\master.php(63): CodeIgniter\Debug\Exceptions->errorHandler(2, 'Undefined variable $instansi', 'C:\\xampp81\\htdocs\\ci4\\app\\Views\\layout\\master.php', 63)
 2 SYSTEMPATH\View\View.php(228): include('C:\\xampp81\\htdocs\\ci4\\app\\Views\\layout\\master.php')
 3 SYSTEMPATH\View\View.php(231): CodeIgniter\View\View->CodeIgniter\View\{closure}()
 4 SYSTEMPATH\View\View.php(244): CodeIgniter\View\View->render('layout/master', [], true)
 5 SYSTEMPATH\Common.php(1190): CodeIgniter\View\View->render('dashboard/index', [], true)
 6 APPPATH\Controllers\dashboard.php(33): view('dashboard/index', [...])
 7 SYSTEMPATH\CodeIgniter.php(942): App\Controllers\Dashboard->getIndex()
 8 SYSTEMPATH\CodeIgniter.php(502): CodeIgniter\CodeIgniter->runController(Object(App\Controllers\Dashboard))
 9 SYSTEMPATH\CodeIgniter.php(361): CodeIgniter\CodeIgniter->handleRequest(null, Object(Config\Cache), false)
10 FCPATH\index.php(79): CodeIgniter\CodeIgniter->run()
11 SYSTEMPATH\Commands\Server\rewrite.php(47): require_once('C:\\xampp81\\htdocs\\ci4\\public\\index.php')
