ERROR - 2023-12-04 06:15:50 --> Error connecting to the database: mysqli_sql_exception: No connection could be made because the target machine actively refused it in C:\xampp81\htdocs\tesprogrammer\system\Database\MySQLi\Connection.php:185
Stack trace:
#0 C:\xampp81\htdocs\tesprogrammer\system\Database\MySQLi\Connection.php(185): mysqli->real_connect('localhost', 'root', '', 'tesprogrammer', 3306, '', 0)
#1 C:\xampp81\htdocs\tesprogrammer\system\Database\BaseConnection.php(392): CodeIgniter\Database\MySQLi\Connection->connect(false)
#2 C:\xampp81\htdocs\tesprogrammer\system\Database\BaseConnection.php(575): CodeIgniter\Database\BaseConnection->initialize()
#3 C:\xampp81\htdocs\tesprogrammer\system\Database\BaseBuilder.php(1615): CodeIgniter\Database\BaseConnection->query('SELECT *\nFROM `...', Array, false)
#4 C:\xampp81\htdocs\tesprogrammer\app\Helpers\site_helper.php(38): CodeIgniter\Database\BaseBuilder->get()
#5 C:\xampp81\htdocs\tesprogrammer\app\Views\users\login.php(37): SiteHelper::instansi()
#6 C:\xampp81\htdocs\tesprogrammer\system\View\View.php(228): include('C:\\xampp81\\htdo...')
#7 C:\xampp81\htdocs\tesprogrammer\system\View\View.php(231): CodeIgniter\View\View->CodeIgniter\View\{closure}()
#8 C:\xampp81\htdocs\tesprogrammer\system\Common.php(1190): CodeIgniter\View\View->render('users/login', Array, true)
#9 C:\xampp81\htdocs\tesprogrammer\app\Controllers\Users.php(27): view('users/login', Array)
#10 C:\xampp81\htdocs\tesprogrammer\system\CodeIgniter.php(942): App\Controllers\Users->Index()
#11 C:\xampp81\htdocs\tesprogrammer\system\CodeIgniter.php(502): CodeIgniter\CodeIgniter->runController(Object(App\Controllers\Users))
#12 C:\xampp81\htdocs\tesprogrammer\system\CodeIgniter.php(361): CodeIgniter\CodeIgniter->handleRequest(NULL, Object(Config\Cache), false)
#13 C:\xampp81\htdocs\tesprogrammer\public\index.php(79): CodeIgniter\CodeIgniter->run()
#14 C:\xampp81\htdocs\tesprogrammer\system\Commands\Server\rewrite.php(47): require_once('C:\\xampp81\\htdo...')
#15 {main}

Next CodeIgniter\Database\Exceptions\DatabaseException: No connection could be made because the target machine actively refused it in C:\xampp81\htdocs\tesprogrammer\system\Database\MySQLi\Connection.php:229
Stack trace:
#0 C:\xampp81\htdocs\tesprogrammer\system\Database\BaseConnection.php(392): CodeIgniter\Database\MySQLi\Connection->connect(false)
#1 C:\xampp81\htdocs\tesprogrammer\system\Database\BaseConnection.php(575): CodeIgniter\Database\BaseConnection->initialize()
#2 C:\xampp81\htdocs\tesprogrammer\system\Database\BaseBuilder.php(1615): CodeIgniter\Database\BaseConnection->query('SELECT *\nFROM `...', Array, false)
#3 C:\xampp81\htdocs\tesprogrammer\app\Helpers\site_helper.php(38): CodeIgniter\Database\BaseBuilder->get()
#4 C:\xampp81\htdocs\tesprogrammer\app\Views\users\login.php(37): SiteHelper::instansi()
#5 C:\xampp81\htdocs\tesprogrammer\system\View\View.php(228): include('C:\\xampp81\\htdo...')
#6 C:\xampp81\htdocs\tesprogrammer\system\View\View.php(231): CodeIgniter\View\View->CodeIgniter\View\{closure}()
#7 C:\xampp81\htdocs\tesprogrammer\system\Common.php(1190): CodeIgniter\View\View->render('users/login', Array, true)
#8 C:\xampp81\htdocs\tesprogrammer\app\Controllers\Users.php(27): view('users/login', Array)
#9 C:\xampp81\htdocs\tesprogrammer\system\CodeIgniter.php(942): App\Controllers\Users->Index()
#10 C:\xampp81\htdocs\tesprogrammer\system\CodeIgniter.php(502): CodeIgniter\CodeIgniter->runController(Object(App\Controllers\Users))
#11 C:\xampp81\htdocs\tesprogrammer\system\CodeIgniter.php(361): CodeIgniter\CodeIgniter->handleRequest(NULL, Object(Config\Cache), false)
#12 C:\xampp81\htdocs\tesprogrammer\public\index.php(79): CodeIgniter\CodeIgniter->run()
#13 C:\xampp81\htdocs\tesprogrammer\system\Commands\Server\rewrite.php(47): require_once('C:\\xampp81\\htdo...')
#14 {main}
CRITICAL - 2023-12-04 06:15:50 --> Unable to connect to the database.
Main connection [MySQLi]: No connection could be made because the target machine actively refused it
in SYSTEMPATH\Database\BaseConnection.php on line 428.
 1 SYSTEMPATH\Database\BaseConnection.php(575): CodeIgniter\Database\BaseConnection->initialize()
 2 SYSTEMPATH\Database\BaseBuilder.php(1615): CodeIgniter\Database\BaseConnection->query('SELECT *
FROM `instansi`
WHERE `id` = :id:', [...], false)
 3 APPPATH\Helpers\site_helper.php(38): CodeIgniter\Database\BaseBuilder->get()
 4 APPPATH\Views\users\login.php(37): SiteHelper::instansi()
 5 SYSTEMPATH\View\View.php(228): include('C:\\xampp81\\htdocs\\tesprogrammer\\app\\Views\\users\\login.php')
 6 SYSTEMPATH\View\View.php(231): CodeIgniter\View\View->CodeIgniter\View\{closure}()
 7 SYSTEMPATH\Common.php(1190): CodeIgniter\View\View->render('users/login', [], true)
 8 APPPATH\Controllers\Users.php(27): view('users/login', [...])
 9 SYSTEMPATH\CodeIgniter.php(942): App\Controllers\Users->Index()
10 SYSTEMPATH\CodeIgniter.php(502): CodeIgniter\CodeIgniter->runController(Object(App\Controllers\Users))
11 SYSTEMPATH\CodeIgniter.php(361): CodeIgniter\CodeIgniter->handleRequest(null, Object(Config\Cache), false)
12 FCPATH\index.php(79): CodeIgniter\CodeIgniter->run()
13 SYSTEMPATH\Commands\Server\rewrite.php(47): require_once('C:\\xampp81\\htdocs\\tesprogrammer\\public\\index.php')
ERROR - 2023-12-04 06:22:39 --> mysqli_sql_exception: Unknown column 'id' in 'where clause' in C:\xampp81\htdocs\tesprogrammer\system\Database\MySQLi\Connection.php:306
Stack trace:
#0 C:\xampp81\htdocs\tesprogrammer\system\Database\MySQLi\Connection.php(306): mysqli->query('SELECT *\nFROM `...', 0)
#1 C:\xampp81\htdocs\tesprogrammer\system\Database\BaseConnection.php(693): CodeIgniter\Database\MySQLi\Connection->execute('SELECT *\nFROM `...')
#2 C:\xampp81\htdocs\tesprogrammer\system\Database\BaseConnection.php(607): CodeIgniter\Database\BaseConnection->simpleQuery('SELECT *\nFROM `...')
#3 C:\xampp81\htdocs\tesprogrammer\system\Database\BaseBuilder.php(1615): CodeIgniter\Database\BaseConnection->query('SELECT *\nFROM `...', Array, false)
#4 C:\xampp81\htdocs\tesprogrammer\system\Model.php(264): CodeIgniter\Database\BaseBuilder->get()
#5 C:\xampp81\htdocs\tesprogrammer\system\BaseModel.php(662): CodeIgniter\Model->doFirst()
#6 C:\xampp81\htdocs\tesprogrammer\app\Controllers\Produk.php(54): CodeIgniter\BaseModel->first()
#7 C:\xampp81\htdocs\tesprogrammer\system\CodeIgniter.php(942): App\Controllers\Produk->getAdd('31')
#8 C:\xampp81\htdocs\tesprogrammer\system\CodeIgniter.php(502): CodeIgniter\CodeIgniter->runController(Object(App\Controllers\Produk))
#9 C:\xampp81\htdocs\tesprogrammer\system\CodeIgniter.php(361): CodeIgniter\CodeIgniter->handleRequest(NULL, Object(Config\Cache), false)
#10 C:\xampp81\htdocs\tesprogrammer\public\index.php(79): CodeIgniter\CodeIgniter->run()
#11 C:\xampp81\htdocs\tesprogrammer\system\Commands\Server\rewrite.php(47): require_once('C:\\xampp81\\htdo...')
#12 {main}
CRITICAL - 2023-12-04 06:22:39 --> Unknown column 'id' in 'where clause'
in SYSTEMPATH\Database\BaseConnection.php on line 647.
 1 SYSTEMPATH\Database\BaseBuilder.php(1615): CodeIgniter\Database\BaseConnection->query('SELECT *
FROM `produk`
WHERE `id` = :id:
 LIMIT 1', [...], false)
 2 SYSTEMPATH\Model.php(264): CodeIgniter\Database\BaseBuilder->get()
 3 SYSTEMPATH\BaseModel.php(662): CodeIgniter\Model->doFirst()
 4 APPPATH\Controllers\Produk.php(54): CodeIgniter\BaseModel->first()
 5 SYSTEMPATH\CodeIgniter.php(942): App\Controllers\Produk->getAdd('31')
 6 SYSTEMPATH\CodeIgniter.php(502): CodeIgniter\CodeIgniter->runController(Object(App\Controllers\Produk))
 7 SYSTEMPATH\CodeIgniter.php(361): CodeIgniter\CodeIgniter->handleRequest(null, Object(Config\Cache), false)
 8 FCPATH\index.php(79): CodeIgniter\CodeIgniter->run()
 9 SYSTEMPATH\Commands\Server\rewrite.php(47): require_once('C:\\xampp81\\htdocs\\tesprogrammer\\public\\index.php')
ERROR - 2023-12-04 06:23:43 --> mysqli_sql_exception: Unknown column 'id' in 'where clause' in C:\xampp81\htdocs\tesprogrammer\system\Database\MySQLi\Connection.php:306
Stack trace:
#0 C:\xampp81\htdocs\tesprogrammer\system\Database\MySQLi\Connection.php(306): mysqli->query('SELECT *\nFROM `...', 0)
#1 C:\xampp81\htdocs\tesprogrammer\system\Database\BaseConnection.php(693): CodeIgniter\Database\MySQLi\Connection->execute('SELECT *\nFROM `...')
#2 C:\xampp81\htdocs\tesprogrammer\system\Database\BaseConnection.php(607): CodeIgniter\Database\BaseConnection->simpleQuery('SELECT *\nFROM `...')
#3 C:\xampp81\htdocs\tesprogrammer\system\Database\BaseBuilder.php(1615): CodeIgniter\Database\BaseConnection->query('SELECT *\nFROM `...', Array, false)
#4 C:\xampp81\htdocs\tesprogrammer\system\Model.php(264): CodeIgniter\Database\BaseBuilder->get()
#5 C:\xampp81\htdocs\tesprogrammer\system\BaseModel.php(662): CodeIgniter\Model->doFirst()
#6 C:\xampp81\htdocs\tesprogrammer\app\Controllers\Produk.php(54): CodeIgniter\BaseModel->first()
#7 C:\xampp81\htdocs\tesprogrammer\system\CodeIgniter.php(942): App\Controllers\Produk->getAdd('31')
#8 C:\xampp81\htdocs\tesprogrammer\system\CodeIgniter.php(502): CodeIgniter\CodeIgniter->runController(Object(App\Controllers\Produk))
#9 C:\xampp81\htdocs\tesprogrammer\system\CodeIgniter.php(361): CodeIgniter\CodeIgniter->handleRequest(NULL, Object(Config\Cache), false)
#10 C:\xampp81\htdocs\tesprogrammer\public\index.php(79): CodeIgniter\CodeIgniter->run()
#11 C:\xampp81\htdocs\tesprogrammer\system\Commands\Server\rewrite.php(47): require_once('C:\\xampp81\\htdo...')
#12 {main}
CRITICAL - 2023-12-04 06:23:43 --> Unknown column 'id' in 'where clause'
in SYSTEMPATH\Database\BaseConnection.php on line 647.
 1 SYSTEMPATH\Database\BaseBuilder.php(1615): CodeIgniter\Database\BaseConnection->query('SELECT *
FROM `produk`
WHERE `id` = :id:
 LIMIT 1', [...], false)
 2 SYSTEMPATH\Model.php(264): CodeIgniter\Database\BaseBuilder->get()
 3 SYSTEMPATH\BaseModel.php(662): CodeIgniter\Model->doFirst()
 4 APPPATH\Controllers\Produk.php(54): CodeIgniter\BaseModel->first()
 5 SYSTEMPATH\CodeIgniter.php(942): App\Controllers\Produk->getAdd('31')
 6 SYSTEMPATH\CodeIgniter.php(502): CodeIgniter\CodeIgniter->runController(Object(App\Controllers\Produk))
 7 SYSTEMPATH\CodeIgniter.php(361): CodeIgniter\CodeIgniter->handleRequest(null, Object(Config\Cache), false)
 8 FCPATH\index.php(79): CodeIgniter\CodeIgniter->run()
 9 SYSTEMPATH\Commands\Server\rewrite.php(47): require_once('C:\\xampp81\\htdocs\\tesprogrammer\\public\\index.php')
